2022-11-04T20:18:34.339Z [info] : 	Code: F100 login Function Called
2022-11-04T20:21:16.903Z [info] : 	Code: F100 login Function Called
2022-11-04T20:21:23.333Z [info] : 	Code: F100  getAllBurgers  Function Called
2022-11-04T20:21:23.377Z [info] : 	Code: HTTP200,  getAllBurgers  Successful response
2022-11-04T20:23:58.238Z [info] : 	Code: F100  createOrder  Function Called
2022-11-04T20:23:58.333Z [error] : 	Code: HTTP400,  createOrder  Catch error
2022-11-04T20:25:03.349Z [info] : 	Code: F100  createOrder  Function Called
2022-11-04T20:25:03.432Z [error] : 	Code: HTTP400,  createOrder  Catch error
2022-11-04T20:25:42.620Z [info] : 	Code: F100  createOrder  Function Called
2022-11-04T20:25:42.702Z [error] : 	Code: HTTP400,  createOrder  Catch error
2022-11-04T20:26:58.029Z [info] : 	Code: F100  getAllBurgers  Function Called
2022-11-04T20:26:58.057Z [info] : 	Code: HTTP200,  getAllBurgers  Successful response
2022-11-04T20:29:14.340Z [info] : 	Code: F100  createOrder  Function Called
2022-11-04T20:29:14.453Z [error] : 	Code: HTTP400,  createOrder  Catch error
2022-11-04T20:30:33.447Z [info] : 	Code: F100  createOrder  Function Called
2022-11-04T20:31:27.203Z [error] : 	Code: HTTP400,  createOrder  Catch error
2022-11-04T20:31:48.969Z [info] : 	Code: F100  createOrder  Function Called
2022-11-04T20:33:36.915Z [info] : 	Code: F100  createOrder  Function Called
2022-11-04T20:34:00.937Z [error] : 	Code: HTTP400,  createOrder  Catch error
2022-11-04T20:36:28.918Z [info] : 	Code: F100  createOrder  Function Called
2022-11-04T20:37:34.603Z [error] : 	Code: HTTP400,  createOrder  Catch error
2022-11-04T21:44:01.273Z [info] : 	Code: F100  getAllBurgers  Function Called
2022-11-04T21:44:01.316Z [info] : 	Code: HTTP200,  getAllBurgers  Successful response
2022-11-04T21:45:37.592Z [info] : 	Code: F100  createOrder  Function Called
2022-11-04T21:45:47.252Z [error] : 	Code: HTTP400,  createOrder  Catch error
2022-11-04T21:46:15.969Z [info] : 	Code: F100  getAllBurgers  Function Called
2022-11-04T21:46:16.020Z [info] : 	Code: HTTP200,  getAllBurgers  Successful response
2022-11-04T21:46:29.362Z [info] : 	Code: F100  createOrder  Function Called
2022-11-04T21:52:18.022Z [info] : 	Code: F100  createOrder  Function Called
2022-11-04T21:55:02.825Z [info] : 	Code: F100  getAllBurgers  Function Called
2022-11-04T21:55:02.881Z [info] : 	Code: HTTP200,  getAllBurgers  Successful response
2022-11-04T21:55:22.219Z [info] : 	Code: F100  createOrder  Function Called
2022-11-04T21:56:18.624Z [info] : 	Code: F100  createOrder  Function Called
2022-11-04T21:58:46.357Z [info] : 	Code: F100  createOrder  Function Called
