2022-11-10T22:52:06.892Z [info] : 	Code: F100  getAllBurgers  Function Called
2022-11-10T22:52:06.928Z [info] : 	Code: HTTP200,  getAllBurgers  Successful response
2022-11-10T22:52:07.520Z [info] : 	Code: F100  getAllBurgers  Function Called
2022-11-10T22:52:07.530Z [info] : 	Code: HTTP200,  getAllBurgers  Successful response
2022-11-10T22:56:26.740Z [info] : 	Code: F100 login Function Called
2022-11-10T23:09:52.816Z [info] : 	Code: F100 login Function Called
2022-11-10T23:40:40.577Z [info] : 	Code: F100  getAllBurgers  Function Called
2022-11-10T23:40:40.625Z [info] : 	Code: HTTP200,  getAllBurgers  Successful response
2022-11-10T23:43:49.186Z [info] : 	Code: F100  getAllBurgers  Function Called
2022-11-10T23:43:49.206Z [info] : 	Code: HTTP200,  getAllBurgers  Successful response
2022-11-10T23:49:03.319Z [info] : 	Code: F100  getAllBurgers  Function Called
2022-11-10T23:49:03.337Z [info] : 	Code: HTTP200,  getAllBurgers  Successful response
2022-11-10T23:49:39.880Z [info] : 	Code: F100  getAllBurgers  Function Called
2022-11-10T23:49:39.895Z [info] : 	Code: HTTP200,  getAllBurgers  Successful response
2022-11-10T23:52:49.503Z [info] : 	Code: F100  getAllBurgers  Function Called
2022-11-10T23:52:49.519Z [info] : 	Code: HTTP200,  getAllBurgers  Successful response
2022-11-10T23:53:12.593Z [info] : 	Code: F100  getAllBurgers  Function Called
2022-11-10T23:53:12.610Z [info] : 	Code: HTTP200,  getAllBurgers  Successful response
2022-11-10T23:54:15.235Z [info] : 	Code: F100  getAllBurgers  Function Called
2022-11-10T23:54:15.249Z [info] : 	Code: HTTP200,  getAllBurgers  Successful response
2022-11-10T23:56:34.415Z [info] : 	Code: F100  getAllBurgers  Function Called
2022-11-10T23:56:34.433Z [info] : 	Code: HTTP200,  getAllBurgers  Successful response
2022-11-10T23:56:56.534Z [info] : 	Code: F100  getAllBurgers  Function Called
2022-11-10T23:56:56.553Z [info] : 	Code: HTTP200,  getAllBurgers  Successful response
2022-11-10T23:57:10.323Z [info] : 	Code: F100  getAllBurgers  Function Called
2022-11-10T23:57:10.339Z [info] : 	Code: HTTP200,  getAllBurgers  Successful response
2022-11-10T23:57:30.070Z [info] : 	Code: F100  getAllBurgers  Function Called
2022-11-10T23:57:30.083Z [info] : 	Code: HTTP200,  getAllBurgers  Successful response
2022-11-11T00:00:05.387Z [info] : 	Code: F100  getAllBurgers  Function Called
2022-11-11T00:00:05.402Z [info] : 	Code: HTTP200,  getAllBurgers  Successful response
2022-11-11T00:03:18.888Z [info] : 	Code: F100  getAllBurgers  Function Called
2022-11-11T00:03:18.902Z [info] : 	Code: HTTP200,  getAllBurgers  Successful response
2022-11-11T00:42:01.644Z [info] : 	Code: F100  getAllBurgers  Function Called
2022-11-11T00:42:01.663Z [info] : 	Code: HTTP200,  getAllBurgers  Successful response
2022-11-11T00:44:47.882Z [info] : 	Code: F100  getAllBurgers  Function Called
2022-11-11T00:44:47.901Z [info] : 	Code: HTTP200,  getAllBurgers  Successful response
2022-11-11T00:53:17.872Z [info] : 	Code: F100  getAllBurgers  Function Called
2022-11-11T00:53:17.894Z [info] : 	Code: HTTP200,  getAllBurgers  Successful response
2022-11-11T00:54:15.015Z [info] : 	Code: F100  getAllBurgers  Function Called
2022-11-11T00:54:15.030Z [info] : 	Code: HTTP200,  getAllBurgers  Successful response
2022-11-11T00:55:04.835Z [info] : 	Code: F100  getAllBurgers  Function Called
2022-11-11T00:55:04.848Z [info] : 	Code: HTTP200,  getAllBurgers  Successful response
2022-11-11T00:55:32.334Z [info] : 	Code: F100  getAllBurgers  Function Called
2022-11-11T00:55:32.350Z [info] : 	Code: HTTP200,  getAllBurgers  Successful response
2022-11-11T00:57:35.478Z [info] : 	Code: F100  getAllBurgers  Function Called
2022-11-11T00:57:35.491Z [info] : 	Code: HTTP200,  getAllBurgers  Successful response
2022-11-11T00:58:18.881Z [info] : 	Code: F100  getAllBurgers  Function Called
2022-11-11T00:58:18.895Z [info] : 	Code: HTTP200,  getAllBurgers  Successful response
2022-11-11T00:58:39.088Z [info] : 	Code: F100  getAllBurgers  Function Called
2022-11-11T00:58:39.098Z [info] : 	Code: HTTP200,  getAllBurgers  Successful response
2022-11-11T00:59:29.536Z [info] : 	Code: F100  createOrder  Function Called
2022-11-11T00:59:29.671Z [info] : 	Code: HTTP200,  createOrder  Successful response
2022-11-11T00:59:29.825Z [info] : 	Code: F100  getAllBurgers  Function Called
2022-11-11T00:59:29.837Z [info] : 	Code: HTTP200,  getAllBurgers  Successful response
2022-11-11T01:02:57.510Z [info] : 	Code: F100  getAllBurgers  Function Called
2022-11-11T01:02:57.524Z [info] : 	Code: HTTP200,  getAllBurgers  Successful response
2022-11-11T01:03:42.581Z [info] : 	Code: F100  getAllBurgers  Function Called
2022-11-11T01:03:42.596Z [info] : 	Code: HTTP200,  getAllBurgers  Successful response
2022-11-11T01:04:39.270Z [info] : 	Code: F100  getAllBurgers  Function Called
2022-11-11T01:04:39.285Z [info] : 	Code: HTTP200,  getAllBurgers  Successful response
2022-11-11T01:04:53.815Z [info] : 	Code: F100  getAllBurgers  Function Called
2022-11-11T01:04:53.839Z [info] : 	Code: HTTP200,  getAllBurgers  Successful response
2022-11-11T01:05:17.859Z [info] : 	Code: F100  getAllBurgers  Function Called
2022-11-11T01:05:17.876Z [info] : 	Code: HTTP200,  getAllBurgers  Successful response
2022-11-11T01:05:59.164Z [info] : 	Code: F100  getAllBurgers  Function Called
2022-11-11T01:05:59.180Z [info] : 	Code: HTTP200,  getAllBurgers  Successful response
2022-11-11T01:13:06.258Z [info] : 	Code: F100  getAllBurgers  Function Called
2022-11-11T01:13:06.278Z [info] : 	Code: HTTP200,  getAllBurgers  Successful response
2022-11-11T01:14:21.175Z [info] : 	Code: F100  getAllBurgers  Function Called
2022-11-11T01:14:21.186Z [info] : 	Code: HTTP200,  getAllBurgers  Successful response
2022-11-11T01:16:25.358Z [info] : 	Code: F100  getAllBurgers  Function Called
2022-11-11T01:16:25.373Z [info] : 	Code: HTTP200,  getAllBurgers  Successful response
2022-11-11T01:18:57.800Z [info] : 	Code: F100  createOrder  Function Called
2022-11-11T01:18:57.920Z [info] : 	Code: HTTP200,  createOrder  Successful response
2022-11-11T01:18:58.035Z [info] : 	Code: F100  getAllBurgers  Function Called
2022-11-11T01:18:58.049Z [info] : 	Code: HTTP200,  getAllBurgers  Successful response
2022-11-11T01:18:58.252Z [info] : 	Code: F100  getAllBurgers  Function Called
2022-11-11T01:18:58.264Z [info] : 	Code: HTTP200,  getAllBurgers  Successful response
2022-11-11T01:19:17.204Z [info] : 	Code: F100  getAllBurgers  Function Called
2022-11-11T01:19:17.214Z [info] : 	Code: HTTP200,  getAllBurgers  Successful response
2022-11-11T01:20:22.835Z [info] : 	Code: F100  getAllBurgers  Function Called
2022-11-11T01:20:22.848Z [info] : 	Code: HTTP200,  getAllBurgers  Successful response
2022-11-11T01:23:17.950Z [info] : 	Code: F100  getAllBurgers  Function Called
2022-11-11T01:23:17.965Z [info] : 	Code: HTTP200,  getAllBurgers  Successful response
2022-11-11T01:23:46.239Z [info] : 	Code: F100  getAllBurgers  Function Called
2022-11-11T01:23:46.251Z [info] : 	Code: HTTP200,  getAllBurgers  Successful response
2022-11-11T01:24:23.398Z [info] : 	Code: F100  getAllBurgers  Function Called
2022-11-11T01:24:23.410Z [info] : 	Code: HTTP200,  getAllBurgers  Successful response
