2022-09-20T21:00:49.336Z [info] : 	Code: F100  getAllBurgers  Function Called
2022-09-20T21:00:49.373Z [info] : 	Code: HTTP200,  getAllBurgers  Successful response
2022-09-20T21:03:53.137Z [info] : 	Code: F100  getAllBurgers  Function Called
2022-09-20T21:03:53.151Z [error] : 	Code: HTTP400,  getAllBurgers  Catch error
2022-09-20T21:04:40.097Z [info] : 	Code: F100  createOrder  Function Called
2022-09-20T21:04:40.149Z [info] : 	Code: HTTP200,  createOrder  Successful response
2022-09-20T21:04:45.017Z [info] : 	Code: F100  getAllBurgers  Function Called
2022-09-20T21:04:45.026Z [error] : 	Code: HTTP400,  getAllBurgers  Catch error
2022-09-20T21:06:50.919Z [info] : 	Code: F100  getAllBurgers  Function Called
2022-09-20T21:06:50.935Z [error] : 	Code: HTTP400,  getAllBurgers  Catch error
2022-09-20T21:07:36.611Z [info] : 	Code: F100  getAllBurgers  Function Called
2022-09-20T21:07:36.653Z [info] : 	Code: HTTP200,  getAllBurgers  Successful response
2022-09-20T21:13:58.396Z [info] : 	Code: F100  getAllBurgers  Function Called
2022-09-20T21:13:58.445Z [info] : 	Code: HTTP200,  getAllBurgers  Successful response
2022-09-20T21:17:47.991Z [info] : 	Code: F100  createOrder  Function Called
2022-09-20T21:17:48.040Z [info] : 	Code: HTTP200,  createOrder  Successful response
2022-09-20T21:17:58.458Z [info] : 	Code: F100  getAllBurgers  Function Called
2022-09-20T21:17:58.474Z [info] : 	Code: HTTP200,  getAllBurgers  Successful response
2022-09-20T21:18:04.181Z [info] : 	Code: F100  getAllBurgers  Function Called
2022-09-20T21:18:04.193Z [info] : 	Code: HTTP200,  getAllBurgers  Successful response
