2022-11-02T22:07:04.220Z [info] : 	Code: F100  getAllBurgers  Function Called
2022-11-02T22:07:04.250Z [info] : 	Code: HTTP200,  getAllBurgers  Successful response
2022-11-02T22:07:19.565Z [info] : 	Code: F100  editOrder  Function Called
2022-11-02T22:07:19.602Z [info] : 	Code: HTTP200,  editOrder  Successful response
2022-11-02T22:07:43.369Z [info] : 	Code: F100  getAllBurgers  Function Called
2022-11-02T22:07:43.392Z [info] : 	Code: HTTP200,  getAllBurgers  Successful response
2022-11-02T22:08:24.593Z [info] : 	Code: F100  editOrder  Function Called
2022-11-02T22:08:29.803Z [error] : 	Code: HTTP400,  editOrder  Catch error
2022-11-02T22:13:47.080Z [info] : 	Code: F100  getAllBurgers  Function Called
2022-11-02T22:13:47.127Z [info] : 	Code: HTTP200,  getAllBurgers  Successful response
2022-11-02T22:14:17.288Z [info] : 	Code: F100  editOrder  Function Called
2022-11-02T22:15:03.540Z [info] : 	Code: HTTP200,  editOrder  Successful response
2022-11-02T22:15:07.309Z [info] : 	Code: F100  getAllBurgers  Function Called
2022-11-02T22:18:19.115Z [info] : 	Code: F100  getAllBurgers  Function Called
2022-11-02T22:18:19.157Z [info] : 	Code: HTTP200,  getAllBurgers  Successful response
2022-11-02T22:18:34.492Z [info] : 	Code: F100  editOrder  Function Called
2022-11-02T22:18:40.607Z [error] : 	Code: HTTP400,  editOrder  Catch error
2022-11-02T22:27:09.356Z [info] : 	Code: F100  getAllBurgers  Function Called
2022-11-02T22:27:09.405Z [info] : 	Code: HTTP200,  getAllBurgers  Successful response
2022-11-02T22:27:36.378Z [info] : 	Code: F100  editOrder  Function Called
2022-11-02T22:27:36.440Z [info] : 	Code: HTTP200,  editOrder  Successful response
2022-11-02T22:27:36.460Z [info] : 	Code: F100  getAllBurgers  Function Called
2022-11-02T22:27:36.471Z [info] : 	Code: HTTP200,  getAllBurgers  Successful response
2022-11-02T22:28:34.717Z [info] : 	Code: F100  getAllBurgers  Function Called
2022-11-02T22:28:34.745Z [info] : 	Code: HTTP200,  getAllBurgers  Successful response
2022-11-02T22:29:36.887Z [info] : 	Code: F100  editOrder  Function Called
2022-11-02T22:29:36.935Z [info] : 	Code: HTTP200,  editOrder  Successful response
2022-11-02T22:29:37.273Z [info] : 	Code: F100  getAllBurgers  Function Called
2022-11-02T22:29:37.302Z [info] : 	Code: HTTP200,  getAllBurgers  Successful response
2022-11-02T22:37:12.982Z [info] : 	Code: F100  createOrder  Function Called
2022-11-02T22:37:13.116Z [info] : 	Code: HTTP200,  createOrder  Successful response
2022-11-02T22:37:13.210Z [info] : 	Code: F100  getAllBurgers  Function Called
2022-11-02T22:37:13.239Z [info] : 	Code: HTTP200,  getAllBurgers  Successful response
2022-11-02T23:03:06.859Z [info] : 	Code: F100  getAllBurgers  Function Called
2022-11-02T23:03:06.972Z [info] : 	Code: HTTP200,  getAllBurgers  Successful response
2022-11-02T23:04:22.267Z [info] : 	Code: F100  getAllBurgers  Function Called
2022-11-02T23:04:22.300Z [info] : 	Code: HTTP200,  getAllBurgers  Successful response
2022-11-02T23:09:01.594Z [info] : 	Code: F100  getAllBurgers  Function Called
2022-11-02T23:09:01.615Z [info] : 	Code: HTTP200,  getAllBurgers  Successful response
2022-11-02T23:09:38.519Z [info] : 	Code: F100  getAllBurgers  Function Called
2022-11-02T23:09:38.534Z [info] : 	Code: HTTP200,  getAllBurgers  Successful response
2022-11-02T23:10:03.393Z [info] : 	Code: F100  getAllBurgers  Function Called
2022-11-02T23:10:03.404Z [info] : 	Code: HTTP200,  getAllBurgers  Successful response
2022-11-02T23:11:12.930Z [info] : 	Code: F100  getAllBurgers  Function Called
2022-11-02T23:11:12.947Z [info] : 	Code: HTTP200,  getAllBurgers  Successful response
2022-11-02T23:12:07.206Z [info] : 	Code: F100  getAllBurgers  Function Called
2022-11-02T23:12:07.218Z [info] : 	Code: HTTP200,  getAllBurgers  Successful response
2022-11-02T23:15:57.318Z [info] : 	Code: F100  getAllBurgers  Function Called
2022-11-02T23:15:57.333Z [info] : 	Code: HTTP200,  getAllBurgers  Successful response
2022-11-02T23:17:08.185Z [info] : 	Code: F100  getAllBurgers  Function Called
2022-11-02T23:17:08.195Z [info] : 	Code: HTTP200,  getAllBurgers  Successful response
2022-11-02T23:17:11.634Z [info] : 	Code: F100  getAllBurgers  Function Called
2022-11-02T23:17:11.642Z [info] : 	Code: HTTP200,  getAllBurgers  Successful response
2022-11-02T23:18:56.511Z [info] : 	Code: F100  getAllBurgers  Function Called
2022-11-02T23:18:56.524Z [info] : 	Code: HTTP200,  getAllBurgers  Successful response
2022-11-02T23:19:53.570Z [info] : 	Code: F100  createOrder  Function Called
2022-11-02T23:19:53.691Z [info] : 	Code: HTTP200,  createOrder  Successful response
2022-11-02T23:19:53.784Z [info] : 	Code: F100  getAllBurgers  Function Called
2022-11-02T23:19:53.795Z [info] : 	Code: HTTP200,  getAllBurgers  Successful response
2022-11-02T23:21:49.207Z [info] : 	Code: F100  getAllBurgers  Function Called
2022-11-02T23:21:49.245Z [info] : 	Code: HTTP200,  getAllBurgers  Successful response
2022-11-02T23:24:04.368Z [info] : 	Code: F100  getAllBurgers  Function Called
2022-11-02T23:24:04.389Z [info] : 	Code: HTTP200,  getAllBurgers  Successful response
2022-11-02T23:25:19.341Z [info] : 	Code: F100  getAllBurgers  Function Called
2022-11-02T23:25:19.358Z [info] : 	Code: HTTP200,  getAllBurgers  Successful response
2022-11-02T23:25:55.899Z [info] : 	Code: F100  getAllBurgers  Function Called
2022-11-02T23:25:55.913Z [info] : 	Code: HTTP200,  getAllBurgers  Successful response
2022-11-02T23:28:05.740Z [info] : 	Code: F100  createOrder  Function Called
2022-11-02T23:28:05.863Z [error] : 	Code: HTTP400,  createOrder  Catch error
2022-11-02T23:30:04.801Z [info] : 	Code: F100  createOrder  Function Called
2022-11-02T23:30:04.905Z [info] : 	Code: HTTP200,  createOrder  Successful response
2022-11-02T23:30:05.241Z [info] : 	Code: F100  getAllBurgers  Function Called
2022-11-02T23:30:05.275Z [info] : 	Code: HTTP200,  getAllBurgers  Successful response
2022-11-02T23:30:18.894Z [info] : 	Code: F100  createOrder  Function Called
2022-11-02T23:30:19.007Z [info] : 	Code: HTTP200,  createOrder  Successful response
2022-11-02T23:30:19.342Z [info] : 	Code: F100  getAllBurgers  Function Called
2022-11-02T23:30:19.353Z [info] : 	Code: HTTP200,  getAllBurgers  Successful response
2022-11-02T23:32:35.827Z [info] : 	Code: F100  createOrder  Function Called
2022-11-02T23:34:55.364Z [info] : 	Code: F100  createOrder  Function Called
