2022-09-19T21:02:13.370Z [info] : 	Code: F100  createOrder  Function Called
2022-09-19T21:02:13.390Z [error] : 	Code: HTTP400,  createOrder  Catch error
2022-09-19T21:04:29.332Z [info] : 	Code: F100  createOrder  Function Called
2022-09-19T21:04:29.340Z [error] : 	Code: HTTP400,  createOrder  Catch error
2022-09-19T21:04:59.641Z [info] : 	Code: F100  createOrder  Function Called
2022-09-19T21:04:59.790Z [info] : 	Code: HTTP200,  createOrder  Successful response
2022-09-19T21:09:22.074Z [info] : 	Code: F100  createOrder  Function Called
2022-09-19T21:09:22.192Z [info] : 	Code: HTTP200,  createOrder  Successful response
2022-09-19T21:11:31.863Z [info] : 	Code: F100  createOrder  Function Called
2022-09-19T21:11:31.929Z [info] : 	Code: HTTP200,  createOrder  Successful response
2022-09-19T21:13:46.003Z [info] : 	Code: F100  createOrder  Function Called
2022-09-19T21:13:46.037Z [info] : 	Code: HTTP200,  createOrder  Successful response
2022-09-19T21:15:39.325Z [info] : 	Code: F100  createOrder  Function Called
2022-09-19T21:15:39.350Z [error] : 	Code: HTTP400,  createOrder  Catch error
2022-09-19T21:16:29.227Z [info] : 	Code: F100  createOrder  Function Called
2022-09-19T21:16:29.262Z [error] : 	Code: HTTP400,  createOrder  Catch error
2022-09-19T21:24:15.064Z [info] : 	Code: F100  createOrder  Function Called
2022-09-19T21:24:15.131Z [info] : 	Code: HTTP200,  createOrder  Successful response
2022-09-19T21:24:36.572Z [info] : 	Code: F100  createOrder  Function Called
2022-09-19T21:24:36.651Z [info] : 	Code: HTTP200,  createOrder  Successful response
2022-09-19T21:32:12.915Z [info] : 	Code: F100  createOrder  Function Called
2022-09-19T21:32:12.936Z [error] : 	Code: HTTP400,  createOrder  Catch error
2022-09-19T21:35:57.096Z [info] : 	Code: F100  createOrder  Function Called
2022-09-19T21:35:57.137Z [error] : 	Code: HTTP400,  createOrder  Catch error
2022-09-19T21:36:39.634Z [info] : 	Code: F100  createOrder  Function Called
2022-09-19T21:36:39.646Z [error] : 	Code: HTTP400,  createOrder  Catch error
2022-09-19T21:37:16.825Z [info] : 	Code: F100  createOrder  Function Called
2022-09-19T21:37:16.848Z [error] : 	Code: HTTP400,  createOrder  Catch error
2022-09-19T21:39:43.913Z [info] : 	Code: F100  createOrder  Function Called
2022-09-19T21:39:43.942Z [info] : 	Code: HTTP200,  createOrder  Successful response
2022-09-19T21:43:39.680Z [info] : 	Code: F100  createOrder  Function Called
2022-09-19T21:43:39.703Z [info] : 	Code: HTTP200,  createOrder  Successful response
2022-09-19T21:45:07.900Z [info] : 	Code: F100  createOrder  Function Called
2022-09-19T21:45:07.934Z [info] : 	Code: HTTP200,  createOrder  Successful response
2022-09-19T21:49:44.194Z [info] : 	Code: F100  createOrder  Function Called
2022-09-19T21:49:44.230Z [error] : 	Code: HTTP400,  createOrder  Catch error
2022-09-19T21:50:31.610Z [info] : 	Code: F100  createOrder  Function Called
2022-09-19T21:50:31.641Z [info] : 	Code: HTTP200,  createOrder  Successful response
2022-09-19T21:51:40.797Z [info] : 	Code: F100  createOrder  Function Called
2022-09-19T21:51:40.845Z [info] : 	Code: HTTP200,  createOrder  Successful response
2022-09-19T21:55:34.415Z [info] : 	Code: F100  createOrder  Function Called
2022-09-19T21:55:34.451Z [info] : 	Code: HTTP200,  createOrder  Successful response
2022-09-19T21:56:07.921Z [info] : 	Code: F100  createOrder  Function Called
2022-09-19T21:56:07.954Z [info] : 	Code: HTTP200,  createOrder  Successful response
2022-09-19T21:59:51.433Z [info] : 	Code: F100  createOrder  Function Called
2022-09-19T21:59:51.474Z [info] : 	Code: HTTP200,  createOrder  Successful response
2022-09-19T22:00:39.469Z [info] : 	Code: F100  createOrder  Function Called
2022-09-19T22:00:39.511Z [info] : 	Code: HTTP200,  createOrder  Successful response
2022-09-19T22:08:27.960Z [info] : 	Code: F100  createOrder  Function Called
2022-09-19T22:08:27.994Z [info] : 	Code: HTTP200,  createOrder  Successful response
2022-09-19T22:08:41.312Z [info] : 	Code: F100  createOrder  Function Called
2022-09-19T22:08:41.346Z [info] : 	Code: HTTP200,  createOrder  Successful response
2022-09-19T22:10:12.390Z [info] : 	Code: F100  createOrder  Function Called
2022-09-19T22:10:12.422Z [info] : 	Code: HTTP200,  createOrder  Successful response
2022-09-19T22:10:49.390Z [info] : 	Code: F100  createOrder  Function Called
2022-09-19T22:10:49.427Z [error] : 	Code: HTTP400,  createOrder  Catch error
2022-09-19T22:11:09.456Z [info] : 	Code: F100  createOrder  Function Called
2022-09-19T22:11:09.494Z [info] : 	Code: HTTP200,  createOrder  Successful response
2022-09-19T22:12:28.322Z [info] : 	Code: F100  createOrder  Function Called
2022-09-19T22:12:28.379Z [info] : 	Code: HTTP200,  createOrder  Successful response
2022-09-19T22:13:13.978Z [info] : 	Code: F100  createOrder  Function Called
2022-09-19T22:13:14.014Z [info] : 	Code: HTTP200,  createOrder  Successful response
2022-09-19T22:13:59.785Z [info] : 	Code: F100  createOrder  Function Called
2022-09-19T22:13:59.826Z [info] : 	Code: HTTP200,  createOrder  Successful response
2022-09-19T22:14:33.966Z [info] : 	Code: F100  createOrder  Function Called
2022-09-19T22:14:34.008Z [info] : 	Code: HTTP200,  createOrder  Successful response
2022-09-19T22:16:06.078Z [info] : 	Code: F100  createOrder  Function Called
2022-09-19T22:16:06.114Z [info] : 	Code: HTTP200,  createOrder  Successful response
2022-09-19T22:18:07.706Z [info] : 	Code: F100  createOrder  Function Called
2022-09-19T22:18:07.940Z [info] : 	Code: HTTP200,  createOrder  Successful response
2022-09-19T22:19:20.092Z [info] : 	Code: F100  createOrder  Function Called
2022-09-19T22:19:20.318Z [info] : 	Code: HTTP200,  createOrder  Successful response
2022-09-19T22:21:05.641Z [info] : 	Code: F100  createOrder  Function Called
2022-09-19T22:21:05.688Z [error] : 	Code: HTTP400,  createOrder  Catch error
2022-09-19T22:21:39.981Z [info] : 	Code: F100  createOrder  Function Called
2022-09-19T22:21:40.241Z [info] : 	Code: HTTP200,  createOrder  Successful response
2022-09-19T22:24:56.901Z [info] : 	Code: F100  createOrder  Function Called
2022-09-19T22:24:56.936Z [info] : 	Code: HTTP200,  createOrder  Successful response
2022-09-19T22:25:21.859Z [info] : 	Code: F100  createOrder  Function Called
2022-09-19T22:25:21.900Z [info] : 	Code: HTTP200,  createOrder  Successful response
2022-09-19T22:28:05.438Z [info] : 	Code: F100  createOrder  Function Called
2022-09-19T22:28:05.472Z [info] : 	Code: HTTP200,  createOrder  Successful response
2022-09-19T22:29:00.314Z [info] : 	Code: F100  createOrder  Function Called
2022-09-19T22:29:00.349Z [info] : 	Code: HTTP200,  createOrder  Successful response
2022-09-19T22:30:52.433Z [info] : 	Code: F100  createOrder  Function Called
2022-09-19T22:30:52.472Z [info] : 	Code: HTTP200,  createOrder  Successful response
2022-09-19T22:31:21.845Z [info] : 	Code: F100  createOrder  Function Called
2022-09-19T22:31:21.884Z [info] : 	Code: HTTP200,  createOrder  Successful response
2022-09-19T22:34:30.250Z [info] : 	Code: F100  createOrder  Function Called
2022-09-19T22:34:30.285Z [info] : 	Code: HTTP200,  createOrder  Successful response
2022-09-19T22:34:56.084Z [info] : 	Code: F100  createOrder  Function Called
2022-09-19T22:34:56.118Z [info] : 	Code: HTTP200,  createOrder  Successful response
2022-09-19T22:39:02.568Z [info] : 	Code: F100  createOrder  Function Called
2022-09-19T22:39:02.585Z [info] : 	Code: HTTP200,  createOrder  Successful response
2022-09-19T22:40:14.363Z [info] : 	Code: F100  createOrder  Function Called
2022-09-19T22:40:14.397Z [info] : 	Code: HTTP200,  createOrder  Successful response
2022-09-19T22:50:37.921Z [info] : 	Code: F100  getAllBurgers  Function Called
2022-09-19T22:50:37.928Z [error] : 	Code: HTTP400,  getAllBurgers  Catch error
2022-09-19T22:51:03.584Z [info] : 	Code: F100  getAllBurgers  Function Called
2022-09-19T22:51:03.603Z [info] : 	Code: HTTP200,  getAllBurgers  Successful response
2022-09-19T22:56:02.163Z [info] : 	Code: F100  createOrder  Function Called
2022-09-19T22:56:02.188Z [info] : 	Code: HTTP200,  createOrder  Successful response
2022-09-19T22:56:11.588Z [info] : 	Code: F100  getAllBurgers  Function Called
2022-09-19T22:56:11.602Z [info] : 	Code: HTTP200,  getAllBurgers  Successful response
2022-09-19T22:58:09.811Z [info] : 	Code: F100  getAllBurgers  Function Called
2022-09-19T22:58:09.832Z [info] : 	Code: HTTP200,  getAllBurgers  Successful response
2022-09-20T20:30:40.423Z [info] : 	Code: F100  getAllBurgers  Function Called
2022-09-20T20:30:40.469Z [info] : 	Code: HTTP200,  getAllBurgers  Successful response
2022-09-20T20:32:04.502Z [info] : 	Code: F100  getAllBurgers  Function Called
2022-09-20T20:32:04.518Z [info] : 	Code: HTTP200,  getAllBurgers  Successful response
2022-09-20T20:34:38.237Z [info] : 	Code: F100  getAllBurgers  Function Called
2022-09-20T20:34:38.296Z [info] : 	Code: HTTP200,  getAllBurgers  Successful response
2022-09-20T20:36:38.355Z [info] : 	Code: F100  createOrder  Function Called
2022-09-20T20:36:38.412Z [info] : 	Code: HTTP200,  createOrder  Successful response
2022-09-20T20:37:01.043Z [info] : 	Code: F100  getAllBurgers  Function Called
2022-09-20T20:37:01.078Z [info] : 	Code: HTTP200,  getAllBurgers  Successful response
2022-09-20T20:38:43.822Z [info] : 	Code: F100  getAllBurgers  Function Called
2022-09-20T20:38:43.855Z [info] : 	Code: HTTP200,  getAllBurgers  Successful response
2022-09-20T20:38:59.679Z [info] : 	Code: F100  getAllBurgers  Function Called
2022-09-20T20:38:59.696Z [info] : 	Code: HTTP200,  getAllBurgers  Successful response
2022-09-20T20:40:01.530Z [info] : 	Code: F100  getAllBurgers  Function Called
2022-09-20T20:40:01.570Z [info] : 	Code: HTTP200,  getAllBurgers  Successful response
2022-09-20T20:40:49.717Z [info] : 	Code: F100  getAllBurgers  Function Called
2022-09-20T20:40:49.769Z [info] : 	Code: HTTP200,  getAllBurgers  Successful response
2022-09-20T20:43:41.892Z [info] : 	Code: F100  getAllBurgers  Function Called
2022-09-20T20:43:41.908Z [info] : 	Code: HTTP200,  getAllBurgers  Successful response
2022-09-20T20:43:55.373Z [info] : 	Code: F100  getAllBurgers  Function Called
2022-09-20T20:43:55.402Z [info] : 	Code: HTTP200,  getAllBurgers  Successful response
2022-09-20T20:47:46.592Z [info] : 	Code: F100  getAllBurgers  Function Called
2022-09-20T20:47:46.636Z [info] : 	Code: HTTP200,  getAllBurgers  Successful response
2022-09-20T20:51:01.961Z [info] : 	Code: F100  getAllBurgers  Function Called
2022-09-20T20:51:01.996Z [info] : 	Code: HTTP200,  getAllBurgers  Successful response
2022-09-20T20:58:57.079Z [info] : 	Code: F100  getAllBurgers  Function Called
2022-09-20T20:58:57.125Z [info] : 	Code: HTTP200,  getAllBurgers  Successful response
