2022-10-02T14:10:57.893Z [info] : 	Code: F100 login Function Called
2022-10-02T14:10:58.201Z [info] : 	Code: F100  getAllBurgers  Function Called
2022-10-02T14:10:58.230Z [info] : 	Code: HTTP200,  getAllBurgers  Successful response
2022-10-02T14:11:19.141Z [info] : 	Code: F100  getAllBurgers  Function Called
2022-10-02T14:11:19.153Z [info] : 	Code: HTTP200,  getAllBurgers  Successful response
2022-10-02T14:16:11.293Z [info] : 	Code: F100  getAllBurgers  Function Called
2022-10-02T14:16:11.310Z [info] : 	Code: HTTP200,  getAllBurgers  Successful response
2022-10-02T14:16:34.317Z [info] : 	Code: F100  getAllBurgers  Function Called
2022-10-02T14:16:34.327Z [info] : 	Code: HTTP200,  getAllBurgers  Successful response
2022-10-02T14:17:16.309Z [info] : 	Code: F100  getAllBurgers  Function Called
2022-10-02T14:17:16.321Z [info] : 	Code: HTTP200,  getAllBurgers  Successful response
2022-10-02T14:29:55.812Z [info] : 	Code: F100  getAllBurgers  Function Called
2022-10-02T14:29:55.825Z [info] : 	Code: HTTP200,  getAllBurgers  Successful response
2022-10-02T14:37:04.616Z [info] : 	Code: F100  getAllBurgers  Function Called
2022-10-02T14:37:04.632Z [info] : 	Code: HTTP200,  getAllBurgers  Successful response
2022-10-02T14:48:49.449Z [info] : 	Code: F100  getAllBurgers  Function Called
2022-10-02T14:48:49.460Z [info] : 	Code: HTTP200,  getAllBurgers  Successful response
2022-10-02T14:49:24.703Z [info] : 	Code: F100  getAllBurgers  Function Called
2022-10-02T14:49:24.718Z [info] : 	Code: HTTP200,  getAllBurgers  Successful response
2022-10-02T14:59:42.403Z [info] : 	Code: F100  getAllBurgers  Function Called
2022-10-02T14:59:42.429Z [info] : 	Code: HTTP200,  getAllBurgers  Successful response
2022-10-02T15:00:41.731Z [info] : 	Code: F100  getAllBurgers  Function Called
2022-10-02T15:00:41.745Z [info] : 	Code: HTTP200,  getAllBurgers  Successful response
2022-10-02T15:01:11.279Z [info] : 	Code: F100  getAllBurgers  Function Called
2022-10-02T15:01:11.286Z [info] : 	Code: HTTP200,  getAllBurgers  Successful response
2022-10-02T15:01:35.290Z [info] : 	Code: F100  getAllBurgers  Function Called
2022-10-02T15:01:35.299Z [info] : 	Code: HTTP200,  getAllBurgers  Successful response
2022-10-02T15:01:52.367Z [info] : 	Code: F100  getAllBurgers  Function Called
2022-10-02T15:01:52.377Z [info] : 	Code: HTTP200,  getAllBurgers  Successful response
2022-10-02T15:15:48.853Z [info] : 	Code: F100  getAllBurgers  Function Called
2022-10-02T15:15:48.866Z [info] : 	Code: HTTP200,  getAllBurgers  Successful response
2022-10-02T15:18:11.923Z [info] : 	Code: F100  getAllBurgers  Function Called
2022-10-02T15:18:11.936Z [info] : 	Code: HTTP200,  getAllBurgers  Successful response
2022-10-02T15:22:15.802Z [info] : 	Code: F100  getAllBurgers  Function Called
2022-10-02T15:22:15.811Z [info] : 	Code: HTTP200,  getAllBurgers  Successful response
2022-10-02T15:24:27.629Z [info] : 	Code: F100  getAllBurgers  Function Called
2022-10-02T15:24:27.637Z [info] : 	Code: HTTP200,  getAllBurgers  Successful response
2022-10-02T15:27:00.351Z [info] : 	Code: F100  getAllBurgers  Function Called
2022-10-02T15:27:00.360Z [info] : 	Code: HTTP200,  getAllBurgers  Successful response
2022-10-02T15:36:07.589Z [info] : 	Code: F100  getAllBurgers  Function Called
2022-10-02T15:36:07.603Z [info] : 	Code: HTTP200,  getAllBurgers  Successful response
2022-10-02T15:36:43.435Z [info] : 	Code: F100  getAllBurgers  Function Called
2022-10-02T15:36:43.442Z [info] : 	Code: HTTP200,  getAllBurgers  Successful response
2022-10-02T15:37:32.320Z [info] : 	Code: F100  getAllBurgers  Function Called
2022-10-02T15:37:32.332Z [info] : 	Code: HTTP200,  getAllBurgers  Successful response
2022-10-02T15:37:45.089Z [info] : 	Code: F100  getAllBurgers  Function Called
2022-10-02T15:37:45.097Z [info] : 	Code: HTTP200,  getAllBurgers  Successful response
2022-10-02T15:39:38.013Z [info] : 	Code: F100  getAllBurgers  Function Called
2022-10-02T15:39:38.023Z [info] : 	Code: HTTP200,  getAllBurgers  Successful response
2022-10-02T15:40:17.868Z [info] : 	Code: F100  getAllBurgers  Function Called
2022-10-02T15:40:17.879Z [info] : 	Code: HTTP200,  getAllBurgers  Successful response
2022-10-02T15:41:04.054Z [info] : 	Code: F100  getAllBurgers  Function Called
2022-10-02T15:41:04.066Z [info] : 	Code: HTTP200,  getAllBurgers  Successful response
2022-10-02T15:41:36.361Z [info] : 	Code: F100  getAllBurgers  Function Called
2022-10-02T15:41:36.372Z [info] : 	Code: HTTP200,  getAllBurgers  Successful response
2022-10-02T15:42:28.803Z [info] : 	Code: F100  getAllBurgers  Function Called
2022-10-02T15:42:28.811Z [info] : 	Code: HTTP200,  getAllBurgers  Successful response
2022-10-02T15:43:13.656Z [info] : 	Code: F100  getAllBurgers  Function Called
2022-10-02T15:43:13.667Z [info] : 	Code: HTTP200,  getAllBurgers  Successful response
2022-10-02T15:44:12.964Z [info] : 	Code: F100  getAllBurgers  Function Called
2022-10-02T15:44:12.972Z [info] : 	Code: HTTP200,  getAllBurgers  Successful response
2022-10-02T15:44:15.633Z [info] : 	Code: F100  getAllBurgers  Function Called
2022-10-02T15:44:15.637Z [info] : 	Code: HTTP200,  getAllBurgers  Successful response
2022-10-02T15:44:42.766Z [info] : 	Code: F100  getAllBurgers  Function Called
2022-10-02T15:44:42.774Z [info] : 	Code: HTTP200,  getAllBurgers  Successful response
2022-10-02T15:45:02.620Z [info] : 	Code: F100  getAllBurgers  Function Called
2022-10-02T15:45:02.627Z [info] : 	Code: HTTP200,  getAllBurgers  Successful response
2022-10-02T15:57:38.144Z [info] : 	Code: F100  getAllBurgers  Function Called
2022-10-02T15:57:38.153Z [info] : 	Code: HTTP200,  getAllBurgers  Successful response
2022-10-02T15:58:40.478Z [info] : 	Code: F100  getAllBurgers  Function Called
2022-10-02T15:58:40.485Z [info] : 	Code: HTTP200,  getAllBurgers  Successful response
2022-10-02T15:59:05.865Z [info] : 	Code: F100  getAllBurgers  Function Called
2022-10-02T15:59:05.875Z [info] : 	Code: HTTP200,  getAllBurgers  Successful response
2022-10-02T16:01:41.000Z [info] : 	Code: F100  getAllBurgers  Function Called
2022-10-02T16:01:41.008Z [info] : 	Code: HTTP200,  getAllBurgers  Successful response
2022-10-02T16:24:54.454Z [info] : 	Code: F100  getAllBurgers  Function Called
2022-10-02T16:24:54.462Z [info] : 	Code: HTTP200,  getAllBurgers  Successful response
2022-10-02T16:26:31.198Z [info] : 	Code: F100  getAllBurgers  Function Called
2022-10-02T16:26:31.207Z [info] : 	Code: HTTP200,  getAllBurgers  Successful response
2022-10-02T16:27:22.763Z [info] : 	Code: F100  getAllBurgers  Function Called
2022-10-02T16:27:22.771Z [info] : 	Code: HTTP200,  getAllBurgers  Successful response
2022-10-02T16:28:13.756Z [info] : 	Code: F100  getAllBurgers  Function Called
2022-10-02T16:28:13.763Z [info] : 	Code: HTTP200,  getAllBurgers  Successful response
2022-10-02T16:28:32.712Z [info] : 	Code: F100  getAllBurgers  Function Called
2022-10-02T16:28:32.722Z [info] : 	Code: HTTP200,  getAllBurgers  Successful response
2022-10-02T16:29:08.817Z [info] : 	Code: F100  getAllBurgers  Function Called
2022-10-02T16:29:08.826Z [info] : 	Code: HTTP200,  getAllBurgers  Successful response
2022-10-02T16:29:37.581Z [info] : 	Code: F100  getAllBurgers  Function Called
2022-10-02T16:29:37.591Z [info] : 	Code: HTTP200,  getAllBurgers  Successful response
2022-10-02T16:30:31.184Z [info] : 	Code: F100  getAllBurgers  Function Called
2022-10-02T16:30:31.192Z [info] : 	Code: HTTP200,  getAllBurgers  Successful response
2022-10-02T16:32:26.324Z [info] : 	Code: F100  getAllBurgers  Function Called
2022-10-02T16:32:26.338Z [info] : 	Code: HTTP200,  getAllBurgers  Successful response
2022-10-02T16:33:17.509Z [info] : 	Code: F100  getAllBurgers  Function Called
2022-10-02T16:33:17.522Z [info] : 	Code: HTTP200,  getAllBurgers  Successful response
2022-10-02T16:33:20.606Z [info] : 	Code: F100  getAllBurgers  Function Called
2022-10-02T16:33:20.610Z [info] : 	Code: HTTP200,  getAllBurgers  Successful response
2022-10-02T16:37:43.235Z [info] : 	Code: F100  getAllBurgers  Function Called
2022-10-02T16:37:43.245Z [info] : 	Code: HTTP200,  getAllBurgers  Successful response
2022-10-02T16:39:33.413Z [info] : 	Code: F100  getAllBurgers  Function Called
2022-10-02T16:39:33.424Z [info] : 	Code: HTTP200,  getAllBurgers  Successful response
2022-10-02T16:40:44.099Z [info] : 	Code: F100  getAllBurgers  Function Called
2022-10-02T16:40:44.108Z [info] : 	Code: HTTP200,  getAllBurgers  Successful response
2022-10-02T16:44:43.710Z [info] : 	Code: F100  getAllBurgers  Function Called
2022-10-02T16:44:43.719Z [info] : 	Code: HTTP200,  getAllBurgers  Successful response
2022-10-02T16:47:03.083Z [info] : 	Code: F100  getAllBurgers  Function Called
2022-10-02T16:47:03.090Z [info] : 	Code: HTTP200,  getAllBurgers  Successful response
2022-10-02T16:49:07.515Z [info] : 	Code: F100  getAllBurgers  Function Called
2022-10-02T16:49:07.522Z [info] : 	Code: HTTP200,  getAllBurgers  Successful response
2022-10-02T16:51:13.983Z [info] : 	Code: F100  getAllBurgers  Function Called
2022-10-02T16:51:13.991Z [info] : 	Code: HTTP200,  getAllBurgers  Successful response
2022-10-02T16:53:40.449Z [info] : 	Code: F100  getAllBurgers  Function Called
2022-10-02T16:53:40.457Z [info] : 	Code: HTTP200,  getAllBurgers  Successful response
2022-10-02T16:55:50.236Z [info] : 	Code: F100  getAllBurgers  Function Called
2022-10-02T16:55:50.245Z [info] : 	Code: HTTP200,  getAllBurgers  Successful response
2022-10-02T17:04:06.401Z [info] : 	Code: F100  getAllBurgers  Function Called
2022-10-02T17:04:06.417Z [info] : 	Code: HTTP200,  getAllBurgers  Successful response
2022-10-02T17:04:27.623Z [info] : 	Code: F100  createOrder  Function Called
2022-10-02T17:04:27.653Z [error] : 	Code: HTTP400,  createOrder  Catch error
2022-10-02T17:05:07.443Z [info] : 	Code: F100  getAllBurgers  Function Called
2022-10-02T17:05:07.465Z [info] : 	Code: HTTP200,  getAllBurgers  Successful response
2022-10-02T17:05:21.487Z [info] : 	Code: F100  createOrder  Function Called
2022-10-02T17:05:21.512Z [error] : 	Code: HTTP400,  createOrder  Catch error
2022-10-02T17:16:47.042Z [info] : 	Code: F100  createOrder  Function Called
2022-10-02T17:16:47.053Z [error] : 	Code: HTTP400,  createOrder  Catch error
2022-10-02T17:18:46.889Z [info] : 	Code: F100  getAllBurgers  Function Called
2022-10-02T17:18:46.924Z [info] : 	Code: HTTP200,  getAllBurgers  Successful response
2022-10-02T17:19:01.551Z [info] : 	Code: F100  createOrder  Function Called
2022-10-02T17:19:01.585Z [error] : 	Code: HTTP400,  createOrder  Catch error
2022-10-02T17:30:15.401Z [info] : 	Code: F100  getAllBurgers  Function Called
2022-10-02T17:30:15.421Z [info] : 	Code: HTTP200,  getAllBurgers  Successful response
2022-10-02T17:30:27.161Z [info] : 	Code: F100  createOrder  Function Called
2022-10-02T17:30:27.206Z [error] : 	Code: HTTP400,  createOrder  Catch error
2022-10-02T17:34:05.838Z [info] : 	Code: F100  createOrder  Function Called
2022-10-02T17:34:05.877Z [error] : 	Code: HTTP400,  createOrder  Catch error
2022-10-02T17:36:05.456Z [info] : 	Code: F100  createOrder  Function Called
2022-10-02T17:36:05.491Z [error] : 	Code: HTTP400,  createOrder  Catch error
2022-10-02T17:44:10.277Z [info] : 	Code: F100  createOrder  Function Called
2022-10-02T17:44:10.387Z [info] : 	Code: HTTP200,  createOrder  Successful response
2022-10-02T17:44:23.624Z [info] : 	Code: F100  getAllBurgers  Function Called
2022-10-02T17:44:23.647Z [info] : 	Code: HTTP200,  getAllBurgers  Successful response
2022-10-02T17:53:17.574Z [info] : 	Code: F100  getAllBurgers  Function Called
2022-10-02T17:53:17.591Z [info] : 	Code: HTTP200,  getAllBurgers  Successful response
2022-10-02T17:54:11.944Z [info] : 	Code: F100  createOrder  Function Called
2022-10-02T17:54:12.021Z [info] : 	Code: HTTP200,  createOrder  Successful response
2022-10-02T17:54:29.043Z [info] : 	Code: F100  getAllBurgers  Function Called
2022-10-02T17:54:29.088Z [info] : 	Code: HTTP200,  getAllBurgers  Successful response
2022-10-02T18:00:53.112Z [info] : 	Code: F100  createOrder  Function Called
2022-10-02T18:00:53.157Z [error] : 	Code: HTTP400,  createOrder  Catch error
2022-10-02T18:02:20.642Z [info] : 	Code: F100  getAllBurgers  Function Called
2022-10-02T18:02:20.659Z [info] : 	Code: HTTP200,  getAllBurgers  Successful response
2022-10-02T18:03:03.725Z [info] : 	Code: F100  createOrder  Function Called
2022-10-02T18:03:03.751Z [error] : 	Code: HTTP400,  createOrder  Catch error
2022-10-02T18:08:24.340Z [info] : 	Code: F100  getAllBurgers  Function Called
2022-10-02T18:08:24.359Z [info] : 	Code: HTTP200,  getAllBurgers  Successful response
2022-10-02T18:08:53.802Z [info] : 	Code: F100  createOrder  Function Called
2022-10-02T18:08:53.842Z [error] : 	Code: HTTP400,  createOrder  Catch error
2022-10-02T18:16:52.330Z [info] : 	Code: F100  getAllBurgers  Function Called
2022-10-02T18:16:52.345Z [info] : 	Code: HTTP200,  getAllBurgers  Successful response
2022-10-02T19:41:50.619Z [info] : 	Code: F100  getAllBurgers  Function Called
2022-10-02T19:41:50.668Z [info] : 	Code: HTTP200,  getAllBurgers  Successful response
2022-10-02T19:53:35.124Z [info] : 	Code: F100  getAllBurgers  Function Called
2022-10-02T19:53:35.139Z [info] : 	Code: HTTP200,  getAllBurgers  Successful response
2022-10-02T20:11:45.822Z [info] : 	Code: F100  getAllBurgers  Function Called
2022-10-02T20:11:45.842Z [info] : 	Code: HTTP200,  getAllBurgers  Successful response
2022-10-02T20:12:08.480Z [info] : 	Code: F100  getAllBurgers  Function Called
2022-10-02T20:12:08.492Z [info] : 	Code: HTTP200,  getAllBurgers  Successful response
2022-10-02T20:12:34.469Z [info] : 	Code: F100  getAllBurgers  Function Called
2022-10-02T20:12:34.484Z [info] : 	Code: HTTP200,  getAllBurgers  Successful response
2022-10-02T20:12:47.747Z [info] : 	Code: F100  createOrder  Function Called
2022-10-02T20:12:47.778Z [error] : 	Code: HTTP400,  createOrder  Catch error
2022-10-02T20:16:20.323Z [info] : 	Code: F100  getAllBurgers  Function Called
2022-10-02T20:16:20.342Z [info] : 	Code: HTTP200,  getAllBurgers  Successful response
2022-10-02T20:16:34.199Z [info] : 	Code: F100  createOrder  Function Called
2022-10-02T20:16:34.233Z [error] : 	Code: HTTP400,  createOrder  Catch error
2022-10-02T20:21:38.876Z [info] : 	Code: F100  createOrder  Function Called
2022-10-02T20:21:38.904Z [error] : 	Code: HTTP400,  createOrder  Catch error
2022-10-02T20:34:04.910Z [info] : 	Code: F100  getAllBurgers  Function Called
2022-10-02T20:34:04.931Z [info] : 	Code: HTTP200,  getAllBurgers  Successful response
2022-10-02T20:34:18.184Z [info] : 	Code: F100  createOrder  Function Called
2022-10-02T20:34:18.229Z [error] : 	Code: HTTP400,  createOrder  Catch error
2022-10-02T20:36:31.093Z [info] : 	Code: F100  getAllBurgers  Function Called
2022-10-02T20:36:31.108Z [info] : 	Code: HTTP200,  getAllBurgers  Successful response
2022-10-02T20:36:43.746Z [info] : 	Code: F100  getAllBurgers  Function Called
2022-10-02T20:36:43.760Z [info] : 	Code: HTTP200,  getAllBurgers  Successful response
2022-10-02T20:37:56.305Z [info] : 	Code: F100  getAllBurgers  Function Called
2022-10-02T20:37:56.324Z [info] : 	Code: HTTP200,  getAllBurgers  Successful response
2022-10-02T20:38:06.115Z [info] : 	Code: F100  createOrder  Function Called
2022-10-02T20:38:06.277Z [error] : 	Code: HTTP400,  createOrder  Catch error
2022-10-02T20:42:05.816Z [info] : 	Code: F100  createOrder  Function Called
2022-10-02T20:42:05.860Z [error] : 	Code: HTTP400,  createOrder  Catch error
2022-10-02T20:45:40.988Z [info] : 	Code: F100  getAllBurgers  Function Called
2022-10-02T20:45:41.022Z [info] : 	Code: HTTP200,  getAllBurgers  Successful response
2022-10-02T20:45:51.988Z [info] : 	Code: F100  createOrder  Function Called
2022-10-02T20:45:52.107Z [error] : 	Code: HTTP400,  createOrder  Catch error
2022-10-02T20:47:12.877Z [info] : 	Code: F100  createOrder  Function Called
2022-10-02T20:47:12.950Z [error] : 	Code: HTTP400,  createOrder  Catch error
2022-10-02T20:47:30.057Z [info] : 	Code: F100  createOrder  Function Called
2022-10-02T20:53:19.361Z [info] : 	Code: F100  createOrder  Function Called
2022-10-02T20:55:37.671Z [info] : 	Code: F100  createOrder  Function Called
2022-10-02T20:57:09.485Z [info] : 	Code: F100  createOrder  Function Called
2022-10-02T20:57:09.593Z [error] : 	Code: HTTP400,  createOrder  Catch error
2022-10-02T20:58:58.718Z [info] : 	Code: F100  createOrder  Function Called
2022-10-02T20:58:58.864Z [error] : 	Code: HTTP400,  createOrder  Catch error
