2022-10-21T21:00:14.564Z [info] : 	Code: F100 login Function Called
2022-10-21T21:00:15.104Z [info] : 	Code: F100  getAllBurgers  Function Called
2022-10-21T21:00:15.109Z [info] : 	Code: HTTP200,  getAllBurgers  Successful response
2022-10-21T21:00:37.759Z [info] : 	Code: F100 login Function Called
2022-10-21T21:00:38.169Z [info] : 	Code: F100  getAllBurgers  Function Called
2022-10-21T21:00:38.176Z [info] : 	Code: HTTP200,  getAllBurgers  Successful response
2022-10-21T21:09:58.793Z [info] : 	Code: F100 login Function Called
2022-10-21T21:09:59.057Z [info] : 	Code: F100  getAllBurgers  Function Called
2022-10-21T21:09:59.065Z [info] : 	Code: HTTP200,  getAllBurgers  Successful response
2022-10-21T21:21:38.033Z [info] : 	Code: F100  getAllBurgers  Function Called
2022-10-21T21:21:38.041Z [info] : 	Code: HTTP200,  getAllBurgers  Successful response
2022-10-21T21:22:42.963Z [info] : 	Code: F100  getAllBurgers  Function Called
2022-10-21T21:22:42.972Z [info] : 	Code: HTTP200,  getAllBurgers  Successful response
2022-10-21T21:23:23.296Z [info] : 	Code: F100 login Function Called
2022-10-21T21:23:23.743Z [info] : 	Code: F100  getAllBurgers  Function Called
2022-10-21T21:23:23.753Z [info] : 	Code: HTTP200,  getAllBurgers  Successful response
2022-10-21T21:24:57.195Z [info] : 	Code: F100  getAllBurgers  Function Called
2022-10-21T21:24:57.205Z [info] : 	Code: HTTP200,  getAllBurgers  Successful response
2022-10-21T21:25:40.604Z [info] : 	Code: F100  getAllBurgers  Function Called
2022-10-21T21:25:40.619Z [info] : 	Code: HTTP200,  getAllBurgers  Successful response
2022-10-21T21:41:11.227Z [info] : 	Code: F100  getAllBurgers  Function Called
2022-10-21T21:41:11.240Z [info] : 	Code: HTTP200,  getAllBurgers  Successful response
2022-10-21T21:43:07.548Z [info] : 	Code: F100  getAllBurgers  Function Called
2022-10-21T21:43:07.557Z [info] : 	Code: HTTP200,  getAllBurgers  Successful response
2022-10-21T21:43:22.644Z [info] : 	Code: F100  getAllBurgers  Function Called
2022-10-21T21:43:22.653Z [info] : 	Code: HTTP200,  getAllBurgers  Successful response
2022-10-21T21:54:16.168Z [info] : 	Code: F100  getAllBurgers  Function Called
2022-10-21T21:54:16.177Z [info] : 	Code: HTTP200,  getAllBurgers  Successful response
2022-10-21T21:55:10.372Z [info] : 	Code: F100  getAllBurgers  Function Called
2022-10-21T21:55:10.385Z [info] : 	Code: HTTP200,  getAllBurgers  Successful response
2022-10-21T21:55:34.024Z [info] : 	Code: F100  getAllBurgers  Function Called
2022-10-21T21:55:34.032Z [info] : 	Code: HTTP200,  getAllBurgers  Successful response
2022-10-21T22:05:53.568Z [info] : 	Code: F100  getAllBurgers  Function Called
2022-10-21T22:05:53.583Z [info] : 	Code: HTTP200,  getAllBurgers  Successful response
2022-10-21T22:08:05.199Z [info] : 	Code: F100  getAllBurgers  Function Called
2022-10-21T22:08:05.209Z [info] : 	Code: HTTP200,  getAllBurgers  Successful response
2022-10-21T22:09:16.386Z [info] : 	Code: F100  getAllBurgers  Function Called
2022-10-21T22:09:16.397Z [info] : 	Code: HTTP200,  getAllBurgers  Successful response
2022-10-21T22:09:52.260Z [info] : 	Code: F100  getAllBurgers  Function Called
2022-10-21T22:09:52.269Z [info] : 	Code: HTTP200,  getAllBurgers  Successful response
2022-10-21T22:10:06.169Z [info] : 	Code: F100  getAllBurgers  Function Called
2022-10-21T22:10:06.177Z [info] : 	Code: HTTP200,  getAllBurgers  Successful response
2022-10-21T22:13:56.093Z [info] : 	Code: F100  getAllBurgers  Function Called
2022-10-21T22:13:56.103Z [info] : 	Code: HTTP200,  getAllBurgers  Successful response
2022-10-21T22:14:24.706Z [info] : 	Code: F100  getAllBurgers  Function Called
2022-10-21T22:14:24.717Z [info] : 	Code: HTTP200,  getAllBurgers  Successful response
2022-10-21T22:14:33.460Z [info] : 	Code: F100  getAllBurgers  Function Called
2022-10-21T22:14:33.467Z [info] : 	Code: HTTP200,  getAllBurgers  Successful response
2022-10-21T22:14:52.754Z [info] : 	Code: F100  getAllBurgers  Function Called
2022-10-21T22:14:52.766Z [info] : 	Code: HTTP200,  getAllBurgers  Successful response
2022-10-21T22:21:45.603Z [info] : 	Code: F100  getAllBurgers  Function Called
2022-10-21T22:21:45.616Z [info] : 	Code: HTTP200,  getAllBurgers  Successful response
2022-10-21T22:22:52.151Z [info] : 	Code: F100  getAllBurgers  Function Called
2022-10-21T22:22:52.169Z [info] : 	Code: HTTP200,  getAllBurgers  Successful response
2022-10-21T22:25:01.235Z [info] : 	Code: F100  getAllBurgers  Function Called
2022-10-21T22:25:01.249Z [info] : 	Code: HTTP200,  getAllBurgers  Successful response
2022-10-21T22:27:08.541Z [info] : 	Code: F100  getAllBurgers  Function Called
2022-10-21T22:27:08.554Z [info] : 	Code: HTTP200,  getAllBurgers  Successful response
2022-10-21T22:29:08.214Z [info] : 	Code: F100  getAllBurgers  Function Called
2022-10-21T22:29:08.224Z [info] : 	Code: HTTP200,  getAllBurgers  Successful response
2022-10-21T22:32:50.353Z [info] : 	Code: F100  getAllBurgers  Function Called
2022-10-21T22:32:50.373Z [info] : 	Code: HTTP200,  getAllBurgers  Successful response
2022-10-21T22:33:06.807Z [info] : 	Code: F100  getAllBurgers  Function Called
2022-10-21T22:33:06.817Z [info] : 	Code: HTTP200,  getAllBurgers  Successful response
2022-10-21T22:34:47.854Z [info] : 	Code: F100  getAllBurgers  Function Called
2022-10-21T22:34:47.867Z [info] : 	Code: HTTP200,  getAllBurgers  Successful response
2022-10-21T22:35:41.383Z [info] : 	Code: F100  getAllBurgers  Function Called
2022-10-21T22:35:41.393Z [info] : 	Code: HTTP200,  getAllBurgers  Successful response
2022-10-21T22:37:43.499Z [info] : 	Code: F100  getAllBurgers  Function Called
2022-10-21T22:37:43.507Z [info] : 	Code: HTTP200,  getAllBurgers  Successful response
2022-10-21T22:40:50.273Z [info] : 	Code: F100  getAllBurgers  Function Called
2022-10-21T22:40:50.284Z [info] : 	Code: HTTP200,  getAllBurgers  Successful response
2022-10-21T22:50:15.677Z [info] : 	Code: F100  getAllBurgers  Function Called
2022-10-21T22:50:15.690Z [info] : 	Code: HTTP200,  getAllBurgers  Successful response
2022-10-21T22:50:43.157Z [info] : 	Code: F100  getAllBurgers  Function Called
2022-10-21T22:50:43.170Z [info] : 	Code: HTTP200,  getAllBurgers  Successful response
2022-10-21T22:51:30.340Z [info] : 	Code: F100  getAllBurgers  Function Called
2022-10-21T22:51:30.353Z [info] : 	Code: HTTP200,  getAllBurgers  Successful response
2022-10-21T22:52:13.805Z [info] : 	Code: F100  getAllBurgers  Function Called
2022-10-21T22:52:13.816Z [info] : 	Code: HTTP200,  getAllBurgers  Successful response
2022-10-21T22:52:44.763Z [info] : 	Code: F100  getAllBurgers  Function Called
2022-10-21T22:52:44.773Z [info] : 	Code: HTTP200,  getAllBurgers  Successful response
2022-10-21T22:53:19.354Z [info] : 	Code: F100  getAllBurgers  Function Called
2022-10-21T22:53:19.363Z [info] : 	Code: HTTP200,  getAllBurgers  Successful response
2022-10-21T22:53:50.405Z [info] : 	Code: F100  getAllBurgers  Function Called
2022-10-21T22:53:50.417Z [info] : 	Code: HTTP200,  getAllBurgers  Successful response
2022-10-21T22:55:12.538Z [info] : 	Code: F100  getAllBurgers  Function Called
2022-10-21T22:55:12.547Z [info] : 	Code: HTTP200,  getAllBurgers  Successful response
2022-10-21T22:56:43.166Z [info] : 	Code: F100  getAllBurgers  Function Called
2022-10-21T22:56:43.173Z [info] : 	Code: HTTP200,  getAllBurgers  Successful response
2022-10-21T22:57:24.398Z [info] : 	Code: F100  getAllBurgers  Function Called
2022-10-21T22:57:24.409Z [info] : 	Code: HTTP200,  getAllBurgers  Successful response
2022-10-21T22:57:31.965Z [info] : 	Code: F100  getAllBurgers  Function Called
2022-10-21T22:57:31.972Z [info] : 	Code: HTTP200,  getAllBurgers  Successful response
2022-10-21T22:57:49.482Z [info] : 	Code: F100  getAllBurgers  Function Called
2022-10-21T22:57:49.494Z [info] : 	Code: HTTP200,  getAllBurgers  Successful response
2022-10-21T22:58:20.765Z [info] : 	Code: F100  getAllBurgers  Function Called
2022-10-21T22:58:20.776Z [info] : 	Code: HTTP200,  getAllBurgers  Successful response
2022-10-21T22:59:12.125Z [info] : 	Code: F100  getAllBurgers  Function Called
2022-10-21T22:59:12.136Z [info] : 	Code: HTTP200,  getAllBurgers  Successful response
2022-10-21T23:01:08.060Z [info] : 	Code: F100  getAllBurgers  Function Called
2022-10-21T23:01:08.073Z [info] : 	Code: HTTP200,  getAllBurgers  Successful response
2022-10-21T23:01:21.838Z [info] : 	Code: F100  getAllBurgers  Function Called
2022-10-21T23:01:21.852Z [info] : 	Code: HTTP200,  getAllBurgers  Successful response
2022-10-21T23:05:14.599Z [info] : 	Code: F100  getAllBurgers  Function Called
2022-10-21T23:05:14.610Z [info] : 	Code: HTTP200,  getAllBurgers  Successful response
2022-10-21T23:06:36.952Z [info] : 	Code: F100  getAllBurgers  Function Called
2022-10-21T23:06:36.963Z [info] : 	Code: HTTP200,  getAllBurgers  Successful response
2022-10-21T23:07:27.755Z [info] : 	Code: F100  getAllBurgers  Function Called
2022-10-21T23:07:27.766Z [info] : 	Code: HTTP200,  getAllBurgers  Successful response
2022-10-21T23:28:14.714Z [info] : 	Code: F100  getAllBurgers  Function Called
2022-10-21T23:28:14.724Z [info] : 	Code: HTTP200,  getAllBurgers  Successful response
2022-10-21T23:29:28.933Z [info] : 	Code: F100  getAllBurgers  Function Called
2022-10-21T23:29:28.945Z [info] : 	Code: HTTP200,  getAllBurgers  Successful response
2022-10-21T23:29:36.305Z [info] : 	Code: F100  getAllBurgers  Function Called
2022-10-21T23:29:36.317Z [info] : 	Code: HTTP200,  getAllBurgers  Successful response
2022-10-21T23:34:44.536Z [info] : 	Code: F100  getAllBurgers  Function Called
2022-10-21T23:34:44.546Z [info] : 	Code: HTTP200,  getAllBurgers  Successful response
2022-10-21T23:36:45.761Z [info] : 	Code: F100  getAllBurgers  Function Called
2022-10-21T23:36:45.770Z [info] : 	Code: HTTP200,  getAllBurgers  Successful response
2022-10-21T23:39:57.619Z [info] : 	Code: F100  getAllBurgers  Function Called
2022-10-21T23:39:57.628Z [info] : 	Code: HTTP200,  getAllBurgers  Successful response
2022-10-21T23:40:39.414Z [info] : 	Code: F100  getAllBurgers  Function Called
2022-10-21T23:40:39.426Z [info] : 	Code: HTTP200,  getAllBurgers  Successful response
2022-10-21T23:41:17.070Z [info] : 	Code: F100  getAllBurgers  Function Called
2022-10-21T23:41:17.081Z [info] : 	Code: HTTP200,  getAllBurgers  Successful response
2022-10-21T23:41:48.633Z [info] : 	Code: F100  getAllBurgers  Function Called
2022-10-21T23:41:48.645Z [info] : 	Code: HTTP200,  getAllBurgers  Successful response
2022-10-21T23:41:53.205Z [info] : 	Code: F100  getAllBurgers  Function Called
2022-10-21T23:41:53.210Z [info] : 	Code: HTTP200,  getAllBurgers  Successful response
2022-10-21T23:42:15.037Z [info] : 	Code: F100  getAllBurgers  Function Called
2022-10-21T23:42:15.048Z [info] : 	Code: HTTP200,  getAllBurgers  Successful response
2022-10-21T23:42:23.378Z [info] : 	Code: F100  getAllBurgers  Function Called
2022-10-21T23:42:23.387Z [info] : 	Code: HTTP200,  getAllBurgers  Successful response
2022-10-21T23:52:49.762Z [info] : 	Code: F100  getAllBurgers  Function Called
2022-10-21T23:52:49.775Z [info] : 	Code: HTTP200,  getAllBurgers  Successful response
2022-10-21T23:53:18.938Z [info] : 	Code: F100  getAllBurgers  Function Called
2022-10-21T23:53:18.953Z [info] : 	Code: HTTP200,  getAllBurgers  Successful response
2022-10-21T23:55:25.058Z [info] : 	Code: F100  getAllBurgers  Function Called
2022-10-21T23:55:25.068Z [info] : 	Code: HTTP200,  getAllBurgers  Successful response
2022-10-21T23:57:58.946Z [info] : 	Code: F100  getAllBurgers  Function Called
2022-10-21T23:57:58.955Z [info] : 	Code: HTTP200,  getAllBurgers  Successful response
2022-10-22T00:04:14.803Z [info] : 	Code: F100  getAllBurgers  Function Called
2022-10-22T00:04:14.813Z [info] : 	Code: HTTP200,  getAllBurgers  Successful response
2022-10-22T00:05:12.272Z [info] : 	Code: F100  getAllBurgers  Function Called
2022-10-22T00:05:12.285Z [info] : 	Code: HTTP200,  getAllBurgers  Successful response
2022-10-22T00:06:34.784Z [info] : 	Code: F100  getAllBurgers  Function Called
2022-10-22T00:06:34.794Z [info] : 	Code: HTTP200,  getAllBurgers  Successful response
2022-10-22T00:10:14.447Z [info] : 	Code: F100  getAllBurgers  Function Called
2022-10-22T00:10:14.458Z [info] : 	Code: HTTP200,  getAllBurgers  Successful response
2022-10-22T00:11:45.272Z [info] : 	Code: F100  getAllBurgers  Function Called
2022-10-22T00:11:45.282Z [info] : 	Code: HTTP200,  getAllBurgers  Successful response
2022-10-22T00:12:54.650Z [info] : 	Code: F100  getAllBurgers  Function Called
2022-10-22T00:12:54.660Z [info] : 	Code: HTTP200,  getAllBurgers  Successful response
2022-10-22T00:13:04.516Z [info] : 	Code: F100  getAllBurgers  Function Called
2022-10-22T00:13:04.523Z [info] : 	Code: HTTP200,  getAllBurgers  Successful response
2022-10-22T00:13:23.444Z [info] : 	Code: F100  getAllBurgers  Function Called
2022-10-22T00:13:23.452Z [info] : 	Code: HTTP200,  getAllBurgers  Successful response
2022-10-22T00:13:37.940Z [info] : 	Code: F100  getAllBurgers  Function Called
2022-10-22T00:13:37.949Z [info] : 	Code: HTTP200,  getAllBurgers  Successful response
2022-10-22T00:13:50.613Z [info] : 	Code: F100  getAllBurgers  Function Called
2022-10-22T00:13:50.624Z [info] : 	Code: HTTP200,  getAllBurgers  Successful response
2022-10-22T00:14:26.743Z [info] : 	Code: F100  getAllBurgers  Function Called
2022-10-22T00:14:26.751Z [info] : 	Code: HTTP200,  getAllBurgers  Successful response
2022-10-22T00:15:24.376Z [info] : 	Code: F100  getAllBurgers  Function Called
2022-10-22T00:15:24.383Z [info] : 	Code: HTTP200,  getAllBurgers  Successful response
2022-10-22T00:15:27.530Z [info] : 	Code: F100  getAllBurgers  Function Called
2022-10-22T00:15:27.536Z [info] : 	Code: HTTP200,  getAllBurgers  Successful response
2022-10-22T00:18:16.428Z [info] : 	Code: F100  getAllBurgers  Function Called
2022-10-22T00:18:16.436Z [info] : 	Code: HTTP200,  getAllBurgers  Successful response
2022-10-22T00:54:55.991Z [info] : 	Code: F100 login Function Called
2022-10-22T00:54:56.348Z [info] : 	Code: F100  getAllBurgers  Function Called
2022-10-22T00:54:56.357Z [info] : 	Code: HTTP200,  getAllBurgers  Successful response
2022-10-22T00:59:05.324Z [info] : 	Code: F100  getAllBurgers  Function Called
2022-10-22T00:59:05.336Z [info] : 	Code: HTTP200,  getAllBurgers  Successful response
2022-10-22T01:06:45.871Z [info] : 	Code: F100  getAllBurgers  Function Called
2022-10-22T01:06:45.884Z [info] : 	Code: HTTP200,  getAllBurgers  Successful response
2022-10-22T01:07:29.859Z [info] : 	Code: F100  getAllBurgers  Function Called
2022-10-22T01:07:29.871Z [info] : 	Code: HTTP200,  getAllBurgers  Successful response
2022-10-22T01:09:13.518Z [info] : 	Code: F100  getAllBurgers  Function Called
2022-10-22T01:09:13.531Z [info] : 	Code: HTTP200,  getAllBurgers  Successful response
2022-10-22T01:09:18.879Z [info] : 	Code: F100  getAllBurgers  Function Called
2022-10-22T01:09:18.886Z [info] : 	Code: HTTP200,  getAllBurgers  Successful response
2022-10-22T01:09:36.144Z [info] : 	Code: F100  getAllBurgers  Function Called
2022-10-22T01:09:36.156Z [info] : 	Code: HTTP200,  getAllBurgers  Successful response
2022-10-22T01:14:05.478Z [info] : 	Code: F100  getAllBurgers  Function Called
2022-10-22T01:14:05.496Z [info] : 	Code: HTTP200,  getAllBurgers  Successful response
2022-10-22T01:14:43.244Z [info] : 	Code: F100  getAllBurgers  Function Called
2022-10-22T01:14:43.254Z [info] : 	Code: HTTP200,  getAllBurgers  Successful response
2022-10-22T01:16:09.646Z [info] : 	Code: F100  getAllBurgers  Function Called
2022-10-22T01:16:09.658Z [info] : 	Code: HTTP200,  getAllBurgers  Successful response
2022-10-22T01:16:34.777Z [info] : 	Code: F100  getAllBurgers  Function Called
2022-10-22T01:16:34.790Z [info] : 	Code: HTTP200,  getAllBurgers  Successful response
2022-10-22T01:18:28.981Z [info] : 	Code: F100  getAllBurgers  Function Called
2022-10-22T01:18:28.997Z [info] : 	Code: HTTP200,  getAllBurgers  Successful response
2022-10-22T01:19:03.902Z [info] : 	Code: F100  getAllBurgers  Function Called
2022-10-22T01:19:03.917Z [info] : 	Code: HTTP200,  getAllBurgers  Successful response
2022-10-22T01:20:34.418Z [info] : 	Code: F100  getAllBurgers  Function Called
2022-10-22T01:20:34.433Z [info] : 	Code: HTTP200,  getAllBurgers  Successful response
2022-10-22T01:20:56.038Z [info] : 	Code: F100  getAllBurgers  Function Called
2022-10-22T01:20:56.053Z [info] : 	Code: HTTP200,  getAllBurgers  Successful response
2022-10-22T01:21:06.465Z [info] : 	Code: F100  getAllBurgers  Function Called
2022-10-22T01:21:06.476Z [info] : 	Code: HTTP200,  getAllBurgers  Successful response
2022-10-22T01:23:47.014Z [info] : 	Code: F100 login Function Called
2022-10-22T01:23:47.526Z [info] : 	Code: F100  getAllBurgers  Function Called
2022-10-22T01:23:47.536Z [info] : 	Code: HTTP200,  getAllBurgers  Successful response
2022-10-22T01:26:49.722Z [info] : 	Code: F100  getAllBurgers  Function Called
2022-10-22T01:26:49.735Z [info] : 	Code: HTTP200,  getAllBurgers  Successful response
2022-10-22T01:30:33.979Z [info] : 	Code: F100  getAllBurgers  Function Called
2022-10-22T01:30:33.997Z [info] : 	Code: HTTP200,  getAllBurgers  Successful response
2022-10-22T01:31:43.034Z [info] : 	Code: F100  getAllBurgers  Function Called
2022-10-22T01:31:43.046Z [info] : 	Code: HTTP200,  getAllBurgers  Successful response
2022-10-22T01:32:29.186Z [info] : 	Code: F100  getAllBurgers  Function Called
2022-10-22T01:32:29.197Z [info] : 	Code: HTTP200,  getAllBurgers  Successful response
2022-10-22T01:33:05.152Z [info] : 	Code: F100  getAllBurgers  Function Called
2022-10-22T01:33:05.162Z [info] : 	Code: HTTP200,  getAllBurgers  Successful response
2022-10-22T01:33:27.737Z [info] : 	Code: F100  getAllBurgers  Function Called
2022-10-22T01:33:27.747Z [info] : 	Code: HTTP200,  getAllBurgers  Successful response
2022-10-22T01:33:35.199Z [info] : 	Code: F100  getAllBurgers  Function Called
2022-10-22T01:33:35.207Z [info] : 	Code: HTTP200,  getAllBurgers  Successful response
2022-10-22T01:34:08.563Z [info] : 	Code: F100  getAllBurgers  Function Called
2022-10-22T01:34:08.573Z [info] : 	Code: HTTP200,  getAllBurgers  Successful response
2022-10-22T01:34:23.570Z [info] : 	Code: F100  getAllBurgers  Function Called
2022-10-22T01:34:23.583Z [info] : 	Code: HTTP200,  getAllBurgers  Successful response
2022-10-22T01:34:44.001Z [info] : 	Code: F100  getAllBurgers  Function Called
2022-10-22T01:34:44.012Z [info] : 	Code: HTTP200,  getAllBurgers  Successful response
2022-10-22T01:35:22.098Z [info] : 	Code: F100  getAllBurgers  Function Called
2022-10-22T01:35:22.114Z [info] : 	Code: HTTP200,  getAllBurgers  Successful response
2022-10-22T10:07:20.780Z [info] : 	Code: F100 login Function Called
2022-10-22T10:07:21.106Z [info] : 	Code: F100  getAllBurgers  Function Called
2022-10-22T10:07:21.135Z [info] : 	Code: HTTP200,  getAllBurgers  Successful response
2022-10-22T10:08:43.877Z [info] : 	Code: F100  createOrder  Function Called
2022-10-22T10:08:43.984Z [info] : 	Code: HTTP200,  createOrder  Successful response
2022-10-22T10:08:44.141Z [info] : 	Code: F100  getAllBurgers  Function Called
2022-10-22T10:08:44.154Z [info] : 	Code: HTTP200,  getAllBurgers  Successful response
2022-10-22T10:10:49.290Z [info] : 	Code: F100  getAllBurgers  Function Called
2022-10-22T10:10:49.311Z [info] : 	Code: HTTP200,  getAllBurgers  Successful response
2022-10-22T10:11:08.333Z [info] : 	Code: F100  createOrder  Function Called
2022-10-22T10:11:08.457Z [info] : 	Code: HTTP200,  createOrder  Successful response
2022-10-22T10:11:08.788Z [info] : 	Code: F100  getAllBurgers  Function Called
2022-10-22T10:11:08.800Z [info] : 	Code: HTTP200,  getAllBurgers  Successful response
2022-10-22T10:14:50.714Z [info] : 	Code: F100  getAllBurgers  Function Called
2022-10-22T10:14:50.731Z [info] : 	Code: HTTP200,  getAllBurgers  Successful response
2022-10-22T10:15:15.297Z [info] : 	Code: F100  getAllBurgers  Function Called
2022-10-22T10:15:15.313Z [info] : 	Code: HTTP200,  getAllBurgers  Successful response
2022-10-22T10:16:38.977Z [info] : 	Code: F100  getAllBurgers  Function Called
2022-10-22T10:16:38.990Z [info] : 	Code: HTTP200,  getAllBurgers  Successful response
2022-10-22T10:18:34.173Z [info] : 	Code: F100  getAllBurgers  Function Called
2022-10-22T10:18:34.187Z [info] : 	Code: HTTP200,  getAllBurgers  Successful response
2022-10-22T10:19:17.097Z [info] : 	Code: F100  getAllBurgers  Function Called
2022-10-22T10:19:17.111Z [info] : 	Code: HTTP200,  getAllBurgers  Successful response
2022-10-22T10:22:05.242Z [info] : 	Code: F100  getAllBurgers  Function Called
2022-10-22T10:22:05.256Z [info] : 	Code: HTTP200,  getAllBurgers  Successful response
2022-10-22T10:23:54.665Z [info] : 	Code: F100  getAllBurgers  Function Called
2022-10-22T10:23:54.682Z [info] : 	Code: HTTP200,  getAllBurgers  Successful response
2022-10-22T10:25:19.130Z [info] : 	Code: F100  getAllBurgers  Function Called
2022-10-22T10:25:19.144Z [info] : 	Code: HTTP200,  getAllBurgers  Successful response
2022-10-22T10:25:37.100Z [info] : 	Code: F100  getAllBurgers  Function Called
2022-10-22T10:25:37.111Z [info] : 	Code: HTTP200,  getAllBurgers  Successful response
2022-10-22T10:25:50.510Z [info] : 	Code: F100  getAllBurgers  Function Called
2022-10-22T10:25:50.524Z [info] : 	Code: HTTP200,  getAllBurgers  Successful response
2022-10-22T10:27:06.152Z [info] : 	Code: F100  getAllBurgers  Function Called
2022-10-22T10:27:06.163Z [info] : 	Code: HTTP200,  getAllBurgers  Successful response
2022-10-22T10:28:52.828Z [info] : 	Code: F100  getAllBurgers  Function Called
2022-10-22T10:28:52.842Z [info] : 	Code: HTTP200,  getAllBurgers  Successful response
2022-10-22T10:31:35.737Z [info] : 	Code: F100  getAllBurgers  Function Called
2022-10-22T10:31:35.750Z [info] : 	Code: HTTP200,  getAllBurgers  Successful response
2022-10-22T10:31:59.351Z [info] : 	Code: F100  getAllBurgers  Function Called
2022-10-22T10:31:59.361Z [info] : 	Code: HTTP200,  getAllBurgers  Successful response
2022-10-22T10:37:05.650Z [info] : 	Code: F100  getAllBurgers  Function Called
2022-10-22T10:37:05.665Z [info] : 	Code: HTTP200,  getAllBurgers  Successful response
2022-10-22T10:38:10.297Z [info] : 	Code: F100  getAllBurgers  Function Called
2022-10-22T10:38:10.308Z [info] : 	Code: HTTP200,  getAllBurgers  Successful response
2022-10-22T10:38:39.126Z [info] : 	Code: F100  getAllBurgers  Function Called
2022-10-22T10:38:39.137Z [info] : 	Code: HTTP200,  getAllBurgers  Successful response
2022-10-22T10:38:53.663Z [info] : 	Code: F100  getAllBurgers  Function Called
2022-10-22T10:38:53.678Z [info] : 	Code: HTTP200,  getAllBurgers  Successful response
2022-10-22T10:39:41.613Z [info] : 	Code: F100  getAllBurgers  Function Called
2022-10-22T10:39:41.624Z [info] : 	Code: HTTP200,  getAllBurgers  Successful response
2022-10-22T10:40:04.343Z [info] : 	Code: F100  getAllBurgers  Function Called
2022-10-22T10:40:04.354Z [info] : 	Code: HTTP200,  getAllBurgers  Successful response
2022-10-22T10:40:37.478Z [info] : 	Code: F100  getAllBurgers  Function Called
2022-10-22T10:40:37.491Z [info] : 	Code: HTTP200,  getAllBurgers  Successful response
2022-10-22T10:40:51.792Z [info] : 	Code: F100  getAllBurgers  Function Called
2022-10-22T10:40:51.802Z [info] : 	Code: HTTP200,  getAllBurgers  Successful response
2022-10-22T10:41:04.486Z [info] : 	Code: F100  getAllBurgers  Function Called
2022-10-22T10:41:04.503Z [info] : 	Code: HTTP200,  getAllBurgers  Successful response
2022-10-22T10:42:18.997Z [info] : 	Code: F100  getAllBurgers  Function Called
2022-10-22T10:42:19.008Z [info] : 	Code: HTTP200,  getAllBurgers  Successful response
2022-10-22T10:42:36.474Z [info] : 	Code: F100  getAllBurgers  Function Called
2022-10-22T10:42:36.485Z [info] : 	Code: HTTP200,  getAllBurgers  Successful response
2022-10-22T10:42:47.851Z [info] : 	Code: F100  getAllBurgers  Function Called
2022-10-22T10:42:47.866Z [info] : 	Code: HTTP200,  getAllBurgers  Successful response
2022-10-22T10:43:41.726Z [info] : 	Code: F100  getAllBurgers  Function Called
2022-10-22T10:43:41.737Z [info] : 	Code: HTTP200,  getAllBurgers  Successful response
2022-10-22T10:44:04.102Z [info] : 	Code: F100  getAllBurgers  Function Called
2022-10-22T10:44:04.122Z [info] : 	Code: HTTP200,  getAllBurgers  Successful response
2022-10-22T10:44:10.460Z [info] : 	Code: F100  getAllBurgers  Function Called
2022-10-22T10:44:10.466Z [info] : 	Code: HTTP200,  getAllBurgers  Successful response
2022-10-22T10:44:35.792Z [info] : 	Code: F100  getAllBurgers  Function Called
2022-10-22T10:44:35.803Z [info] : 	Code: HTTP200,  getAllBurgers  Successful response
2022-10-22T10:50:50.613Z [info] : 	Code: F100  getAllBurgers  Function Called
2022-10-22T10:50:50.631Z [info] : 	Code: HTTP200,  getAllBurgers  Successful response
2022-10-22T10:51:36.530Z [info] : 	Code: F100  getAllBurgers  Function Called
2022-10-22T10:51:36.539Z [info] : 	Code: HTTP200,  getAllBurgers  Successful response
2022-10-22T10:57:13.095Z [info] : 	Code: F100  getAllBurgers  Function Called
2022-10-22T10:57:13.115Z [info] : 	Code: HTTP200,  getAllBurgers  Successful response
2022-10-22T10:59:03.628Z [info] : 	Code: F100  getAllBurgers  Function Called
2022-10-22T10:59:03.640Z [info] : 	Code: HTTP200,  getAllBurgers  Successful response
2022-10-22T10:59:59.726Z [info] : 	Code: F100  getAllBurgers  Function Called
2022-10-22T10:59:59.741Z [info] : 	Code: HTTP200,  getAllBurgers  Successful response
2022-10-22T11:01:13.096Z [info] : 	Code: F100  getAllBurgers  Function Called
2022-10-22T11:01:13.107Z [info] : 	Code: HTTP200,  getAllBurgers  Successful response
2022-10-22T11:05:35.283Z [info] : 	Code: F100  getAllBurgers  Function Called
2022-10-22T11:05:35.297Z [info] : 	Code: HTTP200,  getAllBurgers  Successful response
2022-10-22T11:05:49.083Z [info] : 	Code: F100  getAllBurgers  Function Called
2022-10-22T11:05:49.094Z [info] : 	Code: HTTP200,  getAllBurgers  Successful response
2022-10-22T11:10:02.594Z [info] : 	Code: F100  getAllBurgers  Function Called
2022-10-22T11:10:02.606Z [info] : 	Code: HTTP200,  getAllBurgers  Successful response
2022-10-22T11:10:13.930Z [info] : 	Code: F100  getAllBurgers  Function Called
2022-10-22T11:10:13.943Z [info] : 	Code: HTTP200,  getAllBurgers  Successful response
2022-10-22T11:11:05.428Z [info] : 	Code: F100  getAllBurgers  Function Called
2022-10-22T11:11:05.438Z [info] : 	Code: HTTP200,  getAllBurgers  Successful response
2022-10-22T11:12:19.078Z [info] : 	Code: F100  getAllBurgers  Function Called
2022-10-22T11:12:19.088Z [info] : 	Code: HTTP200,  getAllBurgers  Successful response
2022-10-22T11:14:14.082Z [info] : 	Code: F100  getAllBurgers  Function Called
2022-10-22T11:14:14.093Z [info] : 	Code: HTTP200,  getAllBurgers  Successful response
2022-10-22T11:15:34.525Z [info] : 	Code: F100  getAllBurgers  Function Called
2022-10-22T11:15:34.535Z [info] : 	Code: HTTP200,  getAllBurgers  Successful response
2022-10-22T11:20:05.923Z [info] : 	Code: F100  getAllBurgers  Function Called
2022-10-22T11:20:05.939Z [info] : 	Code: HTTP200,  getAllBurgers  Successful response
2022-10-22T11:21:14.530Z [info] : 	Code: F100  getAllBurgers  Function Called
2022-10-22T11:21:14.539Z [info] : 	Code: HTTP200,  getAllBurgers  Successful response
2022-10-22T11:22:27.837Z [info] : 	Code: F100  getAllBurgers  Function Called
2022-10-22T11:22:27.848Z [info] : 	Code: HTTP200,  getAllBurgers  Successful response
2022-10-22T11:23:40.653Z [info] : 	Code: F100  getAllBurgers  Function Called
2022-10-22T11:23:40.665Z [info] : 	Code: HTTP200,  getAllBurgers  Successful response
2022-10-22T13:37:12.652Z [info] : 	Code: F100  getAllBurgers  Function Called
2022-10-22T13:37:12.665Z [info] : 	Code: HTTP200,  getAllBurgers  Successful response
2022-10-22T13:56:40.219Z [info] : 	Code: F100  getAllBurgers  Function Called
2022-10-22T13:56:40.227Z [info] : 	Code: HTTP200,  getAllBurgers  Successful response
2022-10-22T13:58:21.309Z [info] : 	Code: F100  getAllBurgers  Function Called
2022-10-22T13:58:21.318Z [info] : 	Code: HTTP200,  getAllBurgers  Successful response
2022-10-22T14:00:29.897Z [info] : 	Code: F100  getAllBurgers  Function Called
2022-10-22T14:00:29.910Z [info] : 	Code: HTTP200,  getAllBurgers  Successful response
2022-10-22T14:12:32.258Z [info] : 	Code: F100  getAllBurgers  Function Called
2022-10-22T14:12:32.271Z [info] : 	Code: HTTP200,  getAllBurgers  Successful response
2022-10-22T14:13:45.164Z [info] : 	Code: F100  getAllBurgers  Function Called
2022-10-22T14:13:45.178Z [info] : 	Code: HTTP200,  getAllBurgers  Successful response
2022-10-22T14:15:36.474Z [info] : 	Code: F100  getAllBurgers  Function Called
2022-10-22T14:15:36.500Z [info] : 	Code: HTTP200,  getAllBurgers  Successful response
2022-10-22T14:18:52.115Z [info] : 	Code: F100  getAllBurgers  Function Called
2022-10-22T14:18:52.125Z [info] : 	Code: HTTP200,  getAllBurgers  Successful response
2022-10-22T14:19:21.067Z [info] : 	Code: F100  getAllBurgers  Function Called
2022-10-22T14:19:21.076Z [info] : 	Code: HTTP200,  getAllBurgers  Successful response
2022-10-22T14:25:24.507Z [info] : 	Code: F100  getAllBurgers  Function Called
2022-10-22T14:25:24.524Z [info] : 	Code: HTTP200,  getAllBurgers  Successful response
2022-10-22T14:25:44.172Z [info] : 	Code: F100  getAllBurgers  Function Called
2022-10-22T14:25:44.182Z [info] : 	Code: HTTP200,  getAllBurgers  Successful response
2022-10-22T14:27:13.293Z [info] : 	Code: F100  getAllBurgers  Function Called
2022-10-22T14:27:13.305Z [info] : 	Code: HTTP200,  getAllBurgers  Successful response
2022-10-22T14:30:53.965Z [info] : 	Code: F100  getAllBurgers  Function Called
2022-10-22T14:30:53.978Z [info] : 	Code: HTTP200,  getAllBurgers  Successful response
2022-10-22T14:32:55.433Z [info] : 	Code: F100  getAllBurgers  Function Called
2022-10-22T14:32:55.445Z [info] : 	Code: HTTP200,  getAllBurgers  Successful response
2022-10-22T14:35:02.288Z [info] : 	Code: F100  getAllBurgers  Function Called
2022-10-22T14:35:02.299Z [info] : 	Code: HTTP200,  getAllBurgers  Successful response
2022-10-22T14:41:47.061Z [info] : 	Code: F100  getAllBurgers  Function Called
2022-10-22T14:41:47.075Z [info] : 	Code: HTTP200,  getAllBurgers  Successful response
2022-10-22T14:42:22.746Z [info] : 	Code: F100  getAllBurgers  Function Called
2022-10-22T14:42:22.754Z [info] : 	Code: HTTP200,  getAllBurgers  Successful response
2022-10-22T14:43:30.151Z [info] : 	Code: F100  getAllBurgers  Function Called
2022-10-22T14:43:30.163Z [info] : 	Code: HTTP200,  getAllBurgers  Successful response
2022-10-22T14:43:54.716Z [info] : 	Code: F100  getAllBurgers  Function Called
2022-10-22T14:43:54.732Z [info] : 	Code: HTTP200,  getAllBurgers  Successful response
2022-10-22T14:45:03.765Z [info] : 	Code: F100  getAllBurgers  Function Called
2022-10-22T14:45:03.774Z [info] : 	Code: HTTP200,  getAllBurgers  Successful response
2022-10-22T14:51:07.128Z [info] : 	Code: F100  getAllBurgers  Function Called
2022-10-22T14:51:07.140Z [info] : 	Code: HTTP200,  getAllBurgers  Successful response
2022-10-22T14:52:13.918Z [info] : 	Code: F100  getAllBurgers  Function Called
2022-10-22T14:52:13.934Z [info] : 	Code: HTTP200,  getAllBurgers  Successful response
2022-10-22T14:54:22.651Z [info] : 	Code: F100  getAllBurgers  Function Called
2022-10-22T14:54:22.663Z [info] : 	Code: HTTP200,  getAllBurgers  Successful response
2022-10-22T14:55:21.610Z [info] : 	Code: F100  getAllBurgers  Function Called
2022-10-22T14:55:21.623Z [info] : 	Code: HTTP200,  getAllBurgers  Successful response
2022-10-22T14:56:12.428Z [info] : 	Code: F100  getAllBurgers  Function Called
2022-10-22T14:56:12.445Z [info] : 	Code: HTTP200,  getAllBurgers  Successful response
2022-10-22T14:56:39.048Z [info] : 	Code: F100  getAllBurgers  Function Called
2022-10-22T14:56:39.060Z [info] : 	Code: HTTP200,  getAllBurgers  Successful response
2022-10-22T14:56:53.527Z [info] : 	Code: F100  getAllBurgers  Function Called
2022-10-22T14:56:53.538Z [info] : 	Code: HTTP200,  getAllBurgers  Successful response
2022-10-22T14:57:44.947Z [info] : 	Code: F100  getAllBurgers  Function Called
2022-10-22T14:57:44.959Z [info] : 	Code: HTTP200,  getAllBurgers  Successful response
2022-10-22T14:58:04.171Z [info] : 	Code: F100  getAllBurgers  Function Called
2022-10-22T14:58:04.181Z [info] : 	Code: HTTP200,  getAllBurgers  Successful response
2022-10-22T15:07:34.687Z [info] : 	Code: F100  getAllBurgers  Function Called
2022-10-22T15:07:34.698Z [info] : 	Code: HTTP200,  getAllBurgers  Successful response
2022-10-22T15:14:39.769Z [info] : 	Code: F100  getAllBurgers  Function Called
2022-10-22T15:14:39.780Z [info] : 	Code: HTTP200,  getAllBurgers  Successful response
2022-10-22T15:15:37.163Z [info] : 	Code: F100  getAllBurgers  Function Called
2022-10-22T15:15:37.174Z [info] : 	Code: HTTP200,  getAllBurgers  Successful response
2022-10-22T15:16:30.944Z [info] : 	Code: F100  getAllBurgers  Function Called
2022-10-22T15:16:30.954Z [info] : 	Code: HTTP200,  getAllBurgers  Successful response
2022-10-22T15:16:39.006Z [info] : 	Code: F100  getAllBurgers  Function Called
2022-10-22T15:16:39.010Z [info] : 	Code: HTTP200,  getAllBurgers  Successful response
2022-10-22T15:18:14.625Z [info] : 	Code: F100  getAllBurgers  Function Called
2022-10-22T15:18:14.637Z [info] : 	Code: HTTP200,  getAllBurgers  Successful response
2022-10-22T15:19:05.799Z [info] : 	Code: F100  getAllBurgers  Function Called
2022-10-22T15:19:05.809Z [info] : 	Code: HTTP200,  getAllBurgers  Successful response
2022-10-22T15:20:21.209Z [info] : 	Code: F100  getAllBurgers  Function Called
2022-10-22T15:20:21.217Z [info] : 	Code: HTTP200,  getAllBurgers  Successful response
2022-10-22T15:30:57.669Z [info] : 	Code: F100  getAllBurgers  Function Called
2022-10-22T15:30:57.681Z [info] : 	Code: HTTP200,  getAllBurgers  Successful response
2022-10-22T15:42:28.715Z [info] : 	Code: F100  getAllBurgers  Function Called
2022-10-22T15:42:28.725Z [info] : 	Code: HTTP200,  getAllBurgers  Successful response
2022-10-22T15:43:24.885Z [info] : 	Code: F100  getAllBurgers  Function Called
2022-10-22T15:43:24.899Z [info] : 	Code: HTTP200,  getAllBurgers  Successful response
2022-10-22T15:49:33.951Z [info] : 	Code: F100  getAllBurgers  Function Called
2022-10-22T15:49:33.962Z [info] : 	Code: HTTP200,  getAllBurgers  Successful response
2022-10-22T15:51:21.310Z [info] : 	Code: F100  getAllBurgers  Function Called
2022-10-22T15:51:21.319Z [info] : 	Code: HTTP200,  getAllBurgers  Successful response
2022-10-22T15:52:46.791Z [info] : 	Code: F100  getAllBurgers  Function Called
2022-10-22T15:52:46.800Z [info] : 	Code: HTTP200,  getAllBurgers  Successful response
2022-10-22T15:54:15.124Z [info] : 	Code: F100  getAllBurgers  Function Called
2022-10-22T15:54:15.138Z [info] : 	Code: HTTP200,  getAllBurgers  Successful response
2022-10-22T15:55:11.502Z [info] : 	Code: F100  getAllBurgers  Function Called
2022-10-22T15:55:11.512Z [info] : 	Code: HTTP200,  getAllBurgers  Successful response
2022-10-22T15:55:28.269Z [info] : 	Code: F100  getAllBurgers  Function Called
2022-10-22T15:55:28.281Z [info] : 	Code: HTTP200,  getAllBurgers  Successful response
2022-10-22T15:57:11.186Z [info] : 	Code: F100  getAllBurgers  Function Called
2022-10-22T15:57:11.194Z [info] : 	Code: HTTP200,  getAllBurgers  Successful response
2022-10-22T16:02:44.593Z [info] : 	Code: F100  getAllBurgers  Function Called
2022-10-22T16:02:44.602Z [info] : 	Code: HTTP200,  getAllBurgers  Successful response
2022-10-22T16:04:45.484Z [info] : 	Code: F100  getAllBurgers  Function Called
2022-10-22T16:04:45.492Z [info] : 	Code: HTTP200,  getAllBurgers  Successful response
2022-10-22T16:06:44.875Z [info] : 	Code: F100  getAllBurgers  Function Called
2022-10-22T16:06:44.883Z [info] : 	Code: HTTP200,  getAllBurgers  Successful response
2022-10-22T16:23:37.298Z [info] : 	Code: F100  getAllBurgers  Function Called
2022-10-22T16:23:37.308Z [info] : 	Code: HTTP200,  getAllBurgers  Successful response
2022-10-22T16:24:15.468Z [info] : 	Code: F100  getAllBurgers  Function Called
2022-10-22T16:24:15.477Z [info] : 	Code: HTTP200,  getAllBurgers  Successful response
2022-10-22T16:25:46.802Z [info] : 	Code: F100  getAllBurgers  Function Called
2022-10-22T16:25:46.810Z [info] : 	Code: HTTP200,  getAllBurgers  Successful response
2022-10-22T17:07:33.751Z [info] : 	Code: F100  getAllBurgers  Function Called
2022-10-22T17:07:33.767Z [info] : 	Code: HTTP200,  getAllBurgers  Successful response
2022-10-22T17:08:15.304Z [info] : 	Code: F100  getAllBurgers  Function Called
2022-10-22T17:08:15.314Z [info] : 	Code: HTTP200,  getAllBurgers  Successful response
2022-10-22T17:09:41.698Z [info] : 	Code: F100  getAllBurgers  Function Called
2022-10-22T17:09:41.708Z [info] : 	Code: HTTP200,  getAllBurgers  Successful response
2022-10-22T17:10:37.226Z [info] : 	Code: F100  getAllBurgers  Function Called
2022-10-22T17:10:37.234Z [info] : 	Code: HTTP200,  getAllBurgers  Successful response
2022-10-22T17:11:01.213Z [info] : 	Code: F100  getAllBurgers  Function Called
2022-10-22T17:11:01.228Z [info] : 	Code: HTTP200,  getAllBurgers  Successful response
2022-10-22T17:14:32.121Z [info] : 	Code: F100  getAllBurgers  Function Called
2022-10-22T17:14:32.131Z [info] : 	Code: HTTP200,  getAllBurgers  Successful response
2022-10-22T17:15:52.181Z [info] : 	Code: F100  getAllBurgers  Function Called
2022-10-22T17:15:52.191Z [info] : 	Code: HTTP200,  getAllBurgers  Successful response
2022-10-22T17:16:14.575Z [info] : 	Code: F100  getAllBurgers  Function Called
2022-10-22T17:16:14.585Z [info] : 	Code: HTTP200,  getAllBurgers  Successful response
2022-10-22T17:16:38.153Z [info] : 	Code: F100  getAllBurgers  Function Called
2022-10-22T17:16:38.171Z [info] : 	Code: HTTP200,  getAllBurgers  Successful response
2022-10-22T17:16:49.171Z [info] : 	Code: F100  getAllBurgers  Function Called
2022-10-22T17:16:49.184Z [info] : 	Code: HTTP200,  getAllBurgers  Successful response
2022-10-22T17:18:54.974Z [info] : 	Code: F100  getAllBurgers  Function Called
2022-10-22T17:18:54.984Z [info] : 	Code: HTTP200,  getAllBurgers  Successful response
2022-10-22T17:20:38.285Z [info] : 	Code: F100  getAllBurgers  Function Called
2022-10-22T17:20:38.293Z [info] : 	Code: HTTP200,  getAllBurgers  Successful response
2022-10-22T17:21:11.117Z [info] : 	Code: F100  getAllBurgers  Function Called
2022-10-22T17:21:11.125Z [info] : 	Code: HTTP200,  getAllBurgers  Successful response
2022-10-22T17:22:23.578Z [info] : 	Code: F100  getAllBurgers  Function Called
2022-10-22T17:22:23.590Z [info] : 	Code: HTTP200,  getAllBurgers  Successful response
2022-10-22T17:25:15.271Z [info] : 	Code: F100  getAllBurgers  Function Called
2022-10-22T17:25:15.280Z [info] : 	Code: HTTP200,  getAllBurgers  Successful response
2022-10-22T17:25:35.542Z [info] : 	Code: F100  getAllBurgers  Function Called
2022-10-22T17:25:35.552Z [info] : 	Code: HTTP200,  getAllBurgers  Successful response
2022-10-22T17:26:39.620Z [info] : 	Code: F100  getAllBurgers  Function Called
2022-10-22T17:26:39.629Z [info] : 	Code: HTTP200,  getAllBurgers  Successful response
2022-10-22T17:27:12.261Z [info] : 	Code: F100  getAllBurgers  Function Called
2022-10-22T17:27:12.271Z [info] : 	Code: HTTP200,  getAllBurgers  Successful response
2022-10-22T17:29:17.369Z [info] : 	Code: F100  getAllBurgers  Function Called
2022-10-22T17:29:17.377Z [info] : 	Code: HTTP200,  getAllBurgers  Successful response
2022-10-22T17:30:59.320Z [info] : 	Code: F100  getAllBurgers  Function Called
2022-10-22T17:30:59.335Z [info] : 	Code: HTTP200,  getAllBurgers  Successful response
2022-10-22T17:31:42.118Z [info] : 	Code: F100  getAllBurgers  Function Called
2022-10-22T17:31:42.130Z [info] : 	Code: HTTP200,  getAllBurgers  Successful response
2022-10-22T17:32:29.170Z [info] : 	Code: F100  getAllBurgers  Function Called
2022-10-22T17:32:29.182Z [info] : 	Code: HTTP200,  getAllBurgers  Successful response
2022-10-22T17:32:56.022Z [info] : 	Code: F100  getAllBurgers  Function Called
2022-10-22T17:32:56.032Z [info] : 	Code: HTTP200,  getAllBurgers  Successful response
2022-10-22T17:33:09.653Z [info] : 	Code: F100  getAllBurgers  Function Called
2022-10-22T17:33:09.661Z [info] : 	Code: HTTP200,  getAllBurgers  Successful response
2022-10-22T17:33:50.612Z [info] : 	Code: F100  getAllBurgers  Function Called
2022-10-22T17:33:50.626Z [info] : 	Code: HTTP200,  getAllBurgers  Successful response
2022-10-22T17:34:03.860Z [info] : 	Code: F100  getAllBurgers  Function Called
2022-10-22T17:34:03.870Z [info] : 	Code: HTTP200,  getAllBurgers  Successful response
2022-10-22T17:34:26.691Z [info] : 	Code: F100  getAllBurgers  Function Called
2022-10-22T17:34:26.697Z [info] : 	Code: HTTP200,  getAllBurgers  Successful response
2022-10-22T17:34:39.971Z [info] : 	Code: F100  getAllBurgers  Function Called
2022-10-22T17:34:39.977Z [info] : 	Code: HTTP200,  getAllBurgers  Successful response
2022-10-22T17:34:55.326Z [info] : 	Code: F100  getAllBurgers  Function Called
2022-10-22T17:34:55.339Z [info] : 	Code: HTTP200,  getAllBurgers  Successful response
2022-10-22T17:35:16.192Z [info] : 	Code: F100  getAllBurgers  Function Called
2022-10-22T17:35:16.200Z [info] : 	Code: HTTP200,  getAllBurgers  Successful response
2022-10-22T17:37:00.891Z [info] : 	Code: F100  getAllBurgers  Function Called
2022-10-22T17:37:00.903Z [info] : 	Code: HTTP200,  getAllBurgers  Successful response
2022-10-22T17:37:09.063Z [info] : 	Code: F100 login Function Called
2022-10-22T17:37:09.294Z [info] : 	Code: F100  getAllBurgers  Function Called
2022-10-22T17:37:09.300Z [info] : 	Code: HTTP200,  getAllBurgers  Successful response
2022-10-22T17:37:34.899Z [info] : 	Code: F100  getAllBurgers  Function Called
2022-10-22T17:37:34.912Z [info] : 	Code: HTTP200,  getAllBurgers  Successful response
2022-10-22T17:37:47.687Z [info] : 	Code: F100  getAllBurgers  Function Called
2022-10-22T17:37:47.697Z [info] : 	Code: HTTP200,  getAllBurgers  Successful response
2022-10-22T17:39:39.648Z [info] : 	Code: F100  getAllBurgers  Function Called
2022-10-22T17:39:39.663Z [info] : 	Code: HTTP200,  getAllBurgers  Successful response
2022-10-22T17:40:12.648Z [info] : 	Code: F100  getAllBurgers  Function Called
2022-10-22T17:40:12.659Z [info] : 	Code: HTTP200,  getAllBurgers  Successful response
2022-10-22T17:40:36.894Z [info] : 	Code: F100  getAllBurgers  Function Called
2022-10-22T17:40:36.907Z [info] : 	Code: HTTP200,  getAllBurgers  Successful response
2022-10-22T17:41:01.138Z [info] : 	Code: F100  getAllBurgers  Function Called
2022-10-22T17:41:01.154Z [info] : 	Code: HTTP200,  getAllBurgers  Successful response
2022-10-22T17:41:31.673Z [info] : 	Code: F100  getAllBurgers  Function Called
2022-10-22T17:41:31.685Z [info] : 	Code: HTTP200,  getAllBurgers  Successful response
2022-10-22T17:42:31.325Z [info] : 	Code: F100  getAllBurgers  Function Called
2022-10-22T17:42:31.338Z [info] : 	Code: HTTP200,  getAllBurgers  Successful response
2022-10-22T17:45:48.418Z [info] : 	Code: F100  getAllBurgers  Function Called
2022-10-22T17:45:48.430Z [info] : 	Code: HTTP200,  getAllBurgers  Successful response
2022-10-22T17:45:58.312Z [info] : 	Code: F100  getAllBurgers  Function Called
2022-10-22T17:45:58.317Z [info] : 	Code: HTTP200,  getAllBurgers  Successful response
2022-10-22T17:46:51.865Z [info] : 	Code: F100  getAllBurgers  Function Called
2022-10-22T17:46:51.876Z [info] : 	Code: HTTP200,  getAllBurgers  Successful response
2022-10-22T17:47:09.950Z [info] : 	Code: F100  getAllBurgers  Function Called
2022-10-22T17:47:09.962Z [info] : 	Code: HTTP200,  getAllBurgers  Successful response
2022-10-22T17:48:03.602Z [info] : 	Code: F100  getAllBurgers  Function Called
2022-10-22T17:48:03.620Z [info] : 	Code: HTTP200,  getAllBurgers  Successful response
2022-10-22T17:48:21.693Z [info] : 	Code: F100  getAllBurgers  Function Called
2022-10-22T17:48:21.703Z [info] : 	Code: HTTP200,  getAllBurgers  Successful response
2022-10-22T17:48:49.360Z [info] : 	Code: F100  getAllBurgers  Function Called
2022-10-22T17:48:49.371Z [info] : 	Code: HTTP200,  getAllBurgers  Successful response
2022-10-22T17:49:33.102Z [info] : 	Code: F100  getAllBurgers  Function Called
2022-10-22T17:49:33.115Z [info] : 	Code: HTTP200,  getAllBurgers  Successful response
2022-10-22T17:49:51.492Z [info] : 	Code: F100  getAllBurgers  Function Called
2022-10-22T17:49:51.504Z [info] : 	Code: HTTP200,  getAllBurgers  Successful response
2022-10-22T17:50:43.300Z [info] : 	Code: F100  getAllBurgers  Function Called
2022-10-22T17:50:43.312Z [info] : 	Code: HTTP200,  getAllBurgers  Successful response
2022-10-22T17:50:55.048Z [info] : 	Code: F100  getAllBurgers  Function Called
2022-10-22T17:50:55.061Z [info] : 	Code: HTTP200,  getAllBurgers  Successful response
2022-10-22T17:53:51.467Z [info] : 	Code: F100  getAllBurgers  Function Called
2022-10-22T17:53:51.478Z [info] : 	Code: HTTP200,  getAllBurgers  Successful response
2022-10-22T17:55:19.632Z [info] : 	Code: F100  getAllBurgers  Function Called
2022-10-22T17:55:19.641Z [info] : 	Code: HTTP200,  getAllBurgers  Successful response
2022-10-22T17:59:40.681Z [info] : 	Code: F100  getAllBurgers  Function Called
2022-10-22T17:59:40.691Z [info] : 	Code: HTTP200,  getAllBurgers  Successful response
2022-10-22T18:00:22.036Z [info] : 	Code: F100  getAllBurgers  Function Called
2022-10-22T18:00:22.049Z [info] : 	Code: HTTP200,  getAllBurgers  Successful response
2022-10-22T18:00:42.385Z [info] : 	Code: F100  getAllBurgers  Function Called
2022-10-22T18:00:42.395Z [info] : 	Code: HTTP200,  getAllBurgers  Successful response
2022-10-22T18:02:31.422Z [info] : 	Code: F100  getAllBurgers  Function Called
2022-10-22T18:02:31.432Z [info] : 	Code: HTTP200,  getAllBurgers  Successful response
2022-10-22T18:03:03.898Z [info] : 	Code: F100  createOrder  Function Called
2022-10-22T18:03:03.937Z [error] : 	Code: HTTP400,  createOrder  Catch error
2022-10-22T18:16:18.940Z [info] : 	Code: F100  getAllBurgers  Function Called
2022-10-22T18:16:18.977Z [info] : 	Code: HTTP200,  getAllBurgers  Successful response
2022-10-22T18:22:47.409Z [info] : 	Code: F100  getAllBurgers  Function Called
2022-10-22T18:22:47.429Z [info] : 	Code: HTTP200,  getAllBurgers  Successful response
