2022-11-01T22:09:25.779Z [info] : 	Code: F100  editOrder  Function Called
2022-11-01T22:09:25.850Z [error] : 	Code: HTTP400,  editOrder  Catch error
2022-11-01T22:12:42.814Z [info] : 	Code: F100  editOrder  Function Called
2022-11-01T22:12:42.883Z [error] : 	Code: HTTP400,  editOrder  Catch error
2022-11-01T22:13:30.898Z [info] : 	Code: F100  editOrder  Function Called
2022-11-01T22:14:41.960Z [info] : 	Code: F100  editOrder  Function Called
2022-11-01T22:16:38.805Z [info] : 	Code: F100  editOrder  Function Called
2022-11-01T22:17:19.938Z [info] : 	Code: HTTP200,  editOrder  Successful response
2022-11-01T22:18:46.146Z [info] : 	Code: F100  getAllBurgers  Function Called
2022-11-01T22:18:46.189Z [info] : 	Code: HTTP200,  getAllBurgers  Successful response
2022-11-01T22:18:57.108Z [info] : 	Code: F100  editOrder  Function Called
2022-11-01T22:18:57.185Z [info] : 	Code: HTTP200,  editOrder  Successful response
2022-11-01T22:20:00.783Z [info] : 	Code: F100  getAllBurgers  Function Called
2022-11-01T22:20:00.812Z [info] : 	Code: HTTP200,  getAllBurgers  Successful response
2022-11-01T22:20:12.155Z [info] : 	Code: F100  editOrder  Function Called
2022-11-01T22:20:12.211Z [info] : 	Code: HTTP200,  editOrder  Successful response
2022-11-01T22:22:23.282Z [info] : 	Code: F100  getAllBurgers  Function Called
2022-11-01T22:22:23.336Z [info] : 	Code: HTTP200,  getAllBurgers  Successful response
2022-11-01T22:22:37.214Z [info] : 	Code: F100  editOrder  Function Called
2022-11-01T22:22:37.268Z [info] : 	Code: HTTP200,  editOrder  Successful response
2022-11-01T22:22:37.294Z [info] : 	Code: F100  getAllBurgers  Function Called
2022-11-01T22:28:26.216Z [info] : 	Code: F100  getAllBurgers  Function Called
2022-11-01T22:28:26.242Z [info] : 	Code: HTTP200,  getAllBurgers  Successful response
2022-11-01T22:28:42.585Z [info] : 	Code: F100  editOrder  Function Called
2022-11-01T22:28:42.637Z [info] : 	Code: HTTP200,  editOrder  Successful response
2022-11-01T22:31:55.074Z [info] : 	Code: F100  editOrder  Function Called
2022-11-01T22:31:55.133Z [info] : 	Code: HTTP200,  editOrder  Successful response
2022-11-01T22:31:55.160Z [info] : 	Code: F100  getAllBurgers  Function Called
2022-11-01T22:34:41.969Z [info] : 	Code: F100  editOrder  Function Called
2022-11-01T22:34:42.029Z [info] : 	Code: HTTP200,  editOrder  Successful response
2022-11-01T22:37:49.736Z [info] : 	Code: F100  editOrder  Function Called
2022-11-01T22:37:49.777Z [info] : 	Code: HTTP200,  editOrder  Successful response
2022-11-01T22:47:43.588Z [info] : 	Code: F100  getAllBurgers  Function Called
2022-11-01T22:47:43.620Z [info] : 	Code: HTTP200,  getAllBurgers  Successful response
2022-11-01T22:47:54.100Z [info] : 	Code: F100  createOrder  Function Called
2022-11-01T22:47:54.180Z [info] : 	Code: HTTP200,  createOrder  Successful response
2022-11-01T22:47:54.508Z [info] : 	Code: F100  getAllBurgers  Function Called
2022-11-01T22:47:54.516Z [info] : 	Code: HTTP200,  getAllBurgers  Successful response
2022-11-01T22:48:36.625Z [info] : 	Code: F100  editOrder  Function Called
2022-11-01T22:48:36.637Z [info] : 	Code: HTTP200,  editOrder  Successful response
2022-11-01T22:48:36.956Z [info] : 	Code: F100  getAllBurgers  Function Called
2022-11-01T22:48:36.963Z [info] : 	Code: HTTP200,  getAllBurgers  Successful response
2022-11-01T22:48:46.307Z [info] : 	Code: F100  editOrder  Function Called
2022-11-01T22:48:46.321Z [info] : 	Code: HTTP200,  editOrder  Successful response
2022-11-01T22:48:46.643Z [info] : 	Code: F100  getAllBurgers  Function Called
2022-11-01T22:48:46.651Z [info] : 	Code: HTTP200,  getAllBurgers  Successful response
2022-11-01T22:50:22.945Z [info] : 	Code: F100  editOrder  Function Called
2022-11-01T22:50:22.982Z [info] : 	Code: HTTP200,  editOrder  Successful response
2022-11-01T22:54:01.840Z [info] : 	Code: F100  createOrder  Function Called
2022-11-01T22:54:01.973Z [info] : 	Code: HTTP200,  createOrder  Successful response
2022-11-01T22:54:02.057Z [info] : 	Code: F100  getAllBurgers  Function Called
2022-11-01T22:54:02.084Z [info] : 	Code: HTTP200,  getAllBurgers  Successful response
2022-11-01T22:54:13.699Z [info] : 	Code: F100  editOrder  Function Called
2022-11-01T22:54:13.726Z [info] : 	Code: HTTP200,  editOrder  Successful response
2022-11-01T22:59:40.306Z [info] : 	Code: F100  editOrder  Function Called
2022-11-01T22:59:40.346Z [info] : 	Code: HTTP200,  editOrder  Successful response
2022-11-01T23:00:13.323Z [info] : 	Code: F100  getAllBurgers  Function Called
2022-11-01T23:00:13.352Z [info] : 	Code: HTTP200,  getAllBurgers  Successful response
2022-11-01T23:02:28.240Z [info] : 	Code: F100  getAllBurgers  Function Called
2022-11-01T23:02:28.265Z [info] : 	Code: HTTP200,  getAllBurgers  Successful response
2022-11-01T23:02:49.309Z [info] : 	Code: F100  editOrder  Function Called
2022-11-01T23:02:49.344Z [info] : 	Code: HTTP200,  editOrder  Successful response
2022-11-01T23:02:49.377Z [info] : 	Code: F100  getAllBurgers  Function Called
2022-11-02T20:10:38.843Z [info] : 	Code: F100 login Function Called
2022-11-02T20:24:50.713Z [info] : 	Code: F100  getAllBurgers  Function Called
2022-11-02T20:24:50.749Z [info] : 	Code: HTTP200,  getAllBurgers  Successful response
2022-11-02T20:31:08.841Z [info] : 	Code: F100  getAllBurgers  Function Called
2022-11-02T20:31:08.857Z [info] : 	Code: HTTP200,  getAllBurgers  Successful response
2022-11-02T20:33:17.896Z [info] : 	Code: F100  getAllBurgers  Function Called
2022-11-02T20:33:17.914Z [info] : 	Code: HTTP200,  getAllBurgers  Successful response
2022-11-02T20:33:46.071Z [info] : 	Code: F100  getAllBurgers  Function Called
2022-11-02T20:33:46.086Z [info] : 	Code: HTTP200,  getAllBurgers  Successful response
2022-11-02T20:35:05.158Z [info] : 	Code: F100  getAllBurgers  Function Called
2022-11-02T20:35:05.173Z [info] : 	Code: HTTP200,  getAllBurgers  Successful response
2022-11-02T20:35:38.008Z [info] : 	Code: F100  getAllBurgers  Function Called
2022-11-02T20:35:38.024Z [info] : 	Code: HTTP200,  getAllBurgers  Successful response
2022-11-02T20:37:04.342Z [info] : 	Code: F100  getAllBurgers  Function Called
2022-11-02T20:37:04.357Z [info] : 	Code: HTTP200,  getAllBurgers  Successful response
2022-11-02T20:41:59.154Z [info] : 	Code: F100  getAllBurgers  Function Called
2022-11-02T20:41:59.179Z [info] : 	Code: HTTP200,  getAllBurgers  Successful response
2022-11-02T20:42:30.208Z [info] : 	Code: F100  getAllBurgers  Function Called
2022-11-02T20:42:30.224Z [info] : 	Code: HTTP200,  getAllBurgers  Successful response
2022-11-02T20:47:45.831Z [info] : 	Code: F100  getAllBurgers  Function Called
2022-11-02T20:47:45.844Z [info] : 	Code: HTTP200,  getAllBurgers  Successful response
2022-11-02T20:52:04.516Z [info] : 	Code: F100  getAllBurgers  Function Called
2022-11-02T20:52:04.527Z [info] : 	Code: HTTP200,  getAllBurgers  Successful response
2022-11-02T21:00:48.184Z [info] : 	Code: F100  getAllBurgers  Function Called
2022-11-02T21:00:48.197Z [info] : 	Code: HTTP200,  getAllBurgers  Successful response
2022-11-02T21:03:55.832Z [info] : 	Code: F100  getAllBurgers  Function Called
2022-11-02T21:03:55.842Z [info] : 	Code: HTTP200,  getAllBurgers  Successful response
2022-11-02T21:20:25.770Z [info] : 	Code: F100  getAllBurgers  Function Called
2022-11-02T21:20:25.781Z [info] : 	Code: HTTP200,  getAllBurgers  Successful response
2022-11-02T21:22:25.696Z [info] : 	Code: F100  getAllBurgers  Function Called
2022-11-02T21:22:25.710Z [info] : 	Code: HTTP200,  getAllBurgers  Successful response
2022-11-02T21:25:01.371Z [info] : 	Code: F100  getAllBurgers  Function Called
2022-11-02T21:25:01.383Z [info] : 	Code: HTTP200,  getAllBurgers  Successful response
2022-11-02T21:25:08.181Z [info] : 	Code: F100  getAllBurgers  Function Called
2022-11-02T21:25:08.186Z [info] : 	Code: HTTP200,  getAllBurgers  Successful response
2022-11-02T21:32:06.883Z [info] : 	Code: F100  getAllBurgers  Function Called
2022-11-02T21:32:06.898Z [info] : 	Code: HTTP200,  getAllBurgers  Successful response
2022-11-02T21:32:33.908Z [info] : 	Code: F100  getAllBurgers  Function Called
2022-11-02T21:32:33.935Z [info] : 	Code: HTTP200,  getAllBurgers  Successful response
2022-11-02T21:38:05.391Z [info] : 	Code: F100  getAllBurgers  Function Called
2022-11-02T21:38:05.403Z [info] : 	Code: HTTP200,  getAllBurgers  Successful response
2022-11-02T21:39:04.511Z [info] : 	Code: F100  getAllBurgers  Function Called
2022-11-02T21:39:04.521Z [info] : 	Code: HTTP200,  getAllBurgers  Successful response
2022-11-02T21:39:37.578Z [info] : 	Code: F100  getAllBurgers  Function Called
2022-11-02T21:39:37.588Z [info] : 	Code: HTTP200,  getAllBurgers  Successful response
2022-11-02T21:44:38.752Z [info] : 	Code: F100  getAllBurgers  Function Called
2022-11-02T21:44:38.765Z [info] : 	Code: HTTP200,  getAllBurgers  Successful response
2022-11-02T21:48:52.889Z [info] : 	Code: F100  getAllBurgers  Function Called
2022-11-02T21:48:52.900Z [info] : 	Code: HTTP200,  getAllBurgers  Successful response
2022-11-02T21:49:46.962Z [info] : 	Code: F100  editOrder  Function Called
2022-11-02T21:49:47.013Z [info] : 	Code: HTTP200,  editOrder  Successful response
2022-11-02T21:49:47.041Z [info] : 	Code: F100  getAllBurgers  Function Called
2022-11-02T21:54:08.665Z [info] : 	Code: F100  editOrder  Function Called
2022-11-02T21:54:08.720Z [info] : 	Code: HTTP200,  editOrder  Successful response
