2022-11-05T22:24:50.414Z [info] : 	Code: F100  getAllBurgers  Function Called
2022-11-05T22:24:50.443Z [info] : 	Code: HTTP200,  getAllBurgers  Successful response
2022-11-05T22:26:08.456Z [info] : 	Code: F100  getAllBurgers  Function Called
2022-11-05T22:26:08.469Z [info] : 	Code: HTTP200,  getAllBurgers  Successful response
2022-11-05T22:35:08.492Z [info] : 	Code: F100  getAllBurgers  Function Called
2022-11-05T22:35:08.502Z [info] : 	Code: HTTP200,  getAllBurgers  Successful response
2022-11-05T22:36:46.636Z [info] : 	Code: F100  getAllBurgers  Function Called
2022-11-05T22:36:46.653Z [info] : 	Code: HTTP200,  getAllBurgers  Successful response
2022-11-05T22:39:37.170Z [info] : 	Code: F100  getAllBurgers  Function Called
2022-11-05T22:39:37.180Z [info] : 	Code: HTTP200,  getAllBurgers  Successful response
2022-11-05T22:46:23.940Z [info] : 	Code: F100  getAllBurgers  Function Called
2022-11-05T22:46:23.959Z [info] : 	Code: HTTP200,  getAllBurgers  Successful response
2022-11-05T22:47:22.968Z [info] : 	Code: F100  getAllBurgers  Function Called
2022-11-05T22:47:22.978Z [info] : 	Code: HTTP200,  getAllBurgers  Successful response
2022-11-05T22:52:46.304Z [info] : 	Code: F100  getAllBurgers  Function Called
2022-11-05T22:52:46.320Z [info] : 	Code: HTTP200,  getAllBurgers  Successful response
2022-11-05T22:57:51.076Z [info] : 	Code: F100  getAllBurgers  Function Called
2022-11-05T22:57:51.089Z [info] : 	Code: HTTP200,  getAllBurgers  Successful response
2022-11-05T23:00:58.245Z [info] : 	Code: F100  getAllBurgers  Function Called
2022-11-05T23:00:58.258Z [info] : 	Code: HTTP200,  getAllBurgers  Successful response
2022-11-05T23:04:14.998Z [info] : 	Code: F100  getAllBurgers  Function Called
2022-11-05T23:04:15.012Z [info] : 	Code: HTTP200,  getAllBurgers  Successful response
2022-11-05T23:05:16.959Z [info] : 	Code: F100  getAllBurgers  Function Called
2022-11-05T23:05:16.974Z [info] : 	Code: HTTP200,  getAllBurgers  Successful response
2022-11-05T23:06:13.928Z [info] : 	Code: F100  getAllBurgers  Function Called
2022-11-05T23:06:13.941Z [info] : 	Code: HTTP200,  getAllBurgers  Successful response
2022-11-05T23:09:20.020Z [info] : 	Code: F100  getAllBurgers  Function Called
2022-11-05T23:09:20.031Z [info] : 	Code: HTTP200,  getAllBurgers  Successful response
2022-11-05T23:09:53.555Z [info] : 	Code: F100  getAllBurgers  Function Called
2022-11-05T23:09:53.568Z [info] : 	Code: HTTP200,  getAllBurgers  Successful response
2022-11-05T23:12:36.778Z [info] : 	Code: F100  getAllBurgers  Function Called
2022-11-05T23:12:36.789Z [info] : 	Code: HTTP200,  getAllBurgers  Successful response
2022-11-05T23:13:09.920Z [info] : 	Code: F100  getAllBurgers  Function Called
2022-11-05T23:13:09.933Z [info] : 	Code: HTTP200,  getAllBurgers  Successful response
2022-11-05T23:14:51.001Z [info] : 	Code: F100  getAllBurgers  Function Called
2022-11-05T23:14:51.015Z [info] : 	Code: HTTP200,  getAllBurgers  Successful response
2022-11-05T23:14:52.599Z [info] : 	Code: F100  getAllBurgers  Function Called
2022-11-05T23:14:52.606Z [info] : 	Code: HTTP200,  getAllBurgers  Successful response
2022-11-05T23:20:25.308Z [info] : 	Code: F100  getAllBurgers  Function Called
2022-11-05T23:20:25.323Z [info] : 	Code: HTTP200,  getAllBurgers  Successful response
2022-11-05T23:21:30.598Z [info] : 	Code: F100  getAllBurgers  Function Called
2022-11-05T23:21:30.606Z [info] : 	Code: HTTP200,  getAllBurgers  Successful response
2022-11-05T23:23:34.659Z [info] : 	Code: F100  getAllBurgers  Function Called
2022-11-05T23:23:34.681Z [info] : 	Code: HTTP200,  getAllBurgers  Successful response
2022-11-05T23:24:03.677Z [info] : 	Code: F100  getAllBurgers  Function Called
2022-11-05T23:24:03.691Z [info] : 	Code: HTTP200,  getAllBurgers  Successful response
2022-11-05T23:24:56.840Z [info] : 	Code: F100  getAllBurgers  Function Called
2022-11-05T23:24:56.851Z [info] : 	Code: HTTP200,  getAllBurgers  Successful response
2022-11-05T23:29:05.818Z [info] : 	Code: F100  getAllBurgers  Function Called
2022-11-05T23:29:05.833Z [info] : 	Code: HTTP200,  getAllBurgers  Successful response
2022-11-05T23:29:28.963Z [info] : 	Code: F100  getAllBurgers  Function Called
2022-11-05T23:29:28.973Z [info] : 	Code: HTTP200,  getAllBurgers  Successful response
2022-11-05T23:29:58.795Z [info] : 	Code: F100  getAllBurgers  Function Called
2022-11-05T23:29:58.806Z [info] : 	Code: HTTP200,  getAllBurgers  Successful response
2022-11-05T23:31:06.624Z [info] : 	Code: F100  getAllBurgers  Function Called
2022-11-05T23:31:06.641Z [info] : 	Code: HTTP200,  getAllBurgers  Successful response
2022-11-05T23:33:09.205Z [info] : 	Code: F100  getAllBurgers  Function Called
2022-11-05T23:33:09.223Z [info] : 	Code: HTTP200,  getAllBurgers  Successful response
2022-11-05T23:34:25.144Z [info] : 	Code: F100  getAllBurgers  Function Called
2022-11-05T23:34:25.157Z [info] : 	Code: HTTP200,  getAllBurgers  Successful response
2022-11-05T23:41:42.796Z [info] : 	Code: F100  getAllBurgers  Function Called
2022-11-05T23:41:42.805Z [info] : 	Code: HTTP200,  getAllBurgers  Successful response
2022-11-05T23:43:48.040Z [info] : 	Code: F100  getAllBurgers  Function Called
2022-11-05T23:43:48.049Z [info] : 	Code: HTTP200,  getAllBurgers  Successful response
2022-11-05T23:47:06.463Z [info] : 	Code: F100  getAllBurgers  Function Called
2022-11-05T23:47:06.470Z [info] : 	Code: HTTP200,  getAllBurgers  Successful response
2022-11-05T23:54:26.596Z [info] : 	Code: F100  getAllBurgers  Function Called
2022-11-05T23:54:26.607Z [info] : 	Code: HTTP200,  getAllBurgers  Successful response
2022-11-05T23:54:51.219Z [info] : 	Code: F100  getAllBurgers  Function Called
2022-11-05T23:54:51.226Z [info] : 	Code: HTTP200,  getAllBurgers  Successful response
2022-11-05T23:55:01.086Z [info] : 	Code: F100  getAllBurgers  Function Called
2022-11-05T23:55:01.092Z [info] : 	Code: HTTP200,  getAllBurgers  Successful response
2022-11-05T23:56:06.473Z [info] : 	Code: F100  getAllBurgers  Function Called
2022-11-05T23:56:06.484Z [info] : 	Code: HTTP200,  getAllBurgers  Successful response
2022-11-05T23:56:57.166Z [info] : 	Code: F100  getAllBurgers  Function Called
2022-11-05T23:56:57.177Z [info] : 	Code: HTTP200,  getAllBurgers  Successful response
2022-11-05T23:57:01.162Z [info] : 	Code: F100  getAllBurgers  Function Called
2022-11-05T23:57:01.169Z [info] : 	Code: HTTP200,  getAllBurgers  Successful response
2022-11-05T23:58:06.042Z [info] : 	Code: F100  getAllBurgers  Function Called
2022-11-05T23:58:06.058Z [info] : 	Code: HTTP200,  getAllBurgers  Successful response
2022-11-05T23:59:14.131Z [info] : 	Code: F100  getAllBurgers  Function Called
2022-11-05T23:59:14.139Z [info] : 	Code: HTTP200,  getAllBurgers  Successful response
2022-11-05T23:59:47.875Z [info] : 	Code: F100  getAllBurgers  Function Called
2022-11-05T23:59:47.885Z [info] : 	Code: HTTP200,  getAllBurgers  Successful response
2022-11-06T00:00:02.778Z [info] : 	Code: F100  getAllBurgers  Function Called
2022-11-06T00:00:02.813Z [info] : 	Code: HTTP200,  getAllBurgers  Successful response
2022-11-06T00:02:21.435Z [info] : 	Code: F100  getAllBurgers  Function Called
2022-11-06T00:02:21.445Z [info] : 	Code: HTTP200,  getAllBurgers  Successful response
2022-11-06T00:02:40.902Z [info] : 	Code: F100  getAllBurgers  Function Called
2022-11-06T00:02:40.919Z [info] : 	Code: HTTP200,  getAllBurgers  Successful response
2022-11-06T00:03:04.845Z [info] : 	Code: F100  getAllBurgers  Function Called
2022-11-06T00:03:04.856Z [info] : 	Code: HTTP200,  getAllBurgers  Successful response
2022-11-06T00:16:51.226Z [info] : 	Code: F100  getAllBurgers  Function Called
2022-11-06T00:16:51.235Z [info] : 	Code: HTTP200,  getAllBurgers  Successful response
2022-11-06T00:20:16.756Z [info] : 	Code: F100  getAllBurgers  Function Called
2022-11-06T00:20:16.767Z [info] : 	Code: HTTP200,  getAllBurgers  Successful response
2022-11-06T00:21:09.013Z [info] : 	Code: F100  getAllBurgers  Function Called
2022-11-06T00:21:09.022Z [info] : 	Code: HTTP200,  getAllBurgers  Successful response
2022-11-06T00:26:42.515Z [info] : 	Code: F100  getAllBurgers  Function Called
2022-11-06T00:26:42.530Z [info] : 	Code: HTTP200,  getAllBurgers  Successful response
2022-11-06T00:27:28.887Z [info] : 	Code: F100  getAllBurgers  Function Called
2022-11-06T00:27:28.898Z [info] : 	Code: HTTP200,  getAllBurgers  Successful response
2022-11-06T00:28:33.477Z [info] : 	Code: F100  getAllBurgers  Function Called
2022-11-06T00:28:33.486Z [info] : 	Code: HTTP200,  getAllBurgers  Successful response
2022-11-06T00:28:49.085Z [info] : 	Code: F100  getAllBurgers  Function Called
2022-11-06T00:28:49.093Z [info] : 	Code: HTTP200,  getAllBurgers  Successful response
2022-11-06T00:28:55.374Z [info] : 	Code: F100  getAllBurgers  Function Called
2022-11-06T00:28:55.380Z [info] : 	Code: HTTP200,  getAllBurgers  Successful response
2022-11-06T00:30:05.408Z [info] : 	Code: F100  getAllBurgers  Function Called
2022-11-06T00:30:05.421Z [info] : 	Code: HTTP200,  getAllBurgers  Successful response
2022-11-06T00:30:20.144Z [info] : 	Code: F100  getAllBurgers  Function Called
2022-11-06T00:30:20.155Z [info] : 	Code: HTTP200,  getAllBurgers  Successful response
2022-11-06T00:31:54.189Z [info] : 	Code: F100  getAllBurgers  Function Called
2022-11-06T00:31:54.199Z [info] : 	Code: HTTP200,  getAllBurgers  Successful response
2022-11-06T00:33:54.938Z [info] : 	Code: F100  getAllBurgers  Function Called
2022-11-06T00:33:54.952Z [info] : 	Code: HTTP200,  getAllBurgers  Successful response
2022-11-06T00:34:51.435Z [info] : 	Code: F100  getAllBurgers  Function Called
2022-11-06T00:34:51.444Z [info] : 	Code: HTTP200,  getAllBurgers  Successful response
2022-11-06T00:35:28.996Z [info] : 	Code: F100  getAllBurgers  Function Called
2022-11-06T00:35:29.007Z [info] : 	Code: HTTP200,  getAllBurgers  Successful response
2022-11-06T00:45:36.142Z [info] : 	Code: F100  getAllBurgers  Function Called
2022-11-06T00:45:36.152Z [info] : 	Code: HTTP200,  getAllBurgers  Successful response
2022-11-06T00:47:52.635Z [info] : 	Code: F100  getAllBurgers  Function Called
2022-11-06T00:47:52.646Z [info] : 	Code: HTTP200,  getAllBurgers  Successful response
2022-11-06T00:51:02.145Z [info] : 	Code: F100  getAllBurgers  Function Called
2022-11-06T00:51:02.155Z [info] : 	Code: HTTP200,  getAllBurgers  Successful response
2022-11-06T00:55:23.684Z [info] : 	Code: F100  getAllBurgers  Function Called
2022-11-06T00:55:23.693Z [info] : 	Code: HTTP200,  getAllBurgers  Successful response
2022-11-06T00:57:15.202Z [info] : 	Code: F100  getAllBurgers  Function Called
2022-11-06T00:57:15.212Z [info] : 	Code: HTTP200,  getAllBurgers  Successful response
2022-11-06T00:59:14.565Z [info] : 	Code: F100  getAllBurgers  Function Called
2022-11-06T00:59:14.572Z [info] : 	Code: HTTP200,  getAllBurgers  Successful response
2022-11-06T01:01:16.935Z [info] : 	Code: F100  getAllBurgers  Function Called
2022-11-06T01:01:16.943Z [info] : 	Code: HTTP200,  getAllBurgers  Successful response
2022-11-06T01:02:51.540Z [info] : 	Code: F100  getAllBurgers  Function Called
2022-11-06T01:02:51.551Z [info] : 	Code: HTTP200,  getAllBurgers  Successful response
2022-11-06T01:03:20.854Z [info] : 	Code: F100  getAllBurgers  Function Called
2022-11-06T01:03:20.862Z [info] : 	Code: HTTP200,  getAllBurgers  Successful response
2022-11-06T01:03:46.420Z [info] : 	Code: F100  getAllBurgers  Function Called
2022-11-06T01:03:46.428Z [info] : 	Code: HTTP200,  getAllBurgers  Successful response
2022-11-06T01:03:56.412Z [info] : 	Code: F100  getAllBurgers  Function Called
2022-11-06T01:03:56.419Z [info] : 	Code: HTTP200,  getAllBurgers  Successful response
2022-11-06T01:04:09.330Z [info] : 	Code: F100  getAllBurgers  Function Called
2022-11-06T01:04:09.342Z [info] : 	Code: HTTP200,  getAllBurgers  Successful response
2022-11-06T01:05:29.025Z [info] : 	Code: F100  getAllBurgers  Function Called
2022-11-06T01:05:29.033Z [info] : 	Code: HTTP200,  getAllBurgers  Successful response
2022-11-06T01:05:34.789Z [info] : 	Code: F100  getAllBurgers  Function Called
2022-11-06T01:05:34.796Z [info] : 	Code: HTTP200,  getAllBurgers  Successful response
2022-11-06T01:06:11.247Z [info] : 	Code: F100  getAllBurgers  Function Called
2022-11-06T01:06:11.255Z [info] : 	Code: HTTP200,  getAllBurgers  Successful response
2022-11-06T01:11:10.165Z [info] : 	Code: F100  getAllBurgers  Function Called
2022-11-06T01:11:10.176Z [info] : 	Code: HTTP200,  getAllBurgers  Successful response
2022-11-06T01:12:44.166Z [info] : 	Code: F100  getAllBurgers  Function Called
2022-11-06T01:12:44.178Z [info] : 	Code: HTTP200,  getAllBurgers  Successful response
2022-11-06T01:13:23.037Z [info] : 	Code: F100  getAllBurgers  Function Called
2022-11-06T01:13:23.043Z [info] : 	Code: HTTP200,  getAllBurgers  Successful response
2022-11-06T01:13:41.657Z [info] : 	Code: F100  getAllBurgers  Function Called
2022-11-06T01:13:41.667Z [info] : 	Code: HTTP200,  getAllBurgers  Successful response
2022-11-06T01:14:01.327Z [info] : 	Code: F100  getAllBurgers  Function Called
2022-11-06T01:14:01.335Z [info] : 	Code: HTTP200,  getAllBurgers  Successful response
2022-11-06T01:15:11.166Z [info] : 	Code: F100  getAllBurgers  Function Called
2022-11-06T01:15:11.176Z [info] : 	Code: HTTP200,  getAllBurgers  Successful response
2022-11-06T01:15:51.882Z [info] : 	Code: F100  getAllBurgers  Function Called
2022-11-06T01:15:51.891Z [info] : 	Code: HTTP200,  getAllBurgers  Successful response
2022-11-06T01:16:04.957Z [info] : 	Code: F100  getAllBurgers  Function Called
2022-11-06T01:16:04.965Z [info] : 	Code: HTTP200,  getAllBurgers  Successful response
2022-11-06T01:16:16.142Z [info] : 	Code: F100  getAllBurgers  Function Called
2022-11-06T01:16:16.149Z [info] : 	Code: HTTP200,  getAllBurgers  Successful response
2022-11-06T01:17:26.199Z [info] : 	Code: F100  getAllBurgers  Function Called
2022-11-06T01:17:26.206Z [info] : 	Code: HTTP200,  getAllBurgers  Successful response
2022-11-06T01:20:36.627Z [info] : 	Code: F100  getAllBurgers  Function Called
2022-11-06T01:20:36.633Z [info] : 	Code: HTTP200,  getAllBurgers  Successful response
2022-11-06T01:20:58.883Z [info] : 	Code: F100  getAllBurgers  Function Called
2022-11-06T01:20:58.889Z [info] : 	Code: HTTP200,  getAllBurgers  Successful response
2022-11-06T01:21:40.502Z [info] : 	Code: F100  createOrder  Function Called
2022-11-06T01:21:40.581Z [info] : 	Code: HTTP200,  createOrder  Successful response
2022-11-06T01:21:40.912Z [info] : 	Code: F100  getAllBurgers  Function Called
2022-11-06T01:21:40.920Z [info] : 	Code: HTTP200,  getAllBurgers  Successful response
2022-11-06T17:46:57.570Z [info] : 	Code: F100 login Function Called
2022-11-06T17:48:40.400Z [info] : 	Code: F100  getAllBurgers  Function Called
2022-11-06T17:48:40.453Z [info] : 	Code: HTTP200,  getAllBurgers  Successful response
2022-11-06T17:49:53.229Z [info] : 	Code: F100  getAllBurgers  Function Called
2022-11-06T17:49:53.246Z [info] : 	Code: HTTP200,  getAllBurgers  Successful response
2022-11-06T17:50:23.834Z [info] : 	Code: F100  getAllBurgers  Function Called
2022-11-06T17:50:23.852Z [info] : 	Code: HTTP200,  getAllBurgers  Successful response
2022-11-06T17:50:29.061Z [info] : 	Code: F100  getAllBurgers  Function Called
2022-11-06T17:50:29.072Z [info] : 	Code: HTTP200,  getAllBurgers  Successful response
2022-11-06T17:55:31.621Z [info] : 	Code: F100  getAllBurgers  Function Called
2022-11-06T17:55:31.635Z [info] : 	Code: HTTP200,  getAllBurgers  Successful response
2022-11-06T17:55:50.763Z [info] : 	Code: F100  getAllBurgers  Function Called
2022-11-06T17:55:50.776Z [info] : 	Code: HTTP200,  getAllBurgers  Successful response
2022-11-06T17:57:41.734Z [info] : 	Code: F100  getAllBurgers  Function Called
2022-11-06T17:57:41.751Z [info] : 	Code: HTTP200,  getAllBurgers  Successful response
2022-11-06T18:21:04.859Z [info] : 	Code: F100  getAllBurgers  Function Called
2022-11-06T18:21:04.877Z [info] : 	Code: HTTP200,  getAllBurgers  Successful response
2022-11-06T18:23:13.706Z [info] : 	Code: F100  getAllBurgers  Function Called
2022-11-06T18:23:13.727Z [info] : 	Code: HTTP200,  getAllBurgers  Successful response
2022-11-06T18:24:15.092Z [info] : 	Code: F100  getAllBurgers  Function Called
2022-11-06T18:24:15.116Z [info] : 	Code: HTTP200,  getAllBurgers  Successful response
2022-11-06T18:24:37.414Z [info] : 	Code: F100  getAllBurgers  Function Called
2022-11-06T18:24:37.427Z [info] : 	Code: HTTP200,  getAllBurgers  Successful response
2022-11-06T18:25:30.545Z [info] : 	Code: F100  getAllBurgers  Function Called
2022-11-06T18:25:30.556Z [info] : 	Code: HTTP200,  getAllBurgers  Successful response
2022-11-06T18:27:58.599Z [info] : 	Code: F100  getAllBurgers  Function Called
2022-11-06T18:27:58.612Z [info] : 	Code: HTTP200,  getAllBurgers  Successful response
2022-11-06T18:31:04.696Z [info] : 	Code: F100  getAllBurgers  Function Called
2022-11-06T18:31:04.711Z [info] : 	Code: HTTP200,  getAllBurgers  Successful response
2022-11-06T18:32:05.265Z [info] : 	Code: F100  getAllBurgers  Function Called
2022-11-06T18:32:05.279Z [info] : 	Code: HTTP200,  getAllBurgers  Successful response
2022-11-06T18:35:57.906Z [info] : 	Code: F100  getAllBurgers  Function Called
2022-11-06T18:35:57.923Z [info] : 	Code: HTTP200,  getAllBurgers  Successful response
2022-11-06T18:36:41.603Z [info] : 	Code: F100  getAllBurgers  Function Called
2022-11-06T18:36:41.614Z [info] : 	Code: HTTP200,  getAllBurgers  Successful response
2022-11-06T18:36:44.578Z [info] : 	Code: F100  getAllBurgers  Function Called
2022-11-06T18:36:44.595Z [info] : 	Code: HTTP200,  getAllBurgers  Successful response
2022-11-06T18:37:14.771Z [info] : 	Code: F100  getAllBurgers  Function Called
2022-11-06T18:37:14.783Z [info] : 	Code: HTTP200,  getAllBurgers  Successful response
2022-11-06T18:38:12.952Z [info] : 	Code: F100  getAllBurgers  Function Called
2022-11-06T18:38:12.961Z [info] : 	Code: HTTP200,  getAllBurgers  Successful response
2022-11-06T18:38:16.449Z [info] : 	Code: F100  getAllBurgers  Function Called
2022-11-06T18:38:16.456Z [info] : 	Code: HTTP200,  getAllBurgers  Successful response
2022-11-06T18:39:43.219Z [info] : 	Code: F100  getAllBurgers  Function Called
2022-11-06T18:39:43.232Z [info] : 	Code: HTTP200,  getAllBurgers  Successful response
2022-11-06T18:40:05.268Z [info] : 	Code: F100  getAllBurgers  Function Called
2022-11-06T18:40:05.277Z [info] : 	Code: HTTP200,  getAllBurgers  Successful response
2022-11-06T18:40:09.345Z [info] : 	Code: F100  getAllBurgers  Function Called
2022-11-06T18:40:09.354Z [info] : 	Code: HTTP200,  getAllBurgers  Successful response
2022-11-06T18:40:21.097Z [info] : 	Code: F100  getAllBurgers  Function Called
2022-11-06T18:40:21.110Z [info] : 	Code: HTTP200,  getAllBurgers  Successful response
2022-11-06T18:40:59.894Z [info] : 	Code: F100  getAllBurgers  Function Called
2022-11-06T18:40:59.908Z [info] : 	Code: HTTP200,  getAllBurgers  Successful response
2022-11-06T18:41:20.999Z [info] : 	Code: F100  getAllBurgers  Function Called
2022-11-06T18:41:21.012Z [info] : 	Code: HTTP200,  getAllBurgers  Successful response
2022-11-06T18:48:17.793Z [info] : 	Code: F100  getAllBurgers  Function Called
2022-11-06T18:48:17.805Z [info] : 	Code: HTTP200,  getAllBurgers  Successful response
2022-11-06T18:48:21.376Z [info] : 	Code: F100  getAllBurgers  Function Called
2022-11-06T18:48:21.384Z [info] : 	Code: HTTP200,  getAllBurgers  Successful response
2022-11-06T18:48:30.553Z [info] : 	Code: F100  getAllBurgers  Function Called
2022-11-06T18:48:30.560Z [info] : 	Code: HTTP200,  getAllBurgers  Successful response
2022-11-06T18:48:45.606Z [info] : 	Code: F100  getAllBurgers  Function Called
2022-11-06T18:48:45.619Z [info] : 	Code: HTTP200,  getAllBurgers  Successful response
2022-11-06T18:50:52.534Z [info] : 	Code: F100  getAllBurgers  Function Called
2022-11-06T18:50:52.548Z [info] : 	Code: HTTP200,  getAllBurgers  Successful response
2022-11-06T18:50:58.794Z [info] : 	Code: F100  getAllBurgers  Function Called
2022-11-06T18:50:58.801Z [info] : 	Code: HTTP200,  getAllBurgers  Successful response
2022-11-06T18:51:02.550Z [info] : 	Code: F100  getAllBurgers  Function Called
2022-11-06T18:51:02.557Z [info] : 	Code: HTTP200,  getAllBurgers  Successful response
2022-11-06T18:51:33.634Z [info] : 	Code: F100  getAllBurgers  Function Called
2022-11-06T18:51:33.646Z [info] : 	Code: HTTP200,  getAllBurgers  Successful response
2022-11-06T18:55:16.697Z [info] : 	Code: F100  getAllBurgers  Function Called
2022-11-06T18:55:16.710Z [info] : 	Code: HTTP200,  getAllBurgers  Successful response
2022-11-06T18:55:20.163Z [info] : 	Code: F100  getAllBurgers  Function Called
2022-11-06T18:55:20.170Z [info] : 	Code: HTTP200,  getAllBurgers  Successful response
2022-11-06T19:07:47.702Z [info] : 	Code: F100  getAllBurgers  Function Called
2022-11-06T19:07:47.737Z [info] : 	Code: HTTP200,  getAllBurgers  Successful response
2022-11-06T19:14:38.586Z [info] : 	Code: F100  getAllBurgers  Function Called
2022-11-06T19:14:38.607Z [info] : 	Code: HTTP200,  getAllBurgers  Successful response
2022-11-06T19:15:32.211Z [info] : 	Code: F100  getAllBurgers  Function Called
2022-11-06T19:15:32.226Z [info] : 	Code: HTTP200,  getAllBurgers  Successful response
2022-11-06T19:15:46.075Z [info] : 	Code: F100  deleteOrder  Function Called
2022-11-06T19:15:46.103Z [error] : 	Code: HTTP400,  deleteOrder  Catch error
2022-11-06T19:23:17.519Z [info] : 	Code: F100  getAllBurgers  Function Called
2022-11-06T19:23:17.560Z [info] : 	Code: HTTP200,  getAllBurgers  Successful response
2022-11-06T19:23:36.039Z [info] : 	Code: F100  createOrder  Function Called
2022-11-06T19:23:36.118Z [info] : 	Code: HTTP200,  createOrder  Successful response
2022-11-06T19:23:36.171Z [info] : 	Code: F100  getAllBurgers  Function Called
2022-11-06T19:23:36.214Z [info] : 	Code: HTTP200,  getAllBurgers  Successful response
2022-11-06T19:24:28.767Z [info] : 	Code: F100  getAllBurgers  Function Called
2022-11-06T19:24:28.781Z [info] : 	Code: HTTP200,  getAllBurgers  Successful response
2022-11-06T19:24:48.574Z [info] : 	Code: F100  createOrder  Function Called
2022-11-06T19:24:48.641Z [info] : 	Code: HTTP200,  createOrder  Successful response
2022-11-06T19:24:48.692Z [info] : 	Code: F100  getAllBurgers  Function Called
2022-11-06T19:24:48.731Z [info] : 	Code: HTTP200,  getAllBurgers  Successful response
2022-11-06T19:25:00.930Z [info] : 	Code: F100  getAllBurgers  Function Called
2022-11-06T19:25:00.945Z [info] : 	Code: HTTP200,  getAllBurgers  Successful response
2022-11-06T19:25:24.050Z [info] : 	Code: F100  editOrder  Function Called
2022-11-06T19:25:24.066Z [error] : 	Code: HTTP400,  editOrder  Catch error
2022-11-06T19:28:00.739Z [info] : 	Code: F100  getAllBurgers  Function Called
2022-11-06T19:28:00.791Z [info] : 	Code: HTTP200,  getAllBurgers  Successful response
2022-11-06T19:28:21.925Z [info] : 	Code: F100  editOrder  Function Called
2022-11-06T19:28:22.016Z [info] : 	Code: HTTP200,  editOrder  Successful response
2022-11-06T19:28:22.081Z [info] : 	Code: F100  getAllBurgers  Function Called
2022-11-06T19:28:22.118Z [info] : 	Code: HTTP200,  getAllBurgers  Successful response
2022-11-06T19:28:27.040Z [info] : 	Code: F100  getAllBurgers  Function Called
2022-11-06T19:28:27.057Z [info] : 	Code: HTTP200,  getAllBurgers  Successful response
2022-11-06T19:28:30.862Z [info] : 	Code: F100  deleteOrder  Function Called
2022-11-06T19:28:30.882Z [error] : 	Code: HTTP400,  deleteOrder  Catch error
2022-11-06T19:32:11.370Z [info] : 	Code: F100  getAllBurgers  Function Called
2022-11-06T19:32:11.417Z [info] : 	Code: HTTP200,  getAllBurgers  Successful response
2022-11-06T19:32:19.722Z [info] : 	Code: F100  createOrder  Function Called
2022-11-06T19:32:19.783Z [info] : 	Code: HTTP200,  createOrder  Successful response
2022-11-06T19:32:20.117Z [info] : 	Code: F100  getAllBurgers  Function Called
2022-11-06T19:32:20.124Z [info] : 	Code: HTTP200,  getAllBurgers  Successful response
2022-11-06T19:32:27.420Z [info] : 	Code: F100  deleteOrder  Function Called
2022-11-06T19:32:27.437Z [error] : 	Code: HTTP400,  deleteOrder  Catch error
2022-11-06T19:33:23.581Z [info] : 	Code: F100  getAllBurgers  Function Called
2022-11-06T19:33:23.613Z [info] : 	Code: HTTP200,  getAllBurgers  Successful response
2022-11-06T19:33:36.065Z [info] : 	Code: F100  createOrder  Function Called
2022-11-06T19:33:36.147Z [info] : 	Code: HTTP200,  createOrder  Successful response
2022-11-06T19:33:36.482Z [info] : 	Code: F100  getAllBurgers  Function Called
2022-11-06T19:33:36.496Z [info] : 	Code: HTTP200,  getAllBurgers  Successful response
2022-11-06T19:33:55.839Z [info] : 	Code: F100  editOrder  Function Called
2022-11-06T19:33:55.901Z [info] : 	Code: HTTP200,  editOrder  Successful response
2022-11-06T19:33:56.241Z [info] : 	Code: F100  getAllBurgers  Function Called
2022-11-06T19:33:56.252Z [info] : 	Code: HTTP200,  getAllBurgers  Successful response
2022-11-06T19:34:01.218Z [info] : 	Code: F100  deleteOrder  Function Called
2022-11-06T19:34:01.243Z [error] : 	Code: HTTP400,  deleteOrder  Catch error
2022-11-06T19:38:50.517Z [info] : 	Code: F100  deleteOrder  Function Called
2022-11-06T19:38:50.536Z [info] : 	Code: HTTP200,  deleteOrder  Successful response
2022-11-06T19:38:50.744Z [info] : 	Code: F100  getAllBurgers  Function Called
2022-11-06T19:38:50.771Z [info] : 	Code: HTTP200,  getAllBurgers  Successful response
2022-11-06T19:39:17.361Z [info] : 	Code: F100  createOrder  Function Called
2022-11-06T19:39:17.453Z [info] : 	Code: HTTP200,  createOrder  Successful response
2022-11-06T19:39:17.513Z [info] : 	Code: F100  getAllBurgers  Function Called
2022-11-06T19:39:17.556Z [info] : 	Code: HTTP200,  getAllBurgers  Successful response
2022-11-06T19:41:21.187Z [info] : 	Code: F100  createOrder  Function Called
2022-11-06T19:41:21.272Z [info] : 	Code: HTTP200,  createOrder  Successful response
2022-11-06T19:41:21.409Z [info] : 	Code: F100  getAllBurgers  Function Called
2022-11-06T19:41:21.447Z [info] : 	Code: HTTP200,  getAllBurgers  Successful response
2022-11-06T19:41:34.252Z [info] : 	Code: F100  deleteOrder  Function Called
2022-11-06T19:41:34.284Z [error] : 	Code: HTTP400,  deleteOrder  Catch error
2022-11-06T19:42:19.063Z [info] : 	Code: F100  getAllBurgers  Function Called
2022-11-06T19:42:19.080Z [info] : 	Code: HTTP200,  getAllBurgers  Successful response
2022-11-06T19:42:22.000Z [info] : 	Code: F100  deleteOrder  Function Called
2022-11-06T19:42:22.021Z [error] : 	Code: HTTP400,  deleteOrder  Catch error
2022-11-06T19:42:24.158Z [info] : 	Code: F100  deleteOrder  Function Called
2022-11-06T19:42:24.177Z [error] : 	Code: HTTP400,  deleteOrder  Catch error
2022-11-06T19:43:43.543Z [info] : 	Code: F100  getAllBurgers  Function Called
2022-11-06T19:43:43.567Z [info] : 	Code: HTTP200,  getAllBurgers  Successful response
2022-11-06T19:43:53.017Z [info] : 	Code: F100  createOrder  Function Called
2022-11-06T19:43:53.061Z [error] : 	Code: HTTP400,  createOrder  Catch error
2022-11-06T19:44:27.714Z [info] : 	Code: F100  getAllBurgers  Function Called
2022-11-06T19:44:27.754Z [info] : 	Code: HTTP200,  getAllBurgers  Successful response
2022-11-06T19:44:32.498Z [info] : 	Code: F100  deleteOrder  Function Called
2022-11-06T19:44:32.529Z [error] : 	Code: HTTP400,  deleteOrder  Catch error
2022-11-06T19:44:41.021Z [info] : 	Code: F100  createOrder  Function Called
2022-11-06T19:44:41.118Z [info] : 	Code: HTTP200,  createOrder  Successful response
2022-11-06T19:44:41.134Z [info] : 	Code: F100  getAllBurgers  Function Called
2022-11-06T19:44:41.144Z [info] : 	Code: HTTP200,  getAllBurgers  Successful response
2022-11-06T19:44:45.381Z [info] : 	Code: F100  getAllBurgers  Function Called
2022-11-06T19:44:45.391Z [info] : 	Code: HTTP200,  getAllBurgers  Successful response
2022-11-06T19:44:49.554Z [info] : 	Code: F100  deleteOrder  Function Called
2022-11-06T19:44:49.575Z [error] : 	Code: HTTP400,  deleteOrder  Catch error
2022-11-06T19:44:51.634Z [info] : 	Code: F100  deleteOrder  Function Called
2022-11-06T19:44:51.654Z [error] : 	Code: HTTP400,  deleteOrder  Catch error
2022-11-06T19:46:29.128Z [info] : 	Code: F100  getAllBurgers  Function Called
2022-11-06T19:46:29.151Z [info] : 	Code: HTTP200,  getAllBurgers  Successful response
2022-11-06T19:46:39.149Z [info] : 	Code: F100  createOrder  Function Called
2022-11-06T19:46:39.257Z [info] : 	Code: HTTP200,  createOrder  Successful response
2022-11-06T19:46:39.371Z [info] : 	Code: F100  getAllBurgers  Function Called
2022-11-06T19:46:39.384Z [info] : 	Code: HTTP200,  getAllBurgers  Successful response
2022-11-06T19:46:44.068Z [info] : 	Code: F100  deleteOrder  Function Called
2022-11-06T19:46:44.086Z [info] : 	Code: HTTP200,  deleteOrder  Successful response
2022-11-06T19:46:44.423Z [info] : 	Code: F100  getAllBurgers  Function Called
2022-11-06T19:46:44.431Z [info] : 	Code: HTTP200,  getAllBurgers  Successful response
2022-11-06T19:46:58.676Z [info] : 	Code: F100  createOrder  Function Called
2022-11-06T19:46:58.755Z [info] : 	Code: HTTP200,  createOrder  Successful response
2022-11-06T19:46:59.084Z [info] : 	Code: F100  getAllBurgers  Function Called
2022-11-06T19:46:59.096Z [info] : 	Code: HTTP200,  getAllBurgers  Successful response
2022-11-06T19:47:18.204Z [info] : 	Code: F100  createOrder  Function Called
2022-11-06T19:47:18.293Z [info] : 	Code: HTTP200,  createOrder  Successful response
2022-11-06T19:47:18.630Z [info] : 	Code: F100  getAllBurgers  Function Called
2022-11-06T19:47:18.641Z [info] : 	Code: HTTP200,  getAllBurgers  Successful response
2022-11-06T19:47:59.372Z [info] : 	Code: F100  editOrder  Function Called
2022-11-06T19:47:59.427Z [info] : 	Code: HTTP200,  editOrder  Successful response
2022-11-06T19:47:59.752Z [info] : 	Code: F100  getAllBurgers  Function Called
2022-11-06T19:47:59.762Z [info] : 	Code: HTTP200,  getAllBurgers  Successful response
2022-11-06T19:50:28.107Z [info] : 	Code: F100  editOrder  Function Called
2022-11-06T19:50:28.169Z [info] : 	Code: HTTP200,  editOrder  Successful response
2022-11-06T19:50:28.366Z [info] : 	Code: F100  getAllBurgers  Function Called
2022-11-06T19:50:28.376Z [info] : 	Code: HTTP200,  getAllBurgers  Successful response
2022-11-06T19:51:53.816Z [info] : 	Code: F100  getAllBurgers  Function Called
2022-11-06T19:51:53.822Z [info] : 	Code: HTTP200,  getAllBurgers  Successful response
2022-11-06T19:54:57.664Z [info] : 	Code: F100  deleteOrder  Function Called
2022-11-06T19:54:57.685Z [info] : 	Code: HTTP200,  deleteOrder  Successful response
2022-11-06T19:54:57.931Z [info] : 	Code: F100  getAllBurgers  Function Called
2022-11-06T19:54:57.939Z [info] : 	Code: HTTP200,  getAllBurgers  Successful response
2022-11-06T19:55:00.372Z [info] : 	Code: F100  deleteOrder  Function Called
2022-11-06T19:55:00.385Z [info] : 	Code: HTTP200,  deleteOrder  Successful response
2022-11-06T19:55:00.710Z [info] : 	Code: F100  getAllBurgers  Function Called
2022-11-06T19:55:00.718Z [info] : 	Code: HTTP200,  getAllBurgers  Successful response
2022-11-06T19:55:40.278Z [info] : 	Code: F100  createOrder  Function Called
2022-11-06T19:55:40.359Z [info] : 	Code: HTTP200,  createOrder  Successful response
2022-11-06T19:55:40.686Z [info] : 	Code: F100  getAllBurgers  Function Called
2022-11-06T19:55:40.693Z [info] : 	Code: HTTP200,  getAllBurgers  Successful response
2022-11-06T19:55:52.131Z [info] : 	Code: F100  editOrder  Function Called
2022-11-06T19:55:52.164Z [info] : 	Code: HTTP200,  editOrder  Successful response
2022-11-06T19:55:52.494Z [info] : 	Code: F100  getAllBurgers  Function Called
2022-11-06T19:55:52.504Z [info] : 	Code: HTTP200,  getAllBurgers  Successful response
2022-11-06T19:56:14.763Z [info] : 	Code: F100  editOrder  Function Called
2022-11-06T19:56:14.812Z [info] : 	Code: HTTP200,  editOrder  Successful response
2022-11-06T19:56:15.147Z [info] : 	Code: F100  getAllBurgers  Function Called
2022-11-06T19:56:15.154Z [info] : 	Code: HTTP200,  getAllBurgers  Successful response
2022-11-06T20:01:16.462Z [info] : 	Code: F100  getAllBurgers  Function Called
2022-11-06T20:01:16.475Z [info] : 	Code: HTTP200,  getAllBurgers  Successful response
2022-11-06T20:01:30.991Z [info] : 	Code: F100  getAllBurgers  Function Called
2022-11-06T20:01:31.002Z [info] : 	Code: HTTP200,  getAllBurgers  Successful response
2022-11-06T20:04:53.690Z [info] : 	Code: F100  getAllBurgers  Function Called
2022-11-06T20:04:53.697Z [info] : 	Code: HTTP200,  getAllBurgers  Successful response
2022-11-06T20:06:28.084Z [info] : 	Code: F100  getAllBurgers  Function Called
2022-11-06T20:06:28.092Z [info] : 	Code: HTTP200,  getAllBurgers  Successful response
2022-11-06T20:07:13.003Z [info] : 	Code: F100  getAllBurgers  Function Called
2022-11-06T20:07:13.011Z [info] : 	Code: HTTP200,  getAllBurgers  Successful response
2022-11-06T20:07:22.717Z [info] : 	Code: F100  getAllBurgers  Function Called
2022-11-06T20:07:22.723Z [info] : 	Code: HTTP200,  getAllBurgers  Successful response
2022-11-06T20:07:54.558Z [info] : 	Code: F100  getAllBurgers  Function Called
2022-11-06T20:07:54.567Z [info] : 	Code: HTTP200,  getAllBurgers  Successful response
2022-11-06T20:08:56.315Z [info] : 	Code: F100  getAllBurgers  Function Called
2022-11-06T20:08:56.328Z [info] : 	Code: HTTP200,  getAllBurgers  Successful response
2022-11-06T20:11:26.414Z [info] : 	Code: F100  getAllBurgers  Function Called
2022-11-06T20:11:26.423Z [info] : 	Code: HTTP200,  getAllBurgers  Successful response
2022-11-06T20:13:55.934Z [info] : 	Code: F100 login Function Called
2022-11-06T20:14:36.467Z [info] : 	Code: F100 login Function Called
2022-11-06T20:15:12.440Z [info] : 	Code: F100  createOrder  Function Called
2022-11-06T20:15:12.521Z [info] : 	Code: HTTP200,  createOrder  Successful response
2022-11-06T20:15:12.540Z [info] : 	Code: F100  getAllBurgers  Function Called
2022-11-06T20:15:12.547Z [info] : 	Code: HTTP200,  getAllBurgers  Successful response
2022-11-06T20:15:12.864Z [info] : 	Code: F100  getAllBurgers  Function Called
2022-11-06T20:15:12.873Z [info] : 	Code: HTTP200,  getAllBurgers  Successful response
2022-11-06T20:15:39.268Z [info] : 	Code: F100 login Function Called
2022-11-06T20:20:56.769Z [info] : 	Code: F100  getAllBurgers  Function Called
2022-11-06T20:20:56.782Z [info] : 	Code: HTTP200,  getAllBurgers  Successful response
2022-11-06T20:31:04.590Z [info] : 	Code: F100  getAllBurgers  Function Called
2022-11-06T20:31:04.603Z [info] : 	Code: HTTP200,  getAllBurgers  Successful response
2022-11-06T20:31:20.926Z [info] : 	Code: F100  getAllBurgers  Function Called
2022-11-06T20:31:20.936Z [info] : 	Code: HTTP200,  getAllBurgers  Successful response
2022-11-06T20:31:52.902Z [info] : 	Code: F100  deleteOrder  Function Called
2022-11-06T20:31:52.923Z [info] : 	Code: HTTP200,  deleteOrder  Successful response
2022-11-06T20:31:53.256Z [info] : 	Code: F100  getAllBurgers  Function Called
2022-11-06T20:31:53.264Z [info] : 	Code: HTTP200,  getAllBurgers  Successful response
2022-11-06T20:33:02.118Z [info] : 	Code: F100  deleteOrder  Function Called
2022-11-06T20:33:02.148Z [info] : 	Code: HTTP200,  deleteOrder  Successful response
2022-11-06T20:33:02.471Z [info] : 	Code: F100  getAllBurgers  Function Called
2022-11-06T20:33:02.478Z [info] : 	Code: HTTP200,  getAllBurgers  Successful response
2022-11-06T20:33:43.334Z [info] : 	Code: F100  createOrder  Function Called
2022-11-06T20:33:43.396Z [info] : 	Code: HTTP200,  createOrder  Successful response
2022-11-06T20:33:43.716Z [info] : 	Code: F100  getAllBurgers  Function Called
2022-11-06T20:33:43.723Z [info] : 	Code: HTTP200,  getAllBurgers  Successful response
2022-11-06T20:33:55.341Z [info] : 	Code: F100  createOrder  Function Called
2022-11-06T20:33:55.402Z [info] : 	Code: HTTP200,  createOrder  Successful response
2022-11-06T20:33:55.732Z [info] : 	Code: F100  getAllBurgers  Function Called
2022-11-06T20:33:55.740Z [info] : 	Code: HTTP200,  getAllBurgers  Successful response
2022-11-06T20:35:06.554Z [info] : 	Code: F100  deleteOrder  Function Called
2022-11-06T20:35:06.573Z [info] : 	Code: HTTP200,  deleteOrder  Successful response
2022-11-06T20:35:06.903Z [info] : 	Code: F100  getAllBurgers  Function Called
2022-11-06T20:35:06.910Z [info] : 	Code: HTTP200,  getAllBurgers  Successful response
2022-11-06T20:35:38.960Z [info] : 	Code: F100  getAllBurgers  Function Called
2022-11-06T20:35:38.967Z [info] : 	Code: HTTP200,  getAllBurgers  Successful response
2022-11-06T20:36:12.228Z [info] : 	Code: F100  deleteOrder  Function Called
2022-11-06T20:36:12.255Z [info] : 	Code: HTTP200,  deleteOrder  Successful response
2022-11-06T20:36:12.588Z [info] : 	Code: F100  getAllBurgers  Function Called
2022-11-06T20:36:12.596Z [info] : 	Code: HTTP200,  getAllBurgers  Successful response
2022-11-06T20:37:23.072Z [info] : 	Code: F100  createOrder  Function Called
2022-11-06T20:37:23.162Z [info] : 	Code: HTTP200,  createOrder  Successful response
2022-11-06T20:37:23.493Z [info] : 	Code: F100  getAllBurgers  Function Called
2022-11-06T20:37:23.501Z [info] : 	Code: HTTP200,  getAllBurgers  Successful response
2022-11-06T20:38:02.470Z [info] : 	Code: F100  createOrder  Function Called
2022-11-06T20:38:02.541Z [info] : 	Code: HTTP200,  createOrder  Successful response
2022-11-06T20:38:02.873Z [info] : 	Code: F100  getAllBurgers  Function Called
2022-11-06T20:38:02.883Z [info] : 	Code: HTTP200,  getAllBurgers  Successful response
2022-11-06T20:39:01.170Z [info] : 	Code: F100  deleteOrder  Function Called
2022-11-06T20:39:01.194Z [info] : 	Code: HTTP200,  deleteOrder  Successful response
2022-11-06T20:39:01.522Z [info] : 	Code: F100  getAllBurgers  Function Called
2022-11-06T20:39:01.532Z [info] : 	Code: HTTP200,  getAllBurgers  Successful response
2022-11-06T20:40:26.952Z [info] : 	Code: F100  getAllBurgers  Function Called
2022-11-06T20:40:26.965Z [info] : 	Code: HTTP200,  getAllBurgers  Successful response
2022-11-06T20:40:29.621Z [info] : 	Code: F100  deleteOrder  Function Called
2022-11-06T20:40:29.633Z [info] : 	Code: HTTP200,  deleteOrder  Successful response
2022-11-06T20:40:29.970Z [info] : 	Code: F100  getAllBurgers  Function Called
2022-11-06T20:40:29.974Z [info] : 	Code: HTTP200,  getAllBurgers  Successful response
2022-11-06T20:40:41.167Z [info] : 	Code: F100  createOrder  Function Called
2022-11-06T20:40:41.239Z [info] : 	Code: HTTP200,  createOrder  Successful response
2022-11-06T20:40:41.568Z [info] : 	Code: F100  getAllBurgers  Function Called
2022-11-06T20:40:41.575Z [info] : 	Code: HTTP200,  getAllBurgers  Successful response
2022-11-06T20:40:49.691Z [info] : 	Code: F100  createOrder  Function Called
2022-11-06T20:40:49.764Z [info] : 	Code: HTTP200,  createOrder  Successful response
2022-11-06T20:40:50.087Z [info] : 	Code: F100  getAllBurgers  Function Called
2022-11-06T20:40:50.097Z [info] : 	Code: HTTP200,  getAllBurgers  Successful response
2022-11-06T20:41:19.873Z [info] : 	Code: F100  deleteOrder  Function Called
2022-11-06T20:41:19.902Z [info] : 	Code: HTTP200,  deleteOrder  Successful response
2022-11-06T20:41:20.237Z [info] : 	Code: F100  getAllBurgers  Function Called
2022-11-06T20:41:20.245Z [info] : 	Code: HTTP200,  getAllBurgers  Successful response
2022-11-06T20:41:48.256Z [info] : 	Code: F100  deleteOrder  Function Called
2022-11-06T20:41:48.283Z [info] : 	Code: HTTP200,  deleteOrder  Successful response
2022-11-06T20:41:48.608Z [info] : 	Code: F100  getAllBurgers  Function Called
2022-11-06T20:41:48.616Z [info] : 	Code: HTTP200,  getAllBurgers  Successful response
2022-11-06T20:42:16.217Z [info] : 	Code: F100  getAllBurgers  Function Called
2022-11-06T20:42:16.226Z [info] : 	Code: HTTP200,  getAllBurgers  Successful response
2022-11-06T20:44:24.779Z [info] : 	Code: F100  getAllBurgers  Function Called
2022-11-06T20:44:24.786Z [info] : 	Code: HTTP200,  getAllBurgers  Successful response
2022-11-06T20:44:39.911Z [info] : 	Code: F100  getAllBurgers  Function Called
2022-11-06T20:44:39.918Z [info] : 	Code: HTTP200,  getAllBurgers  Successful response
2022-11-06T20:45:31.349Z [info] : 	Code: F100  getAllBurgers  Function Called
2022-11-06T20:45:31.356Z [info] : 	Code: HTTP200,  getAllBurgers  Successful response
2022-11-06T20:46:56.220Z [info] : 	Code: F100  getAllBurgers  Function Called
2022-11-06T20:46:56.229Z [info] : 	Code: HTTP200,  getAllBurgers  Successful response
2022-11-06T21:27:29.757Z [info] : 	Code: F100 login Function Called
2022-11-06T21:27:43.481Z [info] : 	Code: F100  getAllBurgers  Function Called
2022-11-06T21:27:43.490Z [info] : 	Code: HTTP200,  getAllBurgers  Successful response
2022-11-06T21:27:55.396Z [info] : 	Code: F100  createOrder  Function Called
2022-11-06T21:27:55.486Z [info] : 	Code: HTTP200,  createOrder  Successful response
2022-11-06T21:27:55.819Z [info] : 	Code: F100  getAllBurgers  Function Called
2022-11-06T21:27:55.826Z [info] : 	Code: HTTP200,  getAllBurgers  Successful response
2022-11-06T21:28:05.551Z [info] : 	Code: F100  createOrder  Function Called
2022-11-06T21:28:05.594Z [info] : 	Code: HTTP200,  createOrder  Successful response
2022-11-06T21:28:05.919Z [info] : 	Code: F100  getAllBurgers  Function Called
2022-11-06T21:28:05.926Z [info] : 	Code: HTTP200,  getAllBurgers  Successful response
2022-11-06T21:28:17.675Z [info] : 	Code: F100  createOrder  Function Called
2022-11-06T21:28:17.742Z [info] : 	Code: HTTP200,  createOrder  Successful response
2022-11-06T21:28:18.076Z [info] : 	Code: F100  getAllBurgers  Function Called
2022-11-06T21:28:18.086Z [info] : 	Code: HTTP200,  getAllBurgers  Successful response
2022-11-06T21:28:53.352Z [info] : 	Code: F100  deleteOrder  Function Called
2022-11-06T21:28:53.381Z [info] : 	Code: HTTP200,  deleteOrder  Successful response
2022-11-06T21:28:53.624Z [info] : 	Code: F100  getAllBurgers  Function Called
2022-11-06T21:28:53.632Z [info] : 	Code: HTTP200,  getAllBurgers  Successful response
2022-11-06T21:29:31.679Z [info] : 	Code: F100 login Function Called
2022-11-06T21:33:39.943Z [info] : 	Code: F100 login Function Called
2022-11-06T21:38:09.161Z [info] : 	Code: F100  getAllBurgers  Function Called
2022-11-06T21:38:09.177Z [info] : 	Code: HTTP200,  getAllBurgers  Successful response
2022-11-06T21:39:11.665Z [info] : 	Code: F100  getAllBurgers  Function Called
2022-11-06T21:39:11.681Z [info] : 	Code: HTTP200,  getAllBurgers  Successful response
2022-11-06T21:40:02.440Z [info] : 	Code: F100  getAllBurgers  Function Called
2022-11-06T21:40:02.448Z [info] : 	Code: HTTP200,  getAllBurgers  Successful response
2022-11-06T21:40:46.661Z [info] : 	Code: F100  getAllBurgers  Function Called
2022-11-06T21:40:46.668Z [info] : 	Code: HTTP200,  getAllBurgers  Successful response
2022-11-06T21:41:15.016Z [info] : 	Code: F100  getAllBurgers  Function Called
2022-11-06T21:41:15.029Z [info] : 	Code: HTTP200,  getAllBurgers  Successful response
2022-11-06T21:41:40.561Z [info] : 	Code: F100  getAllBurgers  Function Called
2022-11-06T21:41:40.580Z [info] : 	Code: HTTP200,  getAllBurgers  Successful response
2022-11-06T21:43:31.948Z [info] : 	Code: F100  getAllBurgers  Function Called
2022-11-06T21:43:31.959Z [info] : 	Code: HTTP200,  getAllBurgers  Successful response
2022-11-06T21:44:13.717Z [info] : 	Code: F100  getAllBurgers  Function Called
2022-11-06T21:44:13.728Z [info] : 	Code: HTTP200,  getAllBurgers  Successful response
2022-11-06T21:46:17.774Z [info] : 	Code: F100  getAllBurgers  Function Called
2022-11-06T21:46:17.786Z [info] : 	Code: HTTP200,  getAllBurgers  Successful response
2022-11-06T21:49:08.064Z [info] : 	Code: F100  getAllBurgers  Function Called
2022-11-06T21:49:08.070Z [info] : 	Code: HTTP200,  getAllBurgers  Successful response
