2022-09-19T18:39:44.108Z [info] : 	Code: F100 login Function Called
2022-09-19T18:39:44.498Z [info] : 	Code: F100  getAllBurgers  Function Called
2022-09-19T18:39:44.506Z [info] : 	Code: HTTP200,  getAllBurgers  Successful response
2022-09-19T18:42:28.568Z [info] : 	Code: F100  getAllBurgers  Function Called
2022-09-19T18:42:28.581Z [info] : 	Code: HTTP200,  getAllBurgers  Successful response
2022-09-19T18:53:27.510Z [info] : 	Code: F100  getAllBurgers  Function Called
2022-09-19T18:53:27.520Z [info] : 	Code: HTTP200,  getAllBurgers  Successful response
2022-09-19T18:55:55.442Z [info] : 	Code: F100  getAllBurgers  Function Called
2022-09-19T18:55:55.458Z [info] : 	Code: HTTP200,  getAllBurgers  Successful response
2022-09-19T18:56:51.155Z [info] : 	Code: F100  getAllBurgers  Function Called
2022-09-19T18:56:51.167Z [info] : 	Code: HTTP200,  getAllBurgers  Successful response
2022-09-19T19:18:54.526Z [error] : 	Code: HTTP500, Error Connecting with Database
2022-09-19T19:21:36.516Z [error] : 	Code: HTTP500, Error Connecting with Database
2022-09-19T19:22:44.127Z [error] : 	Code: HTTP500, Error Connecting with Database
2022-09-19T19:23:48.301Z [error] : 	Code: HTTP500, Error Connecting with Database
2022-09-19T19:25:02.700Z [error] : 	Code: HTTP500, Error Connecting with Database
2022-09-19T19:25:18.217Z [error] : 	Code: HTTP500, Error Connecting with Database
2022-09-19T19:25:25.700Z [error] : 	Code: HTTP500, Error Connecting with Database
2022-09-19T19:25:43.640Z [error] : 	Code: HTTP500, Error Connecting with Database
2022-09-19T19:25:58.040Z [error] : 	Code: HTTP500, Error Connecting with Database
2022-09-19T19:44:55.984Z [info] : 	Code: F100  createOrder  Function Called
2022-09-19T19:44:55.988Z [error] : 	Code: HTTP400,  createOrder  Catch error
2022-09-19T19:45:36.960Z [info] : 	Code: F100  createOrder  Function Called
2022-09-19T19:45:37.056Z [info] : 	Code: HTTP200,  createOrder  Successful response
2022-09-19T19:52:04.039Z [info] : 	Code: F100  createOrder  Function Called
2022-09-19T19:52:04.115Z [info] : 	Code: HTTP200,  createOrder  Successful response
2022-09-19T19:54:27.961Z [info] : 	Code: F100  createOrder  Function Called
2022-09-19T19:54:28.029Z [info] : 	Code: HTTP200,  createOrder  Successful response
2022-09-19T19:57:08.713Z [info] : 	Code: F100  createOrder  Function Called
2022-09-19T19:57:08.723Z [error] : 	Code: HTTP400,  createOrder  Catch error
2022-09-19T19:57:51.092Z [info] : 	Code: F100  createOrder  Function Called
2022-09-19T19:57:51.134Z [error] : 	Code: HTTP400,  createOrder  Catch error
2022-09-19T19:59:26.853Z [info] : 	Code: F100  createOrder  Function Called
2022-09-19T19:59:26.916Z [info] : 	Code: HTTP200,  createOrder  Successful response
2022-09-19T19:59:48.836Z [info] : 	Code: F100  createOrder  Function Called
2022-09-19T19:59:48.905Z [info] : 	Code: HTTP200,  createOrder  Successful response
2022-09-19T20:02:48.667Z [info] : 	Code: F100  createOrder  Function Called
2022-09-19T20:02:48.741Z [info] : 	Code: HTTP200,  createOrder  Successful response
2022-09-19T20:06:43.816Z [info] : 	Code: F100  createOrder  Function Called
2022-09-19T20:06:43.933Z [info] : 	Code: HTTP200,  createOrder  Successful response
2022-09-19T20:10:34.928Z [error] : 	Code: HTTP500, Error Connecting with Database
2022-09-19T20:10:51.125Z [error] : 	Code: HTTP500, Error Connecting with Database
2022-09-19T20:13:55.626Z [info] : 	Code: F100  createOrder  Function Called
2022-09-19T20:13:55.744Z [info] : 	Code: HTTP200,  createOrder  Successful response
2022-09-19T20:20:58.830Z [info] : 	Code: F100  createOrder  Function Called
2022-09-19T20:20:58.930Z [info] : 	Code: HTTP200,  createOrder  Successful response
2022-09-19T20:34:26.271Z [info] : 	Code: F100  createOrder  Function Called
2022-09-19T20:34:26.378Z [info] : 	Code: HTTP200,  createOrder  Successful response
2022-09-19T20:49:12.810Z [info] : 	Code: F100  getAllBurgers  Function Called
2022-09-19T20:49:12.830Z [info] : 	Code: HTTP200,  getAllBurgers  Successful response
2022-09-19T20:49:54.898Z [info] : 	Code: F100  getAllBurgers  Function Called
2022-09-19T20:49:54.907Z [info] : 	Code: HTTP200,  getAllBurgers  Successful response
2022-09-19T20:53:10.362Z [info] : 	Code: F100  createOrder  Function Called
2022-09-19T20:53:10.408Z [info] : 	Code: HTTP200,  createOrder  Successful response
2022-09-19T20:55:09.011Z [info] : 	Code: F100  createOrder  Function Called
2022-09-19T20:55:09.112Z [info] : 	Code: HTTP200,  createOrder  Successful response
2022-09-19T20:58:03.600Z [info] : 	Code: F100  createOrder  Function Called
2022-09-19T20:58:03.691Z [info] : 	Code: HTTP200,  createOrder  Successful response
