2022-10-31T19:31:48.389Z [info] : 	Code: F100 login Function Called
2022-10-31T19:31:56.489Z [info] : 	Code: F100 login Function Called
2022-10-31T20:34:56.958Z [info] : 	Code: F100  createOrder  Function Called
2022-10-31T20:34:57.113Z [error] : 	Code: HTTP400,  createOrder  Catch error
2022-10-31T20:38:07.989Z [info] : 	Code: F100  createOrder  Function Called
2022-10-31T20:38:08.063Z [error] : 	Code: HTTP400,  createOrder  Catch error
2022-10-31T20:38:59.636Z [info] : 	Code: F100  createOrder  Function Called
2022-10-31T20:38:59.710Z [error] : 	Code: HTTP400,  createOrder  Catch error
2022-10-31T20:48:11.345Z [info] : 	Code: F100  createOrder  Function Called
2022-10-31T20:48:11.421Z [error] : 	Code: HTTP400,  createOrder  Catch error
2022-10-31T20:52:23.134Z [info] : 	Code: F100  createOrder  Function Called
2022-10-31T20:52:23.202Z [error] : 	Code: HTTP400,  createOrder  Catch error
2022-10-31T20:54:26.314Z [info] : 	Code: F100  createOrder  Function Called
2022-10-31T20:54:26.386Z [error] : 	Code: HTTP400,  createOrder  Catch error
2022-10-31T20:58:41.092Z [info] : 	Code: F100  createOrder  Function Called
2022-10-31T20:58:41.148Z [error] : 	Code: HTTP400,  createOrder  Catch error
2022-10-31T21:00:02.105Z [info] : 	Code: F100  createOrder  Function Called
2022-10-31T21:00:02.194Z [error] : 	Code: HTTP400,  createOrder  Catch error
2022-10-31T21:00:58.573Z [info] : 	Code: F100  createOrder  Function Called
2022-10-31T21:00:58.678Z [info] : 	Code: HTTP200,  createOrder  Successful response
2022-10-31T21:00:58.693Z [info] : 	Code: F100  getAllBurgers  Function Called
2022-10-31T21:00:58.732Z [info] : 	Code: HTTP200,  getAllBurgers  Successful response
2022-10-31T21:00:58.748Z [info] : 	Code: F100  getAllBurgers  Function Called
2022-10-31T21:00:58.759Z [info] : 	Code: HTTP200,  getAllBurgers  Successful response
2022-10-31T21:12:21.069Z [info] : 	Code: F100  createOrder  Function Called
2022-10-31T21:12:21.160Z [error] : 	Code: HTTP400,  createOrder  Catch error
2022-10-31T21:17:30.369Z [info] : 	Code: F100  getAllBurgers  Function Called
2022-10-31T21:17:30.388Z [info] : 	Code: HTTP200,  getAllBurgers  Successful response
2022-10-31T21:18:08.118Z [info] : 	Code: F100  getAllBurgers  Function Called
2022-10-31T21:18:08.134Z [info] : 	Code: HTTP200,  getAllBurgers  Successful response
2022-10-31T21:18:30.488Z [info] : 	Code: F100  getAllBurgers  Function Called
2022-10-31T21:18:30.501Z [info] : 	Code: HTTP200,  getAllBurgers  Successful response
2022-10-31T21:18:39.127Z [info] : 	Code: F100  getAllBurgers  Function Called
2022-10-31T21:18:39.138Z [info] : 	Code: HTTP200,  getAllBurgers  Successful response
2022-10-31T21:20:13.323Z [info] : 	Code: F100  getAllBurgers  Function Called
2022-10-31T21:20:13.339Z [info] : 	Code: HTTP200,  getAllBurgers  Successful response
2022-10-31T21:20:21.906Z [info] : 	Code: F100  getAllBurgers  Function Called
2022-10-31T21:20:21.914Z [info] : 	Code: HTTP200,  getAllBurgers  Successful response
2022-10-31T21:20:25.091Z [info] : 	Code: F100  getAllBurgers  Function Called
2022-10-31T21:20:25.106Z [info] : 	Code: HTTP200,  getAllBurgers  Successful response
2022-10-31T21:21:09.105Z [info] : 	Code: F100  createOrder  Function Called
2022-10-31T21:21:09.203Z [info] : 	Code: HTTP200,  createOrder  Successful response
2022-10-31T21:21:09.220Z [info] : 	Code: F100  getAllBurgers  Function Called
2022-10-31T21:21:09.230Z [info] : 	Code: HTTP200,  getAllBurgers  Successful response
2022-10-31T21:27:04.195Z [info] : 	Code: F100  getAllBurgers  Function Called
2022-10-31T21:27:04.215Z [info] : 	Code: HTTP200,  getAllBurgers  Successful response
2022-10-31T21:35:48.905Z [info] : 	Code: F100  getAllBurgers  Function Called
2022-10-31T21:35:48.925Z [info] : 	Code: HTTP200,  getAllBurgers  Successful response
2022-10-31T21:44:41.321Z [info] : 	Code: F100  getAllBurgers  Function Called
2022-10-31T21:44:41.335Z [info] : 	Code: HTTP200,  getAllBurgers  Successful response
2022-10-31T21:54:29.299Z [info] : 	Code: F100  getAllBurgers  Function Called
2022-10-31T21:54:29.321Z [info] : 	Code: HTTP200,  getAllBurgers  Successful response
2022-10-31T21:55:12.534Z [info] : 	Code: F100  createOrder  Function Called
2022-10-31T21:55:12.639Z [info] : 	Code: HTTP200,  createOrder  Successful response
2022-10-31T21:55:12.790Z [info] : 	Code: F100  getAllBurgers  Function Called
2022-10-31T21:55:12.803Z [info] : 	Code: HTTP200,  getAllBurgers  Successful response
2022-10-31T21:55:46.082Z [info] : 	Code: F100  getAllBurgers  Function Called
2022-10-31T21:55:46.103Z [info] : 	Code: HTTP200,  getAllBurgers  Successful response
2022-10-31T21:56:09.019Z [info] : 	Code: F100  getAllBurgers  Function Called
2022-10-31T21:56:09.037Z [info] : 	Code: HTTP200,  getAllBurgers  Successful response
2022-10-31T21:58:25.716Z [info] : 	Code: F100  getAllBurgers  Function Called
2022-10-31T21:58:25.734Z [info] : 	Code: HTTP200,  getAllBurgers  Successful response
2022-10-31T21:59:29.838Z [info] : 	Code: F100  getAllBurgers  Function Called
2022-10-31T21:59:29.856Z [info] : 	Code: HTTP200,  getAllBurgers  Successful response
