2022-10-24T21:18:45.950Z [info] : 	Code: F100 login Function Called
2022-10-24T21:22:15.312Z [info] : 	Code: F100 login Function Called
2022-10-24T21:22:26.016Z [info] : 	Code: F100 login Function Called
2022-10-24T21:22:43.637Z [info] : 	Code: F100  getAllBurgers  Function Called
2022-10-24T21:22:43.650Z [info] : 	Code: HTTP200,  getAllBurgers  Successful response
2022-10-24T21:23:41.649Z [info] : 	Code: F100  getAllBurgers  Function Called
2022-10-24T21:23:41.659Z [info] : 	Code: HTTP200,  getAllBurgers  Successful response
2022-10-24T21:24:41.424Z [info] : 	Code: F100  getAllBurgers  Function Called
2022-10-24T21:24:41.438Z [info] : 	Code: HTTP200,  getAllBurgers  Successful response
2022-10-24T21:24:58.975Z [info] : 	Code: F100  getAllBurgers  Function Called
2022-10-24T21:24:58.999Z [info] : 	Code: HTTP200,  getAllBurgers  Successful response
2022-10-24T21:25:15.680Z [info] : 	Code: F100  getAllBurgers  Function Called
2022-10-24T21:25:15.690Z [info] : 	Code: HTTP200,  getAllBurgers  Successful response
2022-10-24T21:28:28.692Z [info] : 	Code: F100  getAllBurgers  Function Called
2022-10-24T21:28:28.699Z [info] : 	Code: HTTP200,  getAllBurgers  Successful response
2022-10-24T21:30:10.890Z [info] : 	Code: F100  getAllBurgers  Function Called
2022-10-24T21:30:10.897Z [info] : 	Code: HTTP200,  getAllBurgers  Successful response
2022-10-24T21:30:47.350Z [info] : 	Code: F100  getAllBurgers  Function Called
2022-10-24T21:30:47.360Z [info] : 	Code: HTTP200,  getAllBurgers  Successful response
2022-10-24T21:31:23.794Z [info] : 	Code: F100  getAllBurgers  Function Called
2022-10-24T21:31:23.802Z [info] : 	Code: HTTP200,  getAllBurgers  Successful response
2022-10-24T21:34:10.924Z [info] : 	Code: F100  getAllBurgers  Function Called
2022-10-24T21:34:10.933Z [info] : 	Code: HTTP200,  getAllBurgers  Successful response
2022-10-24T21:35:07.992Z [info] : 	Code: F100  getAllBurgers  Function Called
2022-10-24T21:35:08.004Z [info] : 	Code: HTTP200,  getAllBurgers  Successful response
2022-10-24T21:42:04.371Z [info] : 	Code: F100  getAllBurgers  Function Called
2022-10-24T21:42:04.382Z [info] : 	Code: HTTP200,  getAllBurgers  Successful response
2022-10-24T21:42:45.468Z [info] : 	Code: F100  getAllBurgers  Function Called
2022-10-24T21:42:45.478Z [info] : 	Code: HTTP200,  getAllBurgers  Successful response
2022-10-24T21:42:48.782Z [info] : 	Code: F100  getAllBurgers  Function Called
2022-10-24T21:42:48.789Z [info] : 	Code: HTTP200,  getAllBurgers  Successful response
2022-10-24T21:44:23.124Z [info] : 	Code: F100  getAllBurgers  Function Called
2022-10-24T21:44:23.135Z [info] : 	Code: HTTP200,  getAllBurgers  Successful response
2022-10-24T21:44:25.835Z [info] : 	Code: F100  getAllBurgers  Function Called
2022-10-24T21:44:25.841Z [info] : 	Code: HTTP200,  getAllBurgers  Successful response
2022-10-24T21:46:03.238Z [info] : 	Code: F100  getAllBurgers  Function Called
2022-10-24T21:46:03.250Z [info] : 	Code: HTTP200,  getAllBurgers  Successful response
2022-10-24T21:46:06.606Z [info] : 	Code: F100  getAllBurgers  Function Called
2022-10-24T21:46:06.612Z [info] : 	Code: HTTP200,  getAllBurgers  Successful response
2022-10-24T21:46:39.561Z [info] : 	Code: F100  getAllBurgers  Function Called
2022-10-24T21:46:39.570Z [info] : 	Code: HTTP200,  getAllBurgers  Successful response
2022-10-24T21:47:12.679Z [info] : 	Code: F100  getAllBurgers  Function Called
2022-10-24T21:47:12.689Z [info] : 	Code: HTTP200,  getAllBurgers  Successful response
2022-10-24T21:51:31.536Z [info] : 	Code: F100  getAllBurgers  Function Called
2022-10-24T21:51:31.549Z [info] : 	Code: HTTP200,  getAllBurgers  Successful response
2022-10-24T21:51:59.029Z [info] : 	Code: F100  getAllBurgers  Function Called
2022-10-24T21:51:59.039Z [info] : 	Code: HTTP200,  getAllBurgers  Successful response
2022-10-24T21:52:07.890Z [info] : 	Code: F100  getAllBurgers  Function Called
2022-10-24T21:52:07.897Z [info] : 	Code: HTTP200,  getAllBurgers  Successful response
2022-10-24T21:52:46.970Z [info] : 	Code: F100  getAllBurgers  Function Called
2022-10-24T21:52:46.981Z [info] : 	Code: HTTP200,  getAllBurgers  Successful response
2022-10-24T21:56:14.638Z [info] : 	Code: F100  getAllBurgers  Function Called
2022-10-24T21:56:14.648Z [info] : 	Code: HTTP200,  getAllBurgers  Successful response
2022-10-24T21:56:33.764Z [info] : 	Code: F100  getAllBurgers  Function Called
2022-10-24T21:56:33.777Z [info] : 	Code: HTTP200,  getAllBurgers  Successful response
2022-10-24T22:07:57.085Z [info] : 	Code: F100  getAllBurgers  Function Called
2022-10-24T22:07:57.094Z [info] : 	Code: HTTP200,  getAllBurgers  Successful response
2022-10-24T22:21:42.225Z [info] : 	Code: F100  getAllBurgers  Function Called
2022-10-24T22:21:42.233Z [info] : 	Code: HTTP200,  getAllBurgers  Successful response
2022-10-24T23:35:08.436Z [info] : 	Code: F100 login Function Called
2022-10-24T23:54:45.883Z [info] : 	Code: F100 login Function Called
2022-10-25T00:02:22.594Z [info] : 	Code: F100 login Function Called
2022-10-25T00:04:24.880Z [info] : 	Code: F100 login Function Called
2022-10-25T00:10:46.337Z [info] : 	Code: F100  createOrder  Function Called
2022-10-25T00:10:46.437Z [info] : 	Code: HTTP200,  createOrder  Successful response
2022-10-25T00:10:46.582Z [info] : 	Code: F100  getAllBurgers  Function Called
2022-10-25T00:10:46.613Z [info] : 	Code: HTTP200,  getAllBurgers  Successful response
2022-10-25T00:10:46.765Z [info] : 	Code: F100  getAllBurgers  Function Called
2022-10-25T00:10:46.775Z [info] : 	Code: HTTP200,  getAllBurgers  Successful response
2022-10-25T00:11:34.734Z [info] : 	Code: F100  createOrder  Function Called
2022-10-25T00:11:34.792Z [info] : 	Code: HTTP200,  createOrder  Successful response
2022-10-25T00:11:34.997Z [info] : 	Code: F100  getAllBurgers  Function Called
2022-10-25T00:11:35.006Z [info] : 	Code: HTTP200,  getAllBurgers  Successful response
2022-10-25T00:13:00.109Z [info] : 	Code: F100  getAllBurgers  Function Called
2022-10-25T00:13:00.122Z [info] : 	Code: HTTP200,  getAllBurgers  Successful response
2022-10-25T00:13:17.794Z [info] : 	Code: F100  getAllBurgers  Function Called
2022-10-25T00:13:17.804Z [info] : 	Code: HTTP200,  getAllBurgers  Successful response
2022-10-25T00:15:11.590Z [info] : 	Code: F100  getAllBurgers  Function Called
2022-10-25T00:15:11.602Z [info] : 	Code: HTTP200,  getAllBurgers  Successful response
2022-10-25T00:15:24.488Z [info] : 	Code: F100  getAllBurgers  Function Called
2022-10-25T00:15:24.503Z [info] : 	Code: HTTP200,  getAllBurgers  Successful response
2022-10-25T00:21:53.905Z [info] : 	Code: F100  getAllBurgers  Function Called
2022-10-25T00:21:53.915Z [info] : 	Code: HTTP200,  getAllBurgers  Successful response
2022-10-25T20:59:56.095Z [info] : 	Code: F100 login Function Called
