2022-11-04T22:10:41.335Z [info] : 	Code: F100  createOrder  Function Called
2022-11-04T22:11:22.029Z [info] : 	Code: HTTP200,  createOrder  Successful response
2022-11-04T22:11:22.093Z [info] : 	Code: F100  getAllBurgers  Function Called
2022-11-04T22:11:22.123Z [info] : 	Code: HTTP200,  getAllBurgers  Successful response
2022-11-04T22:13:49.769Z [info] : 	Code: F100  getAllBurgers  Function Called
2022-11-04T22:13:49.795Z [info] : 	Code: HTTP200,  getAllBurgers  Successful response
2022-11-04T22:14:12.582Z [info] : 	Code: F100  createOrder  Function Called
2022-11-04T22:14:12.682Z [info] : 	Code: HTTP200,  createOrder  Successful response
2022-11-04T22:14:13.013Z [info] : 	Code: F100  getAllBurgers  Function Called
2022-11-04T22:14:13.023Z [info] : 	Code: HTTP200,  getAllBurgers  Successful response
2022-11-04T22:17:27.431Z [info] : 	Code: F100  getAllBurgers  Function Called
2022-11-04T22:17:27.447Z [info] : 	Code: HTTP200,  getAllBurgers  Successful response
2022-11-04T22:18:34.192Z [info] : 	Code: F100  editOrder  Function Called
2022-11-04T22:18:34.221Z [info] : 	Code: HTTP200,  editOrder  Successful response
2022-11-04T22:18:34.443Z [info] : 	Code: F100  getAllBurgers  Function Called
2022-11-04T22:18:34.447Z [info] : 	Code: HTTP200,  getAllBurgers  Successful response
2022-11-04T22:19:24.364Z [info] : 	Code: F100  createOrder  Function Called
2022-11-04T22:19:24.421Z [info] : 	Code: HTTP200,  createOrder  Successful response
2022-11-04T22:19:24.755Z [info] : 	Code: F100  getAllBurgers  Function Called
2022-11-04T22:19:24.772Z [info] : 	Code: HTTP200,  getAllBurgers  Successful response
2022-11-04T22:19:41.580Z [info] : 	Code: F100  editOrder  Function Called
2022-11-04T22:19:41.608Z [info] : 	Code: HTTP200,  editOrder  Successful response
2022-11-04T22:26:09.576Z [info] : 	Code: F100  createOrder  Function Called
2022-11-04T22:26:09.630Z [info] : 	Code: HTTP200,  createOrder  Successful response
2022-11-04T22:26:09.646Z [info] : 	Code: F100  getAllBurgers  Function Called
2022-11-04T22:26:09.660Z [info] : 	Code: HTTP200,  getAllBurgers  Successful response
2022-11-04T22:26:20.501Z [info] : 	Code: F100  createOrder  Function Called
2022-11-04T22:26:20.554Z [info] : 	Code: HTTP200,  createOrder  Successful response
2022-11-04T22:26:20.564Z [info] : 	Code: F100  getAllBurgers  Function Called
2022-11-04T22:26:20.569Z [info] : 	Code: HTTP200,  getAllBurgers  Successful response
2022-11-04T22:26:36.362Z [info] : 	Code: F100  editOrder  Function Called
2022-11-04T22:26:36.388Z [info] : 	Code: HTTP200,  editOrder  Successful response
2022-11-04T22:26:36.406Z [info] : 	Code: F100  getAllBurgers  Function Called
2022-11-04T22:28:56.941Z [info] : 	Code: F100  getAllBurgers  Function Called
2022-11-04T22:28:56.976Z [info] : 	Code: HTTP200,  getAllBurgers  Successful response
2022-11-04T22:29:16.725Z [info] : 	Code: F100  editOrder  Function Called
2022-11-04T22:29:16.759Z [info] : 	Code: HTTP200,  editOrder  Successful response
2022-11-04T22:29:17.093Z [info] : 	Code: F100  getAllBurgers  Function Called
2022-11-04T22:29:17.099Z [info] : 	Code: HTTP200,  getAllBurgers  Successful response
2022-11-04T22:30:37.569Z [info] : 	Code: F100  editOrder  Function Called
2022-11-04T22:30:37.615Z [info] : 	Code: HTTP200,  editOrder  Successful response
2022-11-04T22:31:49.805Z [info] : 	Code: F100  getAllBurgers  Function Called
2022-11-04T22:31:49.833Z [info] : 	Code: HTTP200,  getAllBurgers  Successful response
2022-11-04T22:33:43.867Z [info] : 	Code: F100  getAllBurgers  Function Called
2022-11-04T22:33:43.875Z [info] : 	Code: HTTP200,  getAllBurgers  Successful response
2022-11-04T22:34:17.904Z [info] : 	Code: F100  createOrder  Function Called
2022-11-04T22:34:17.959Z [info] : 	Code: HTTP200,  createOrder  Successful response
2022-11-04T22:34:17.970Z [info] : 	Code: F100  getAllBurgers  Function Called
2022-11-04T22:34:17.978Z [info] : 	Code: HTTP200,  getAllBurgers  Successful response
2022-11-04T22:35:01.530Z [info] : 	Code: F100  getAllBurgers  Function Called
2022-11-04T22:35:01.543Z [info] : 	Code: HTTP200,  getAllBurgers  Successful response
2022-11-04T22:36:09.448Z [info] : 	Code: F100  editOrder  Function Called
2022-11-04T22:36:09.483Z [info] : 	Code: HTTP200,  editOrder  Successful response
2022-11-04T22:36:09.682Z [info] : 	Code: F100  getAllBurgers  Function Called
2022-11-04T22:36:09.690Z [info] : 	Code: HTTP200,  getAllBurgers  Successful response
2022-11-04T22:36:52.709Z [info] : 	Code: F100  createOrder  Function Called
2022-11-04T22:36:52.751Z [info] : 	Code: HTTP200,  createOrder  Successful response
2022-11-04T22:36:53.069Z [info] : 	Code: F100  getAllBurgers  Function Called
2022-11-04T22:36:53.078Z [info] : 	Code: HTTP200,  getAllBurgers  Successful response
2022-11-04T22:37:29.925Z [info] : 	Code: F100  getAllBurgers  Function Called
2022-11-04T22:37:29.933Z [info] : 	Code: HTTP200,  getAllBurgers  Successful response
2022-11-04T22:38:18.701Z [info] : 	Code: F100  editOrder  Function Called
2022-11-04T22:38:18.735Z [info] : 	Code: HTTP200,  editOrder  Successful response
2022-11-04T22:38:18.766Z [info] : 	Code: F100  getAllBurgers  Function Called
2022-11-04T22:38:18.789Z [info] : 	Code: HTTP200,  getAllBurgers  Successful response
2022-11-04T23:49:58.643Z [info] : 	Code: F100  getAllBurgers  Function Called
2022-11-04T23:49:58.673Z [info] : 	Code: HTTP200,  getAllBurgers  Successful response
2022-11-04T23:50:24.826Z [info] : 	Code: F100  getAllBurgers  Function Called
2022-11-04T23:50:24.839Z [info] : 	Code: HTTP200,  getAllBurgers  Successful response
2022-11-04T23:55:13.589Z [info] : 	Code: F100  getAllBurgers  Function Called
2022-11-04T23:55:13.602Z [info] : 	Code: HTTP200,  getAllBurgers  Successful response
2022-11-04T23:55:29.482Z [info] : 	Code: F100  createOrder  Function Called
2022-11-04T23:55:29.531Z [info] : 	Code: HTTP200,  createOrder  Successful response
2022-11-04T23:55:29.543Z [info] : 	Code: F100  getAllBurgers  Function Called
2022-11-04T23:55:29.549Z [info] : 	Code: HTTP200,  getAllBurgers  Successful response
2022-11-04T23:55:56.835Z [info] : 	Code: F100  getAllBurgers  Function Called
2022-11-04T23:55:56.845Z [info] : 	Code: HTTP200,  getAllBurgers  Successful response
2022-11-04T23:56:39.706Z [info] : 	Code: F100  getAllBurgers  Function Called
2022-11-04T23:56:39.717Z [info] : 	Code: HTTP200,  getAllBurgers  Successful response
2022-11-04T23:58:25.321Z [info] : 	Code: F100  getAllBurgers  Function Called
2022-11-04T23:58:25.330Z [info] : 	Code: HTTP200,  getAllBurgers  Successful response
2022-11-05T00:00:05.832Z [info] : 	Code: F100  getAllBurgers  Function Called
2022-11-05T00:00:05.855Z [info] : 	Code: HTTP200,  getAllBurgers  Successful response
2022-11-05T00:00:22.739Z [info] : 	Code: F100  createOrder  Function Called
2022-11-05T00:00:22.820Z [info] : 	Code: HTTP200,  createOrder  Successful response
2022-11-05T00:00:22.829Z [info] : 	Code: F100  getAllBurgers  Function Called
2022-11-05T00:00:22.835Z [info] : 	Code: HTTP200,  getAllBurgers  Successful response
2022-11-05T00:02:07.931Z [info] : 	Code: F100  getAllBurgers  Function Called
2022-11-05T00:02:07.947Z [info] : 	Code: HTTP200,  getAllBurgers  Successful response
2022-11-05T00:04:12.201Z [info] : 	Code: F100  getAllBurgers  Function Called
2022-11-05T00:04:12.213Z [info] : 	Code: HTTP200,  getAllBurgers  Successful response
2022-11-05T00:05:46.364Z [info] : 	Code: F100  getAllBurgers  Function Called
2022-11-05T00:05:46.373Z [info] : 	Code: HTTP200,  getAllBurgers  Successful response
2022-11-05T00:06:29.646Z [info] : 	Code: F100  getAllBurgers  Function Called
2022-11-05T00:06:29.655Z [info] : 	Code: HTTP200,  getAllBurgers  Successful response
2022-11-05T00:08:10.397Z [info] : 	Code: F100  getAllBurgers  Function Called
2022-11-05T00:08:10.409Z [info] : 	Code: HTTP200,  getAllBurgers  Successful response
2022-11-05T00:09:33.309Z [info] : 	Code: F100  getAllBurgers  Function Called
2022-11-05T00:09:33.318Z [info] : 	Code: HTTP200,  getAllBurgers  Successful response
2022-11-05T00:11:23.511Z [info] : 	Code: F100  getAllBurgers  Function Called
2022-11-05T00:11:23.524Z [info] : 	Code: HTTP200,  getAllBurgers  Successful response
2022-11-05T00:13:02.376Z [info] : 	Code: F100  getAllBurgers  Function Called
2022-11-05T00:13:02.387Z [info] : 	Code: HTTP200,  getAllBurgers  Successful response
2022-11-05T00:14:08.166Z [info] : 	Code: F100  getAllBurgers  Function Called
2022-11-05T00:14:08.180Z [info] : 	Code: HTTP200,  getAllBurgers  Successful response
2022-11-05T00:15:50.068Z [info] : 	Code: F100  getAllBurgers  Function Called
2022-11-05T00:15:50.080Z [info] : 	Code: HTTP200,  getAllBurgers  Successful response
2022-11-05T00:16:18.447Z [info] : 	Code: F100  getAllBurgers  Function Called
2022-11-05T00:16:18.455Z [info] : 	Code: HTTP200,  getAllBurgers  Successful response
2022-11-05T00:17:49.849Z [info] : 	Code: F100  getAllBurgers  Function Called
2022-11-05T00:17:49.858Z [info] : 	Code: HTTP200,  getAllBurgers  Successful response
2022-11-05T00:18:52.815Z [info] : 	Code: F100  getAllBurgers  Function Called
2022-11-05T00:18:52.824Z [info] : 	Code: HTTP200,  getAllBurgers  Successful response
2022-11-05T00:19:47.859Z [info] : 	Code: F100  getAllBurgers  Function Called
2022-11-05T00:19:47.867Z [info] : 	Code: HTTP200,  getAllBurgers  Successful response
2022-11-05T00:20:04.211Z [info] : 	Code: F100  getAllBurgers  Function Called
2022-11-05T00:20:04.223Z [info] : 	Code: HTTP200,  getAllBurgers  Successful response
2022-11-05T00:27:15.516Z [info] : 	Code: F100  getAllBurgers  Function Called
2022-11-05T00:27:15.525Z [info] : 	Code: HTTP200,  getAllBurgers  Successful response
2022-11-05T00:29:31.096Z [info] : 	Code: F100  getAllBurgers  Function Called
2022-11-05T00:29:31.106Z [info] : 	Code: HTTP200,  getAllBurgers  Successful response
2022-11-05T00:31:39.257Z [info] : 	Code: F100  getAllBurgers  Function Called
2022-11-05T00:31:39.269Z [info] : 	Code: HTTP200,  getAllBurgers  Successful response
2022-11-05T00:34:06.035Z [info] : 	Code: F100  getAllBurgers  Function Called
2022-11-05T00:34:06.045Z [info] : 	Code: HTTP200,  getAllBurgers  Successful response
2022-11-05T00:34:28.829Z [info] : 	Code: F100  getAllBurgers  Function Called
2022-11-05T00:34:28.837Z [info] : 	Code: HTTP200,  getAllBurgers  Successful response
2022-11-05T00:40:03.903Z [info] : 	Code: F100  getAllBurgers  Function Called
2022-11-05T00:40:03.912Z [info] : 	Code: HTTP200,  getAllBurgers  Successful response
2022-11-05T00:40:29.754Z [info] : 	Code: F100  getAllBurgers  Function Called
2022-11-05T00:40:29.767Z [info] : 	Code: HTTP200,  getAllBurgers  Successful response
2022-11-05T00:41:18.698Z [info] : 	Code: F100  getAllBurgers  Function Called
2022-11-05T00:41:18.704Z [info] : 	Code: HTTP200,  getAllBurgers  Successful response
2022-11-05T00:42:14.669Z [info] : 	Code: F100  getAllBurgers  Function Called
2022-11-05T00:42:14.677Z [info] : 	Code: HTTP200,  getAllBurgers  Successful response
2022-11-05T00:43:18.923Z [info] : 	Code: F100  getAllBurgers  Function Called
2022-11-05T00:43:18.936Z [info] : 	Code: HTTP200,  getAllBurgers  Successful response
2022-11-05T00:51:08.769Z [info] : 	Code: F100  getAllBurgers  Function Called
2022-11-05T00:51:08.779Z [info] : 	Code: HTTP200,  getAllBurgers  Successful response
2022-11-05T00:51:49.480Z [info] : 	Code: F100  getAllBurgers  Function Called
2022-11-05T00:51:49.488Z [info] : 	Code: HTTP200,  getAllBurgers  Successful response
2022-11-05T00:52:19.754Z [info] : 	Code: F100  getAllBurgers  Function Called
2022-11-05T00:52:19.764Z [info] : 	Code: HTTP200,  getAllBurgers  Successful response
2022-11-05T00:52:30.888Z [info] : 	Code: F100  getAllBurgers  Function Called
2022-11-05T00:52:30.898Z [info] : 	Code: HTTP200,  getAllBurgers  Successful response
2022-11-05T00:52:35.220Z [info] : 	Code: F100  getAllBurgers  Function Called
2022-11-05T00:52:35.224Z [info] : 	Code: HTTP200,  getAllBurgers  Successful response
2022-11-05T00:52:57.678Z [info] : 	Code: F100  getAllBurgers  Function Called
2022-11-05T00:52:57.689Z [info] : 	Code: HTTP200,  getAllBurgers  Successful response
2022-11-05T00:55:24.536Z [info] : 	Code: F100  getAllBurgers  Function Called
2022-11-05T00:55:24.548Z [info] : 	Code: HTTP200,  getAllBurgers  Successful response
2022-11-05T00:56:21.511Z [info] : 	Code: F100  getAllBurgers  Function Called
2022-11-05T00:56:21.522Z [info] : 	Code: HTTP200,  getAllBurgers  Successful response
2022-11-05T01:00:08.663Z [info] : 	Code: F100  getAllBurgers  Function Called
2022-11-05T01:00:08.689Z [info] : 	Code: HTTP200,  getAllBurgers  Successful response
2022-11-05T01:00:34.645Z [info] : 	Code: F100  createOrder  Function Called
2022-11-05T01:00:34.739Z [info] : 	Code: HTTP200,  createOrder  Successful response
2022-11-05T01:00:34.884Z [info] : 	Code: F100  getAllBurgers  Function Called
2022-11-05T01:00:34.895Z [info] : 	Code: HTTP200,  getAllBurgers  Successful response
2022-11-05T01:02:34.708Z [info] : 	Code: F100  getAllBurgers  Function Called
2022-11-05T01:02:34.721Z [info] : 	Code: HTTP200,  getAllBurgers  Successful response
2022-11-05T01:04:26.008Z [info] : 	Code: F100  getAllBurgers  Function Called
2022-11-05T01:04:26.023Z [info] : 	Code: HTTP200,  getAllBurgers  Successful response
2022-11-05T01:06:30.009Z [info] : 	Code: F100  getAllBurgers  Function Called
2022-11-05T01:06:30.022Z [info] : 	Code: HTTP200,  getAllBurgers  Successful response
2022-11-05T01:07:22.701Z [info] : 	Code: F100  getAllBurgers  Function Called
2022-11-05T01:07:22.711Z [info] : 	Code: HTTP200,  getAllBurgers  Successful response
2022-11-05T01:08:03.490Z [info] : 	Code: F100  getAllBurgers  Function Called
2022-11-05T01:08:03.502Z [info] : 	Code: HTTP200,  getAllBurgers  Successful response
2022-11-05T01:10:11.361Z [info] : 	Code: F100  getAllBurgers  Function Called
2022-11-05T01:10:11.368Z [info] : 	Code: HTTP200,  getAllBurgers  Successful response
2022-11-05T01:11:59.692Z [info] : 	Code: F100  getAllBurgers  Function Called
2022-11-05T01:11:59.702Z [info] : 	Code: HTTP200,  getAllBurgers  Successful response
2022-11-05T01:12:29.383Z [info] : 	Code: F100  getAllBurgers  Function Called
2022-11-05T01:12:29.394Z [info] : 	Code: HTTP200,  getAllBurgers  Successful response
2022-11-05T01:15:22.274Z [info] : 	Code: F100  getAllBurgers  Function Called
2022-11-05T01:15:22.285Z [info] : 	Code: HTTP200,  getAllBurgers  Successful response
2022-11-05T01:18:02.856Z [info] : 	Code: F100  editOrder  Function Called
2022-11-05T01:18:02.882Z [info] : 	Code: HTTP200,  editOrder  Successful response
2022-11-05T01:18:03.113Z [info] : 	Code: F100  getAllBurgers  Function Called
2022-11-05T01:18:03.119Z [info] : 	Code: HTTP200,  getAllBurgers  Successful response
2022-11-05T01:20:51.013Z [info] : 	Code: F100  editOrder  Function Called
2022-11-05T01:20:51.046Z [info] : 	Code: HTTP200,  editOrder  Successful response
2022-11-05T01:20:51.278Z [info] : 	Code: F100  getAllBurgers  Function Called
2022-11-05T01:20:51.286Z [info] : 	Code: HTTP200,  getAllBurgers  Successful response
2022-11-05T01:21:40.285Z [info] : 	Code: F100  editOrder  Function Called
2022-11-05T01:21:40.309Z [info] : 	Code: HTTP200,  editOrder  Successful response
2022-11-05T01:27:54.162Z [info] : 	Code: F100  editOrder  Function Called
2022-11-05T01:27:54.229Z [info] : 	Code: HTTP200,  editOrder  Successful response
2022-11-05T01:29:14.716Z [info] : 	Code: F100  getAllBurgers  Function Called
2022-11-05T01:29:14.744Z [info] : 	Code: HTTP200,  getAllBurgers  Successful response
2022-11-05T01:29:48.942Z [info] : 	Code: F100  editOrder  Function Called
2022-11-05T01:29:48.996Z [info] : 	Code: HTTP200,  editOrder  Successful response
2022-11-05T01:33:57.811Z [info] : 	Code: F100  getAllBurgers  Function Called
2022-11-05T01:33:57.836Z [info] : 	Code: HTTP200,  getAllBurgers  Successful response
2022-11-05T01:34:11.843Z [info] : 	Code: F100  getAllBurgers  Function Called
2022-11-05T01:34:11.859Z [info] : 	Code: HTTP200,  getAllBurgers  Successful response
2022-11-05T01:34:18.733Z [info] : 	Code: F100  getAllBurgers  Function Called
2022-11-05T01:34:18.742Z [info] : 	Code: HTTP200,  getAllBurgers  Successful response
2022-11-05T01:35:02.676Z [info] : 	Code: F100  getAllBurgers  Function Called
2022-11-05T01:35:02.697Z [info] : 	Code: HTTP200,  getAllBurgers  Successful response
2022-11-05T01:36:28.463Z [info] : 	Code: F100 login Function Called
2022-11-05T01:37:08.723Z [info] : 	Code: F100  getAllBurgers  Function Called
2022-11-05T01:37:08.758Z [info] : 	Code: HTTP200,  getAllBurgers  Successful response
2022-11-05T01:37:21.170Z [info] : 	Code: F100  createOrder  Function Called
2022-11-05T01:37:21.255Z [info] : 	Code: HTTP200,  createOrder  Successful response
2022-11-05T01:37:21.581Z [info] : 	Code: F100  getAllBurgers  Function Called
2022-11-05T01:37:21.591Z [info] : 	Code: HTTP200,  getAllBurgers  Successful response
2022-11-05T01:37:49.063Z [info] : 	Code: F100  editOrder  Function Called
2022-11-05T01:37:49.107Z [info] : 	Code: HTTP200,  editOrder  Successful response
2022-11-05T01:40:18.240Z [info] : 	Code: F100  editOrder  Function Called
2022-11-05T01:41:20.129Z [info] : 	Code: HTTP200,  editOrder  Successful response
2022-11-05T01:42:25.635Z [info] : 	Code: F100  getAllBurgers  Function Called
2022-11-05T01:42:25.683Z [info] : 	Code: HTTP200,  getAllBurgers  Successful response
2022-11-05T01:43:03.359Z [info] : 	Code: F100  editOrder  Function Called
2022-11-05T01:44:45.152Z [info] : 	Code: HTTP200,  editOrder  Successful response
2022-11-05T01:45:11.491Z [info] : 	Code: F100  getAllBurgers  Function Called
2022-11-05T01:45:11.520Z [info] : 	Code: HTTP200,  getAllBurgers  Successful response
