2022-11-15T22:01:27.039Z [info] : 	Code: F100  getAllHistoryOrders  Function Called
2022-11-15T22:01:27.079Z [info] : 	Code: HTTP200,  getAllHistoryOrders  Successful response
2022-11-15T22:01:56.116Z [info] : 	Code: F100  getAllHistoryOrders  Function Called
2022-11-15T22:01:56.134Z [info] : 	Code: HTTP200,  getAllHistoryOrders  Successful response
2022-11-15T22:03:38.906Z [info] : 	Code: F100  getAllHistoryOrders  Function Called
2022-11-15T22:03:38.925Z [info] : 	Code: HTTP200,  getAllHistoryOrders  Successful response
2022-11-15T22:04:01.808Z [info] : 	Code: F100  getAllHistoryOrders  Function Called
2022-11-15T22:04:01.831Z [info] : 	Code: HTTP200,  getAllHistoryOrders  Successful response
2022-11-15T22:05:11.289Z [info] : 	Code: F100  getAllHistoryOrders  Function Called
2022-11-15T22:05:11.307Z [info] : 	Code: HTTP200,  getAllHistoryOrders  Successful response
2022-11-15T22:05:37.918Z [info] : 	Code: F100  getAllHistoryOrders  Function Called
2022-11-15T22:05:37.937Z [info] : 	Code: HTTP200,  getAllHistoryOrders  Successful response
2022-11-15T22:06:17.805Z [info] : 	Code: F100  getAllHistoryOrders  Function Called
2022-11-15T22:06:17.826Z [info] : 	Code: HTTP200,  getAllHistoryOrders  Successful response
2022-11-15T22:06:37.750Z [info] : 	Code: F100  getAllHistoryOrders  Function Called
2022-11-15T22:06:37.774Z [info] : 	Code: HTTP200,  getAllHistoryOrders  Successful response
2022-11-15T22:06:58.605Z [info] : 	Code: F100  getAllHistoryOrders  Function Called
2022-11-15T22:06:58.627Z [info] : 	Code: HTTP200,  getAllHistoryOrders  Successful response
2022-11-15T22:07:10.846Z [info] : 	Code: F100  getAllHistoryOrders  Function Called
2022-11-15T22:07:10.873Z [info] : 	Code: HTTP200,  getAllHistoryOrders  Successful response
2022-11-15T22:07:37.391Z [info] : 	Code: F100  getAllHistoryOrders  Function Called
2022-11-15T22:07:37.410Z [info] : 	Code: HTTP200,  getAllHistoryOrders  Successful response
2022-11-15T22:08:33.612Z [info] : 	Code: F100  getAllHistoryOrders  Function Called
2022-11-15T22:08:33.630Z [info] : 	Code: HTTP200,  getAllHistoryOrders  Successful response
2022-11-15T22:09:52.871Z [info] : 	Code: F100  getAllHistoryOrders  Function Called
2022-11-15T22:09:52.892Z [info] : 	Code: HTTP200,  getAllHistoryOrders  Successful response
2022-11-15T22:10:35.437Z [info] : 	Code: F100  getAllBurgers  Function Called
2022-11-15T22:10:35.470Z [info] : 	Code: HTTP200,  getAllBurgers  Successful response
2022-11-15T22:11:10.676Z [info] : 	Code: F100  sendOrderToHistory  Function Called
2022-11-15T22:11:10.737Z [info] : 	Code: HTTP200,  sendOrderToHistory  Successful response
2022-11-15T22:11:20.994Z [info] : 	Code: F100  getAllHistoryOrders  Function Called
2022-11-15T22:11:21.021Z [info] : 	Code: HTTP200,  getAllHistoryOrders  Successful response
2022-11-15T22:12:21.398Z [info] : 	Code: F100  getAllBurgers  Function Called
2022-11-15T22:12:21.421Z [info] : 	Code: HTTP200,  getAllBurgers  Successful response
2022-11-15T22:12:37.043Z [info] : 	Code: F100  sendOrderToHistory  Function Called
2022-11-15T22:12:37.079Z [info] : 	Code: HTTP200,  sendOrderToHistory  Successful response
2022-11-15T22:12:40.346Z [info] : 	Code: F100  getAllHistoryOrders  Function Called
2022-11-15T22:12:40.368Z [info] : 	Code: HTTP200,  getAllHistoryOrders  Successful response
2022-11-15T22:14:17.987Z [info] : 	Code: F100  getAllHistoryOrders  Function Called
2022-11-15T22:14:18.006Z [info] : 	Code: HTTP200,  getAllHistoryOrders  Successful response
2022-11-15T22:14:40.661Z [info] : 	Code: F100  getAllHistoryOrders  Function Called
2022-11-15T22:14:40.695Z [info] : 	Code: HTTP200,  getAllHistoryOrders  Successful response
2022-11-15T22:16:24.345Z [info] : 	Code: F100  getAllHistoryOrders  Function Called
2022-11-15T22:16:24.366Z [info] : 	Code: HTTP200,  getAllHistoryOrders  Successful response
2022-11-15T22:20:50.914Z [info] : 	Code: F100  getAllHistoryOrders  Function Called
2022-11-15T22:20:50.932Z [info] : 	Code: HTTP200,  getAllHistoryOrders  Successful response
2022-11-15T22:22:23.688Z [info] : 	Code: F100  getAllHistoryOrders  Function Called
2022-11-15T22:22:23.704Z [info] : 	Code: HTTP200,  getAllHistoryOrders  Successful response
2022-11-15T22:23:34.457Z [info] : 	Code: F100  getAllHistoryOrders  Function Called
2022-11-15T22:23:34.473Z [info] : 	Code: HTTP200,  getAllHistoryOrders  Successful response
2022-11-15T22:27:06.880Z [info] : 	Code: F100  getAllHistoryOrders  Function Called
2022-11-15T22:27:06.903Z [info] : 	Code: HTTP200,  getAllHistoryOrders  Successful response
2022-11-15T22:28:41.350Z [info] : 	Code: F100  getAllHistoryOrders  Function Called
2022-11-15T22:28:41.363Z [info] : 	Code: HTTP200,  getAllHistoryOrders  Successful response
2022-11-15T22:28:55.032Z [info] : 	Code: F100  getAllHistoryOrders  Function Called
2022-11-15T22:28:55.049Z [info] : 	Code: HTTP200,  getAllHistoryOrders  Successful response
2022-11-15T22:29:08.784Z [info] : 	Code: F100  getAllHistoryOrders  Function Called
2022-11-15T22:29:08.800Z [info] : 	Code: HTTP200,  getAllHistoryOrders  Successful response
2022-11-15T22:29:43.993Z [info] : 	Code: F100  getAllHistoryOrders  Function Called
2022-11-15T22:29:44.012Z [info] : 	Code: HTTP200,  getAllHistoryOrders  Successful response
2022-11-15T22:31:41.107Z [info] : 	Code: F100  getAllHistoryOrders  Function Called
2022-11-15T22:31:41.122Z [info] : 	Code: HTTP200,  getAllHistoryOrders  Successful response
2022-11-15T22:32:00.915Z [info] : 	Code: F100  getAllHistoryOrders  Function Called
2022-11-15T22:32:00.933Z [info] : 	Code: HTTP200,  getAllHistoryOrders  Successful response
2022-11-15T22:32:34.282Z [info] : 	Code: F100  getAllHistoryOrders  Function Called
2022-11-15T22:32:34.299Z [info] : 	Code: HTTP200,  getAllHistoryOrders  Successful response
2022-11-15T22:33:58.743Z [info] : 	Code: F100  getAllHistoryOrders  Function Called
2022-11-15T22:33:58.758Z [info] : 	Code: HTTP200,  getAllHistoryOrders  Successful response
2022-11-15T22:34:31.191Z [info] : 	Code: F100  getAllHistoryOrders  Function Called
2022-11-15T22:34:31.206Z [info] : 	Code: HTTP200,  getAllHistoryOrders  Successful response
2022-11-15T22:34:53.196Z [info] : 	Code: F100  getAllHistoryOrders  Function Called
2022-11-15T22:34:53.215Z [info] : 	Code: HTTP200,  getAllHistoryOrders  Successful response
2022-11-15T22:35:09.871Z [info] : 	Code: F100  getAllHistoryOrders  Function Called
2022-11-15T22:35:09.889Z [info] : 	Code: HTTP200,  getAllHistoryOrders  Successful response
2022-11-15T22:35:18.790Z [info] : 	Code: F100  getAllHistoryOrders  Function Called
2022-11-15T22:35:18.801Z [info] : 	Code: HTTP200,  getAllHistoryOrders  Successful response
2022-11-15T22:35:38.973Z [info] : 	Code: F100  getAllHistoryOrders  Function Called
2022-11-15T22:35:38.991Z [info] : 	Code: HTTP200,  getAllHistoryOrders  Successful response
2022-11-15T22:36:17.515Z [info] : 	Code: F100  getAllHistoryOrders  Function Called
2022-11-15T22:36:17.533Z [info] : 	Code: HTTP200,  getAllHistoryOrders  Successful response
2022-11-15T22:37:06.541Z [info] : 	Code: F100  getAllHistoryOrders  Function Called
2022-11-15T22:37:06.558Z [info] : 	Code: HTTP200,  getAllHistoryOrders  Successful response
2022-11-15T22:38:01.546Z [info] : 	Code: F100  getAllHistoryOrders  Function Called
2022-11-15T22:38:01.562Z [info] : 	Code: HTTP200,  getAllHistoryOrders  Successful response
2022-11-15T22:39:32.685Z [info] : 	Code: F100  getAllHistoryOrders  Function Called
2022-11-15T22:39:32.702Z [info] : 	Code: HTTP200,  getAllHistoryOrders  Successful response
2022-11-15T22:44:44.410Z [info] : 	Code: F100  getAllHistoryOrders  Function Called
2022-11-15T22:44:44.426Z [info] : 	Code: HTTP200,  getAllHistoryOrders  Successful response
2022-11-15T22:46:31.895Z [info] : 	Code: F100  getAllHistoryOrders  Function Called
2022-11-15T22:46:31.916Z [info] : 	Code: HTTP200,  getAllHistoryOrders  Successful response
2022-11-15T22:46:38.548Z [info] : 	Code: F100  getAllBurgers  Function Called
2022-11-15T22:46:38.562Z [info] : 	Code: HTTP200,  getAllBurgers  Successful response
2022-11-15T22:46:53.886Z [info] : 	Code: F100  sendOrderToHistory  Function Called
2022-11-15T22:46:53.918Z [info] : 	Code: HTTP200,  sendOrderToHistory  Successful response
2022-11-15T22:50:14.784Z [info] : 	Code: F100  getAllBurgers  Function Called
2022-11-15T22:50:14.805Z [info] : 	Code: HTTP200,  getAllBurgers  Successful response
2022-11-15T22:50:27.621Z [info] : 	Code: F100  sendOrderToHistory  Function Called
2022-11-15T22:50:27.659Z [info] : 	Code: HTTP200,  sendOrderToHistory  Successful response
2022-11-15T22:56:37.084Z [info] : 	Code: F100  getAllBurgers  Function Called
2022-11-15T22:56:37.097Z [info] : 	Code: HTTP200,  getAllBurgers  Successful response
2022-11-15T23:00:34.797Z [info] : 	Code: F100  getAllBurgers  Function Called
2022-11-15T23:00:34.843Z [info] : 	Code: HTTP200,  getAllBurgers  Successful response
2022-11-15T23:01:35.792Z [info] : 	Code: F100  getAllBurgers  Function Called
2022-11-15T23:01:35.814Z [info] : 	Code: HTTP200,  getAllBurgers  Successful response
2022-11-15T23:02:29.477Z [info] : 	Code: F100  getAllBurgers  Function Called
2022-11-15T23:02:29.492Z [info] : 	Code: HTTP200,  getAllBurgers  Successful response
2022-11-15T23:03:01.675Z [info] : 	Code: F100  getAllBurgers  Function Called
2022-11-15T23:03:01.692Z [info] : 	Code: HTTP200,  getAllBurgers  Successful response
2022-11-15T23:04:23.984Z [info] : 	Code: F100  sendOrderToHistory  Function Called
2022-11-15T23:04:24.021Z [error] : 	Code: HTTP400,  sendOrderToHistory  Catch error
2022-11-15T23:05:04.615Z [info] : 	Code: F100  getAllBurgers  Function Called
2022-11-15T23:05:04.651Z [info] : 	Code: HTTP200,  getAllBurgers  Successful response
2022-11-15T23:05:19.816Z [info] : 	Code: F100  sendOrderToHistory  Function Called
2022-11-15T23:05:19.853Z [error] : 	Code: HTTP400,  sendOrderToHistory  Catch error
2022-11-15T23:07:06.922Z [info] : 	Code: F100  getAllBurgers  Function Called
2022-11-15T23:07:06.968Z [info] : 	Code: HTTP200,  getAllBurgers  Successful response
2022-11-15T23:07:25.808Z [info] : 	Code: F100  sendOrderToHistory  Function Called
2022-11-15T23:07:25.810Z [error] : 	Code: HTTP400,  sendOrderToHistory  Catch error
