2022-11-09T22:00:29.674Z [info] : 	Code: F100  getAllBurgers  Function Called
2022-11-09T22:00:29.701Z [info] : 	Code: HTTP200,  getAllBurgers  Successful response
2022-11-09T22:01:39.893Z [info] : 	Code: F100  getAllBurgers  Function Called
2022-11-09T22:01:39.904Z [info] : 	Code: HTTP200,  getAllBurgers  Successful response
2022-11-09T22:14:49.252Z [info] : 	Code: F100  getAllBurgers  Function Called
2022-11-09T22:14:49.268Z [info] : 	Code: HTTP200,  getAllBurgers  Successful response
2022-11-09T22:15:25.269Z [info] : 	Code: F100  getAllBurgers  Function Called
2022-11-09T22:15:25.281Z [info] : 	Code: HTTP200,  getAllBurgers  Successful response
2022-11-09T22:15:54.410Z [info] : 	Code: F100  getAllBurgers  Function Called
2022-11-09T22:15:54.420Z [info] : 	Code: HTTP200,  getAllBurgers  Successful response
2022-11-09T22:16:09.081Z [info] : 	Code: F100  getAllBurgers  Function Called
2022-11-09T22:16:09.095Z [info] : 	Code: HTTP200,  getAllBurgers  Successful response
2022-11-09T22:16:27.762Z [info] : 	Code: F100  getAllBurgers  Function Called
2022-11-09T22:16:27.777Z [info] : 	Code: HTTP200,  getAllBurgers  Successful response
2022-11-09T22:19:19.839Z [info] : 	Code: F100  getAllBurgers  Function Called
2022-11-09T22:19:19.853Z [info] : 	Code: HTTP200,  getAllBurgers  Successful response
2022-11-09T22:19:34.637Z [info] : 	Code: F100  getAllBurgers  Function Called
2022-11-09T22:19:34.648Z [info] : 	Code: HTTP200,  getAllBurgers  Successful response
2022-11-09T22:25:00.860Z [info] : 	Code: F100  getAllBurgers  Function Called
2022-11-09T22:25:00.872Z [info] : 	Code: HTTP200,  getAllBurgers  Successful response
2022-11-09T22:26:40.693Z [info] : 	Code: F100  getAllBurgers  Function Called
2022-11-09T22:26:40.701Z [info] : 	Code: HTTP200,  getAllBurgers  Successful response
2022-11-09T22:27:58.002Z [info] : 	Code: F100  getAllBurgers  Function Called
2022-11-09T22:27:58.012Z [info] : 	Code: HTTP200,  getAllBurgers  Successful response
2022-11-09T22:28:22.379Z [info] : 	Code: F100  getAllBurgers  Function Called
2022-11-09T22:28:22.391Z [info] : 	Code: HTTP200,  getAllBurgers  Successful response
2022-11-09T22:28:40.050Z [info] : 	Code: F100  getAllBurgers  Function Called
2022-11-09T22:28:40.060Z [info] : 	Code: HTTP200,  getAllBurgers  Successful response
2022-11-09T22:28:51.918Z [info] : 	Code: F100  getAllBurgers  Function Called
2022-11-09T22:28:51.929Z [info] : 	Code: HTTP200,  getAllBurgers  Successful response
2022-11-09T22:29:05.971Z [info] : 	Code: F100  getAllBurgers  Function Called
2022-11-09T22:29:05.977Z [info] : 	Code: HTTP200,  getAllBurgers  Successful response
2022-11-09T22:29:41.353Z [info] : 	Code: F100  createOrder  Function Called
2022-11-09T22:29:41.433Z [info] : 	Code: HTTP200,  createOrder  Successful response
2022-11-09T22:29:41.449Z [info] : 	Code: F100  getAllBurgers  Function Called
2022-11-09T22:29:41.453Z [info] : 	Code: HTTP200,  getAllBurgers  Successful response
2022-11-09T22:29:51.559Z [info] : 	Code: F100  deleteOrder  Function Called
2022-11-09T22:29:51.579Z [info] : 	Code: HTTP200,  deleteOrder  Successful response
2022-11-09T22:29:51.913Z [info] : 	Code: F100  getAllBurgers  Function Called
2022-11-09T22:29:51.923Z [info] : 	Code: HTTP200,  getAllBurgers  Successful response
2022-11-09T22:30:46.147Z [info] : 	Code: F100  getAllBurgers  Function Called
2022-11-09T22:30:46.155Z [info] : 	Code: HTTP200,  getAllBurgers  Successful response
2022-11-09T22:31:00.636Z [info] : 	Code: F100  getAllBurgers  Function Called
2022-11-09T22:31:00.644Z [info] : 	Code: HTTP200,  getAllBurgers  Successful response
2022-11-09T22:31:21.470Z [info] : 	Code: F100  getAllBurgers  Function Called
2022-11-09T22:31:21.479Z [info] : 	Code: HTTP200,  getAllBurgers  Successful response
2022-11-09T22:31:50.844Z [info] : 	Code: F100  getAllBurgers  Function Called
2022-11-09T22:31:50.854Z [info] : 	Code: HTTP200,  getAllBurgers  Successful response
2022-11-09T22:32:02.806Z [info] : 	Code: F100  getAllBurgers  Function Called
2022-11-09T22:32:02.813Z [info] : 	Code: HTTP200,  getAllBurgers  Successful response
2022-11-09T22:32:14.662Z [info] : 	Code: F100  createOrder  Function Called
2022-11-09T22:32:14.724Z [info] : 	Code: HTTP200,  createOrder  Successful response
2022-11-09T22:32:14.738Z [info] : 	Code: F100  getAllBurgers  Function Called
2022-11-09T22:32:14.744Z [info] : 	Code: HTTP200,  getAllBurgers  Successful response
2022-11-09T22:34:24.185Z [info] : 	Code: F100  getAllBurgers  Function Called
2022-11-09T22:34:24.198Z [info] : 	Code: HTTP200,  getAllBurgers  Successful response
2022-11-09T22:34:28.960Z [info] : 	Code: F100  getAllBurgers  Function Called
2022-11-09T22:34:28.968Z [info] : 	Code: HTTP200,  getAllBurgers  Successful response
2022-11-09T22:34:42.924Z [info] : 	Code: F100  getAllBurgers  Function Called
2022-11-09T22:34:42.940Z [info] : 	Code: HTTP200,  getAllBurgers  Successful response
2022-11-09T22:35:01.003Z [info] : 	Code: F100  getAllBurgers  Function Called
2022-11-09T22:35:01.016Z [info] : 	Code: HTTP200,  getAllBurgers  Successful response
2022-11-09T22:36:41.631Z [info] : 	Code: F100  getAllBurgers  Function Called
2022-11-09T22:36:41.651Z [info] : 	Code: HTTP200,  getAllBurgers  Successful response
2022-11-09T22:36:46.504Z [info] : 	Code: F100  getAllBurgers  Function Called
2022-11-09T22:36:46.514Z [info] : 	Code: HTTP200,  getAllBurgers  Successful response
2022-11-09T22:37:03.060Z [info] : 	Code: F100  getAllBurgers  Function Called
2022-11-09T22:37:03.074Z [info] : 	Code: HTTP200,  getAllBurgers  Successful response
2022-11-09T22:37:41.742Z [info] : 	Code: F100  getAllBurgers  Function Called
2022-11-09T22:37:41.759Z [info] : 	Code: HTTP200,  getAllBurgers  Successful response
2022-11-09T22:38:23.950Z [info] : 	Code: F100  deleteOrder  Function Called
2022-11-09T22:38:23.970Z [info] : 	Code: HTTP200,  deleteOrder  Successful response
2022-11-09T22:38:24.204Z [info] : 	Code: F100  getAllBurgers  Function Called
2022-11-09T22:38:24.215Z [info] : 	Code: HTTP200,  getAllBurgers  Successful response
2022-11-09T22:40:57.164Z [info] : 	Code: F100  getAllBurgers  Function Called
2022-11-09T22:40:57.173Z [info] : 	Code: HTTP200,  getAllBurgers  Successful response
2022-11-09T22:44:16.915Z [info] : 	Code: F100  getAllBurgers  Function Called
2022-11-09T22:44:16.928Z [info] : 	Code: HTTP200,  getAllBurgers  Successful response
2022-11-09T22:45:10.774Z [info] : 	Code: F100  getAllBurgers  Function Called
2022-11-09T22:45:10.787Z [info] : 	Code: HTTP200,  getAllBurgers  Successful response
2022-11-09T22:45:26.395Z [info] : 	Code: F100  editOrder  Function Called
2022-11-09T22:45:26.442Z [info] : 	Code: HTTP200,  editOrder  Successful response
2022-11-09T22:45:26.477Z [info] : 	Code: F100  getAllBurgers  Function Called
2022-11-09T22:45:26.501Z [info] : 	Code: HTTP200,  getAllBurgers  Successful response
2022-11-09T22:45:42.045Z [info] : 	Code: F100  getAllBurgers  Function Called
2022-11-09T22:45:42.060Z [info] : 	Code: HTTP200,  getAllBurgers  Successful response
2022-11-09T22:47:10.416Z [info] : 	Code: F100  getAllBurgers  Function Called
2022-11-09T22:47:10.429Z [info] : 	Code: HTTP200,  getAllBurgers  Successful response
2022-11-09T22:47:48.005Z [info] : 	Code: F100  getAllBurgers  Function Called
2022-11-09T22:47:48.017Z [info] : 	Code: HTTP200,  getAllBurgers  Successful response
2022-11-09T22:48:28.916Z [info] : 	Code: F100  getAllBurgers  Function Called
2022-11-09T22:48:28.948Z [info] : 	Code: HTTP200,  getAllBurgers  Successful response
2022-11-09T22:49:00.471Z [info] : 	Code: F100  getAllBurgers  Function Called
2022-11-09T22:49:00.483Z [info] : 	Code: HTTP200,  getAllBurgers  Successful response
2022-11-09T22:49:03.522Z [info] : 	Code: F100  getAllBurgers  Function Called
2022-11-09T22:49:03.530Z [info] : 	Code: HTTP200,  getAllBurgers  Successful response
2022-11-09T22:49:33.210Z [info] : 	Code: F100 login Function Called
2022-11-09T22:49:36.522Z [info] : 	Code: F100  getAllBurgers  Function Called
2022-11-09T22:49:36.532Z [info] : 	Code: HTTP200,  getAllBurgers  Successful response
2022-11-09T22:50:35.180Z [info] : 	Code: F100  getAllBurgers  Function Called
2022-11-09T22:50:35.190Z [info] : 	Code: HTTP200,  getAllBurgers  Successful response
2022-11-09T22:55:44.209Z [info] : 	Code: F100  getAllBurgers  Function Called
2022-11-09T22:55:44.222Z [info] : 	Code: HTTP200,  getAllBurgers  Successful response
2022-11-09T22:56:18.344Z [info] : 	Code: F100  getAllBurgers  Function Called
2022-11-09T22:56:18.355Z [info] : 	Code: HTTP200,  getAllBurgers  Successful response
2022-11-09T22:56:34.996Z [info] : 	Code: F100  createOrder  Function Called
2022-11-09T22:56:35.102Z [info] : 	Code: HTTP200,  createOrder  Successful response
2022-11-09T22:56:35.153Z [info] : 	Code: F100  getAllBurgers  Function Called
2022-11-09T22:56:35.162Z [info] : 	Code: HTTP200,  getAllBurgers  Successful response
2022-11-09T22:57:10.759Z [info] : 	Code: F100 login Function Called
2022-11-09T22:57:29.844Z [info] : 	Code: F100  getAllBurgers  Function Called
2022-11-09T22:57:29.870Z [info] : 	Code: HTTP200,  getAllBurgers  Successful response
2022-11-09T22:58:39.534Z [info] : 	Code: F100 login Function Called
2022-11-09T22:58:43.079Z [info] : 	Code: F100  getAllBurgers  Function Called
2022-11-09T22:58:43.090Z [info] : 	Code: HTTP200,  getAllBurgers  Successful response
2022-11-09T22:58:53.253Z [info] : 	Code: F100  deleteOrder  Function Called
2022-11-09T22:58:53.268Z [info] : 	Code: HTTP200,  deleteOrder  Successful response
2022-11-09T22:58:53.400Z [info] : 	Code: F100  getAllBurgers  Function Called
2022-11-09T22:58:53.410Z [info] : 	Code: HTTP200,  getAllBurgers  Successful response
