2022-09-17T21:53:59.020Z [info] : 	Code: F100 login Function Called
2022-09-18T14:11:33.898Z [info] : 	Code: F100 login Function Called
2022-09-18T14:11:45.450Z [info] : 	Code: F100 login Function Called
2022-09-18T14:17:01.284Z [info] : 	Code: F100 login Function Called
2022-09-18T14:22:48.343Z [info] : 	Code: F100 login Function Called
2022-09-18T14:26:44.527Z [info] : 	Code: F100 login Function Called
2022-09-18T14:55:04.249Z [error] : 	Code: HTTP500, Error Connecting with Database
2022-09-18T14:56:04.647Z [error] : 	Code: HTTP500, Error Connecting with Database
2022-09-18T14:56:28.281Z [error] : 	Code: HTTP500, Error Connecting with Database
2022-09-18T15:05:20.112Z [info] : 	Code: F100 login Function Called
2022-09-18T15:09:58.469Z [info] : 	Code: F100  getAllBurgers  Function Called
2022-09-18T15:09:58.471Z [error] : 	Code: HTTP400,  getAllBurgers  Catch error
2022-09-18T15:10:22.825Z [info] : 	Code: F100  getAllBurgers  Function Called
2022-09-18T15:10:22.834Z [info] : 	Code: HTTP200,  getAllBurgers  Successful response
2022-09-18T15:11:01.497Z [info] : 	Code: F100  getAllBurgers  Function Called
2022-09-18T15:11:01.502Z [info] : 	Code: HTTP200,  getAllBurgers  Successful response
2022-09-18T15:11:41.372Z [info] : 	Code: F100  getAllBurgers  Function Called
2022-09-18T15:11:41.380Z [info] : 	Code: HTTP200,  getAllBurgers  Successful response
2022-09-18T15:23:03.132Z [info] : 	Code: F100  getAllBurgers  Function Called
2022-09-18T15:23:03.141Z [info] : 	Code: HTTP200,  getAllBurgers  Successful response
2022-09-18T15:23:25.604Z [info] : 	Code: F100  getAllBurgers  Function Called
2022-09-18T15:23:25.613Z [info] : 	Code: HTTP200,  getAllBurgers  Successful response
2022-09-18T15:25:46.135Z [info] : 	Code: F100  getAllBurgers  Function Called
2022-09-18T15:25:46.140Z [info] : 	Code: HTTP200,  getAllBurgers  Successful response
2022-09-18T15:28:37.442Z [info] : 	Code: F100  getAllBurgers  Function Called
2022-09-18T15:28:37.451Z [info] : 	Code: HTTP200,  getAllBurgers  Successful response
2022-09-18T15:29:28.318Z [info] : 	Code: F100  getAllBurgers  Function Called
2022-09-18T15:29:28.326Z [info] : 	Code: HTTP200,  getAllBurgers  Successful response
2022-09-18T15:30:06.691Z [info] : 	Code: F100  getAllBurgers  Function Called
2022-09-18T15:30:06.701Z [info] : 	Code: HTTP200,  getAllBurgers  Successful response
2022-09-18T15:30:37.356Z [info] : 	Code: F100  getAllBurgers  Function Called
2022-09-18T15:30:37.368Z [info] : 	Code: HTTP200,  getAllBurgers  Successful response
2022-09-18T16:40:57.436Z [error] : 	Code: HTTP500, Error Connecting with Database
2022-09-18T16:41:45.020Z [error] : 	Code: HTTP500, Error Connecting with Database
2022-09-18T16:43:50.121Z [error] : 	Code: HTTP500, Error Connecting with Database
2022-09-18T16:43:59.602Z [error] : 	Code: HTTP500, Error Connecting with Database
2022-09-18T16:45:46.475Z [error] : 	Code: HTTP500, Error Connecting with Database
2022-09-18T19:11:58.985Z [info] : 	Code: F100  getAllBurgers  Function Called
2022-09-18T19:11:59.035Z [info] : 	Code: HTTP200,  getAllBurgers  Successful response
2022-09-18T19:17:09.322Z [info] : 	Code: F100  getAllBurgers  Function Called
2022-09-18T19:17:09.341Z [info] : 	Code: HTTP200,  getAllBurgers  Successful response
2022-09-18T19:21:56.502Z [info] : 	Code: F100  getAllBurgers  Function Called
2022-09-18T19:21:56.516Z [info] : 	Code: HTTP200,  getAllBurgers  Successful response
2022-09-18T19:22:40.722Z [info] : 	Code: F100  getAllBurgers  Function Called
2022-09-18T19:22:40.732Z [info] : 	Code: HTTP200,  getAllBurgers  Successful response
2022-09-18T19:32:02.225Z [info] : 	Code: F100  getAllBurgers  Function Called
2022-09-18T19:32:02.243Z [info] : 	Code: HTTP200,  getAllBurgers  Successful response
2022-09-18T19:32:14.224Z [info] : 	Code: F100  getAllBurgers  Function Called
2022-09-18T19:32:14.237Z [info] : 	Code: HTTP200,  getAllBurgers  Successful response
2022-09-18T19:35:19.243Z [info] : 	Code: F100  getAllBurgers  Function Called
2022-09-18T19:35:19.253Z [info] : 	Code: HTTP200,  getAllBurgers  Successful response
2022-09-18T19:52:11.090Z [info] : 	Code: F100  getAllBurgers  Function Called
2022-09-18T19:52:11.101Z [info] : 	Code: HTTP200,  getAllBurgers  Successful response
2022-09-18T19:52:43.664Z [info] : 	Code: F100  getAllBurgers  Function Called
2022-09-18T19:52:43.680Z [info] : 	Code: HTTP200,  getAllBurgers  Successful response
2022-09-18T19:54:09.899Z [info] : 	Code: F100  getAllBurgers  Function Called
2022-09-18T19:54:09.912Z [info] : 	Code: HTTP200,  getAllBurgers  Successful response
2022-09-18T19:54:13.526Z [info] : 	Code: F100  getAllBurgers  Function Called
2022-09-18T19:54:13.532Z [info] : 	Code: HTTP200,  getAllBurgers  Successful response
2022-09-18T20:02:47.379Z [info] : 	Code: F100  getAllBurgers  Function Called
2022-09-18T20:02:47.386Z [info] : 	Code: HTTP200,  getAllBurgers  Successful response
2022-09-18T20:05:09.418Z [info] : 	Code: F100  getAllBurgers  Function Called
2022-09-18T20:05:09.423Z [info] : 	Code: HTTP200,  getAllBurgers  Successful response
2022-09-18T20:05:09.958Z [info] : 	Code: F100  getAllBurgers  Function Called
2022-09-18T20:05:09.963Z [info] : 	Code: HTTP200,  getAllBurgers  Successful response
2022-09-18T20:11:02.763Z [info] : 	Code: F100  getAllBurgers  Function Called
2022-09-18T20:11:02.771Z [info] : 	Code: HTTP200,  getAllBurgers  Successful response
2022-09-18T20:11:56.179Z [info] : 	Code: F100  getAllBurgers  Function Called
2022-09-18T20:11:56.186Z [info] : 	Code: HTTP200,  getAllBurgers  Successful response
2022-09-18T20:12:11.466Z [info] : 	Code: F100  getAllBurgers  Function Called
2022-09-18T20:12:11.474Z [info] : 	Code: HTTP200,  getAllBurgers  Successful response
2022-09-18T20:12:51.372Z [info] : 	Code: F100  getAllBurgers  Function Called
2022-09-18T20:12:51.378Z [info] : 	Code: HTTP200,  getAllBurgers  Successful response
2022-09-18T20:13:24.841Z [info] : 	Code: F100  getAllBurgers  Function Called
2022-09-18T20:13:24.847Z [info] : 	Code: HTTP200,  getAllBurgers  Successful response
2022-09-18T20:15:38.885Z [info] : 	Code: F100  getAllBurgers  Function Called
2022-09-18T20:15:38.893Z [info] : 	Code: HTTP200,  getAllBurgers  Successful response
2022-09-18T20:18:49.842Z [info] : 	Code: F100  getAllBurgers  Function Called
2022-09-18T20:18:49.849Z [info] : 	Code: HTTP200,  getAllBurgers  Successful response
2022-09-18T20:21:17.240Z [info] : 	Code: F100  getAllBurgers  Function Called
2022-09-18T20:21:17.247Z [info] : 	Code: HTTP200,  getAllBurgers  Successful response
2022-09-18T20:22:05.361Z [info] : 	Code: F100  getAllBurgers  Function Called
2022-09-18T20:22:05.367Z [info] : 	Code: HTTP200,  getAllBurgers  Successful response
2022-09-18T20:22:28.644Z [info] : 	Code: F100  getAllBurgers  Function Called
2022-09-18T20:22:28.652Z [info] : 	Code: HTTP200,  getAllBurgers  Successful response
2022-09-18T20:23:30.462Z [info] : 	Code: F100  getAllBurgers  Function Called
2022-09-18T20:23:30.467Z [info] : 	Code: HTTP200,  getAllBurgers  Successful response
2022-09-18T20:24:14.563Z [info] : 	Code: F100  getAllBurgers  Function Called
2022-09-18T20:24:14.569Z [info] : 	Code: HTTP200,  getAllBurgers  Successful response
2022-09-18T20:24:55.960Z [info] : 	Code: F100  getAllBurgers  Function Called
2022-09-18T20:24:55.965Z [info] : 	Code: HTTP200,  getAllBurgers  Successful response
2022-09-18T20:26:11.419Z [info] : 	Code: F100  getAllBurgers  Function Called
2022-09-18T20:26:11.425Z [info] : 	Code: HTTP200,  getAllBurgers  Successful response
2022-09-18T20:39:01.526Z [info] : 	Code: F100  getAllBurgers  Function Called
2022-09-18T20:39:01.535Z [info] : 	Code: HTTP200,  getAllBurgers  Successful response
2022-09-18T20:39:14.608Z [info] : 	Code: F100  getAllBurgers  Function Called
2022-09-18T20:39:14.618Z [info] : 	Code: HTTP200,  getAllBurgers  Successful response
2022-09-18T20:39:32.848Z [info] : 	Code: F100  getAllBurgers  Function Called
2022-09-18T20:39:32.852Z [info] : 	Code: HTTP200,  getAllBurgers  Successful response
2022-09-18T20:39:56.124Z [info] : 	Code: F100  getAllBurgers  Function Called
2022-09-18T20:39:56.134Z [info] : 	Code: HTTP200,  getAllBurgers  Successful response
2022-09-18T20:41:26.678Z [info] : 	Code: F100  getAllBurgers  Function Called
2022-09-18T20:41:26.688Z [info] : 	Code: HTTP200,  getAllBurgers  Successful response
2022-09-18T20:41:35.646Z [info] : 	Code: F100  getAllBurgers  Function Called
2022-09-18T20:41:35.651Z [info] : 	Code: HTTP200,  getAllBurgers  Successful response
2022-09-18T20:41:39.568Z [info] : 	Code: F100  getAllBurgers  Function Called
2022-09-18T20:41:39.573Z [info] : 	Code: HTTP200,  getAllBurgers  Successful response
2022-09-18T20:41:59.324Z [info] : 	Code: F100  getAllBurgers  Function Called
2022-09-18T20:41:59.330Z [info] : 	Code: HTTP200,  getAllBurgers  Successful response
2022-09-18T20:42:12.001Z [info] : 	Code: F100  getAllBurgers  Function Called
2022-09-18T20:42:12.008Z [info] : 	Code: HTTP200,  getAllBurgers  Successful response
