2022-11-18T22:11:43.421Z [info] : 	Code: F100  getAllBurgers  Function Called
2022-11-18T22:11:43.445Z [info] : 	Code: HTTP200,  getAllBurgers  Successful response
2022-11-18T22:22:09.160Z [info] : 	Code: F100 login Function Called
2022-11-18T22:22:23.801Z [info] : 	Code: F100  getAllBurgers  Function Called
2022-11-18T22:22:23.849Z [info] : 	Code: HTTP200,  getAllBurgers  Successful response
2022-11-18T22:22:24.443Z [info] : 	Code: F100  getAllBurgers  Function Called
2022-11-18T22:22:24.462Z [info] : 	Code: HTTP200,  getAllBurgers  Successful response
2022-11-18T22:22:25.786Z [info] : 	Code: F100  getAllHistoryOrders  Function Called
2022-11-18T22:22:25.815Z [info] : 	Code: HTTP200,  getAllHistoryOrders  Successful response
2022-11-18T22:22:26.182Z [info] : 	Code: F100  getAllHistoryOrders  Function Called
2022-11-18T22:22:26.197Z [info] : 	Code: HTTP200,  getAllHistoryOrders  Successful response
2022-11-18T22:26:04.227Z [info] : 	Code: F100  getAllHistoryOrders  Function Called
2022-11-18T22:26:04.243Z [info] : 	Code: HTTP200,  getAllHistoryOrders  Successful response
2022-11-18T22:26:21.846Z [info] : 	Code: F100  getAllBurgers  Function Called
2022-11-18T22:26:21.875Z [info] : 	Code: HTTP200,  getAllBurgers  Successful response
2022-11-18T22:27:40.711Z [info] : 	Code: F100  getAllBurgers  Function Called
2022-11-18T22:27:40.738Z [info] : 	Code: HTTP200,  getAllBurgers  Successful response
2022-11-18T22:30:04.942Z [info] : 	Code: F100  getAllBurgers  Function Called
2022-11-18T22:30:04.967Z [info] : 	Code: HTTP200,  getAllBurgers  Successful response
2022-11-18T22:30:11.206Z [info] : 	Code: F100  getAllBurgers  Function Called
2022-11-18T22:30:11.228Z [info] : 	Code: HTTP200,  getAllBurgers  Successful response
2022-11-18T22:35:18.189Z [info] : 	Code: F100  getAllBurgers  Function Called
2022-11-18T22:35:18.209Z [info] : 	Code: HTTP200,  getAllBurgers  Successful response
2022-11-18T22:38:02.306Z [info] : 	Code: F100  getAllBurgers  Function Called
2022-11-18T22:38:02.324Z [info] : 	Code: HTTP200,  getAllBurgers  Successful response
2022-11-18T22:39:12.619Z [info] : 	Code: F100  getAllBurgers  Function Called
2022-11-18T22:39:12.630Z [info] : 	Code: HTTP200,  getAllBurgers  Successful response
2022-11-18T22:42:05.346Z [info] : 	Code: F100  getAllBurgers  Function Called
2022-11-18T22:42:05.362Z [info] : 	Code: HTTP200,  getAllBurgers  Successful response
2022-11-18T22:46:44.459Z [info] : 	Code: F100  getAllBurgers  Function Called
2022-11-18T22:46:44.478Z [info] : 	Code: HTTP200,  getAllBurgers  Successful response
2022-11-18T22:49:35.786Z [info] : 	Code: F100  getAllBurgers  Function Called
2022-11-18T22:49:35.799Z [info] : 	Code: HTTP200,  getAllBurgers  Successful response
2022-11-18T22:49:56.157Z [info] : 	Code: F100  getAllBurgers  Function Called
2022-11-18T22:49:56.173Z [info] : 	Code: HTTP200,  getAllBurgers  Successful response
2022-11-18T22:50:40.392Z [info] : 	Code: F100  getAllBurgers  Function Called
2022-11-18T22:50:40.406Z [info] : 	Code: HTTP200,  getAllBurgers  Successful response
2022-11-18T22:51:17.054Z [info] : 	Code: F100  getAllBurgers  Function Called
2022-11-18T22:51:17.073Z [info] : 	Code: HTTP200,  getAllBurgers  Successful response
2022-11-18T22:52:32.590Z [info] : 	Code: F100  getAllBurgers  Function Called
2022-11-18T22:52:32.609Z [info] : 	Code: HTTP200,  getAllBurgers  Successful response
2022-11-18T22:53:59.531Z [info] : 	Code: F100  getAllBurgers  Function Called
2022-11-18T22:53:59.546Z [info] : 	Code: HTTP200,  getAllBurgers  Successful response
2022-11-18T22:59:58.276Z [info] : 	Code: F100  getAllBurgers  Function Called
2022-11-18T22:59:58.326Z [info] : 	Code: HTTP200,  getAllBurgers  Successful response
2022-11-18T23:02:02.458Z [info] : 	Code: F100  getAllBurgers  Function Called
2022-11-18T23:02:02.472Z [info] : 	Code: HTTP200,  getAllBurgers  Successful response
2022-11-18T23:04:14.997Z [info] : 	Code: F100  getAllBurgers  Function Called
2022-11-18T23:04:15.013Z [info] : 	Code: HTTP200,  getAllBurgers  Successful response
2022-11-18T23:07:55.722Z [info] : 	Code: F100  getAllBurgers  Function Called
2022-11-18T23:07:55.742Z [info] : 	Code: HTTP200,  getAllBurgers  Successful response
2022-11-18T23:08:44.427Z [info] : 	Code: F100  sendOrderToHistory  Function Called
2022-11-18T23:08:44.485Z [info] : 	Code: HTTP200,  sendOrderToHistory  Successful response
2022-11-18T23:08:46.664Z [info] : 	Code: F100  getAllHistoryOrders  Function Called
2022-11-18T23:08:46.704Z [info] : 	Code: HTTP200,  getAllHistoryOrders  Successful response
2022-11-18T23:08:47.525Z [info] : 	Code: F100  getAllHistoryOrders  Function Called
2022-11-18T23:08:47.539Z [info] : 	Code: HTTP200,  getAllHistoryOrders  Successful response
2022-11-18T23:09:11.613Z [info] : 	Code: F100  deleteHistoryOrders  Function Called
2022-11-18T23:09:11.618Z [info] : 	Code: HTTP200,  deleteHistoryOrders  Successful response
2022-11-18T23:09:11.641Z [info] : 	Code: F100  getAllHistoryOrders  Function Called
2022-11-18T23:09:11.653Z [info] : 	Code: HTTP200,  getAllHistoryOrders  Successful response
2022-11-18T23:10:09.342Z [info] : 	Code: F100  getAllHistoryOrders  Function Called
2022-11-18T23:10:09.357Z [info] : 	Code: HTTP200,  getAllHistoryOrders  Successful response
2022-11-18T23:10:12.575Z [info] : 	Code: F100  getAllBurgers  Function Called
2022-11-18T23:10:12.587Z [info] : 	Code: HTTP200,  getAllBurgers  Successful response
2022-11-18T23:10:12.947Z [info] : 	Code: F100  getAllBurgers  Function Called
2022-11-18T23:10:12.959Z [info] : 	Code: HTTP200,  getAllBurgers  Successful response
2022-11-18T23:10:41.557Z [info] : 	Code: F100  sendOrderToHistory  Function Called
2022-11-18T23:10:41.607Z [info] : 	Code: HTTP200,  sendOrderToHistory  Successful response
2022-11-18T23:11:22.579Z [info] : 	Code: F100  sendOrderToHistory  Function Called
2022-11-18T23:11:22.629Z [info] : 	Code: HTTP200,  sendOrderToHistory  Successful response
2022-11-18T23:11:26.774Z [info] : 	Code: F100  getAllHistoryOrders  Function Called
2022-11-18T23:11:26.801Z [info] : 	Code: HTTP200,  getAllHistoryOrders  Successful response
2022-11-18T23:11:27.471Z [info] : 	Code: F100  getAllHistoryOrders  Function Called
2022-11-18T23:11:27.489Z [info] : 	Code: HTTP200,  getAllHistoryOrders  Successful response
2022-11-18T23:11:37.907Z [info] : 	Code: F100  deleteHistoryOrders  Function Called
2022-11-18T23:11:37.911Z [info] : 	Code: HTTP200,  deleteHistoryOrders  Successful response
2022-11-18T23:11:37.935Z [info] : 	Code: F100  getAllHistoryOrders  Function Called
2022-11-18T23:11:37.944Z [info] : 	Code: HTTP200,  getAllHistoryOrders  Successful response
2022-11-18T23:13:35.805Z [info] : 	Code: F100  getAllHistoryOrders  Function Called
2022-11-18T23:13:35.820Z [info] : 	Code: HTTP200,  getAllHistoryOrders  Successful response
2022-11-18T23:13:40.523Z [info] : 	Code: F100  deleteHistoryOrders  Function Called
2022-11-18T23:13:40.527Z [info] : 	Code: HTTP200,  deleteHistoryOrders  Successful response
2022-11-18T23:13:40.551Z [info] : 	Code: F100  getAllHistoryOrders  Function Called
2022-11-18T23:13:40.560Z [info] : 	Code: HTTP200,  getAllHistoryOrders  Successful response
2022-11-18T23:14:20.468Z [info] : 	Code: F100  getAllBurgers  Function Called
2022-11-18T23:14:20.492Z [info] : 	Code: HTTP200,  getAllBurgers  Successful response
2022-11-18T23:14:21.616Z [info] : 	Code: F100  getAllBurgers  Function Called
2022-11-18T23:14:21.627Z [info] : 	Code: HTTP200,  getAllBurgers  Successful response
2022-11-18T23:14:32.451Z [info] : 	Code: F100  sendOrderToHistory  Function Called
2022-11-18T23:14:32.501Z [info] : 	Code: HTTP200,  sendOrderToHistory  Successful response
2022-11-18T23:14:39.607Z [info] : 	Code: F100  sendOrderToHistory  Function Called
2022-11-18T23:14:39.639Z [info] : 	Code: HTTP200,  sendOrderToHistory  Successful response
2022-11-18T23:14:43.643Z [info] : 	Code: F100  sendOrderToHistory  Function Called
2022-11-18T23:14:43.677Z [info] : 	Code: HTTP200,  sendOrderToHistory  Successful response
2022-11-18T23:14:50.409Z [info] : 	Code: F100  getAllHistoryOrders  Function Called
2022-11-18T23:14:50.427Z [info] : 	Code: HTTP200,  getAllHistoryOrders  Successful response
2022-11-18T23:14:51.257Z [info] : 	Code: F100  getAllHistoryOrders  Function Called
2022-11-18T23:14:51.270Z [info] : 	Code: HTTP200,  getAllHistoryOrders  Successful response
2022-11-18T23:15:58.948Z [info] : 	Code: F100  getAllHistoryOrders  Function Called
2022-11-18T23:15:58.962Z [info] : 	Code: HTTP200,  getAllHistoryOrders  Successful response
2022-11-18T23:16:06.340Z [info] : 	Code: F100  getAllHistoryOrders  Function Called
2022-11-18T23:16:06.350Z [info] : 	Code: HTTP200,  getAllHistoryOrders  Successful response
2022-11-18T23:16:19.173Z [info] : 	Code: F100  deleteHistoryOrders  Function Called
2022-11-18T23:16:19.175Z [info] : 	Code: HTTP200,  deleteHistoryOrders  Successful response
2022-11-18T23:16:19.427Z [info] : 	Code: F100  getAllHistoryOrders  Function Called
2022-11-18T23:16:19.440Z [info] : 	Code: HTTP200,  getAllHistoryOrders  Successful response
2022-11-18T23:16:30.328Z [info] : 	Code: F100  deleteHistoryOrders  Function Called
2022-11-18T23:16:30.333Z [info] : 	Code: HTTP200,  deleteHistoryOrders  Successful response
2022-11-18T23:16:30.672Z [info] : 	Code: F100  getAllHistoryOrders  Function Called
2022-11-18T23:16:30.682Z [info] : 	Code: HTTP200,  getAllHistoryOrders  Successful response
2022-11-18T23:16:47.693Z [info] : 	Code: F100  getAllHistoryOrders  Function Called
2022-11-18T23:16:47.705Z [info] : 	Code: HTTP200,  getAllHistoryOrders  Successful response
2022-11-18T23:17:00.155Z [info] : 	Code: F100  getAllBurgers  Function Called
2022-11-18T23:17:00.173Z [info] : 	Code: HTTP200,  getAllBurgers  Successful response
2022-11-18T23:17:00.985Z [info] : 	Code: F100  getAllBurgers  Function Called
2022-11-18T23:17:00.996Z [info] : 	Code: HTTP200,  getAllBurgers  Successful response
2022-11-19T00:07:49.340Z [info] : 	Code: F100  getAllBurgers  Function Called
2022-11-19T00:07:49.358Z [info] : 	Code: HTTP200,  getAllBurgers  Successful response
2022-11-19T19:43:17.688Z [info] : 	Code: F100 login Function Called
2022-11-19T19:43:20.582Z [info] : 	Code: F100  getAllHistoryOrders  Function Called
2022-11-19T19:43:20.629Z [info] : 	Code: HTTP200,  getAllHistoryOrders  Successful response
2022-11-19T19:43:20.907Z [info] : 	Code: F100  getAllHistoryOrders  Function Called
2022-11-19T19:43:20.918Z [info] : 	Code: HTTP200,  getAllHistoryOrders  Successful response
2022-11-19T19:43:22.690Z [info] : 	Code: F100  getAllBurgers  Function Called
2022-11-19T19:43:22.717Z [info] : 	Code: HTTP200,  getAllBurgers  Successful response
2022-11-19T19:43:23.170Z [info] : 	Code: F100  getAllBurgers  Function Called
2022-11-19T19:43:23.189Z [info] : 	Code: HTTP200,  getAllBurgers  Successful response
2022-11-19T19:43:31.489Z [info] : 	Code: F100  sendOrderToHistory  Function Called
2022-11-19T19:43:31.535Z [info] : 	Code: HTTP200,  sendOrderToHistory  Successful response
2022-11-19T19:43:38.082Z [info] : 	Code: F100  sendOrderToHistory  Function Called
2022-11-19T19:43:38.119Z [info] : 	Code: HTTP200,  sendOrderToHistory  Successful response
2022-11-19T19:43:49.414Z [info] : 	Code: F100  sendOrderToHistory  Function Called
2022-11-19T19:43:49.475Z [info] : 	Code: HTTP200,  sendOrderToHistory  Successful response
2022-11-19T19:43:56.263Z [info] : 	Code: F100  sendOrderToHistory  Function Called
2022-11-19T19:43:56.294Z [info] : 	Code: HTTP200,  sendOrderToHistory  Successful response
2022-11-19T19:43:58.259Z [info] : 	Code: F100  getAllHistoryOrders  Function Called
2022-11-19T19:43:58.287Z [info] : 	Code: HTTP200,  getAllHistoryOrders  Successful response
2022-11-19T19:43:58.669Z [info] : 	Code: F100  getAllHistoryOrders  Function Called
2022-11-19T19:43:58.683Z [info] : 	Code: HTTP200,  getAllHistoryOrders  Successful response
2022-11-19T19:46:33.162Z [info] : 	Code: F100  getAllHistoryOrders  Function Called
2022-11-19T19:46:33.184Z [info] : 	Code: HTTP200,  getAllHistoryOrders  Successful response
2022-11-19T19:46:49.939Z [info] : 	Code: F100  getAllHistoryOrders  Function Called
2022-11-19T19:46:49.955Z [info] : 	Code: HTTP200,  getAllHistoryOrders  Successful response
2022-11-19T19:46:55.220Z [info] : 	Code: F100  getAllHistoryOrders  Function Called
2022-11-19T19:46:55.236Z [info] : 	Code: HTTP200,  getAllHistoryOrders  Successful response
2022-11-19T19:53:46.067Z [info] : 	Code: F100  getAllHistoryOrders  Function Called
2022-11-19T19:53:46.097Z [info] : 	Code: HTTP200,  getAllHistoryOrders  Successful response
2022-11-19T19:53:47.444Z [info] : 	Code: F100  getAllHistoryOrders  Function Called
2022-11-19T19:53:47.467Z [info] : 	Code: HTTP200,  getAllHistoryOrders  Successful response
2022-11-19T19:55:12.438Z [info] : 	Code: F100  getAllHistoryOrders  Function Called
2022-11-19T19:55:12.460Z [info] : 	Code: HTTP200,  getAllHistoryOrders  Successful response
2022-11-19T19:55:34.253Z [info] : 	Code: F100  getAllHistoryOrders  Function Called
2022-11-19T19:55:34.275Z [info] : 	Code: HTTP200,  getAllHistoryOrders  Successful response
2022-11-19T19:56:04.383Z [info] : 	Code: F100  getAllHistoryOrders  Function Called
2022-11-19T19:56:04.395Z [info] : 	Code: HTTP200,  getAllHistoryOrders  Successful response
2022-11-19T19:58:00.410Z [info] : 	Code: F100  getAllHistoryOrders  Function Called
2022-11-19T19:58:00.422Z [info] : 	Code: HTTP200,  getAllHistoryOrders  Successful response
2022-11-19T19:58:43.791Z [info] : 	Code: F100  getAllHistoryOrders  Function Called
2022-11-19T19:58:43.804Z [info] : 	Code: HTTP200,  getAllHistoryOrders  Successful response
2022-11-19T19:59:04.403Z [info] : 	Code: F100  getAllHistoryOrders  Function Called
2022-11-19T19:59:04.416Z [info] : 	Code: HTTP200,  getAllHistoryOrders  Successful response
2022-11-19T19:59:07.147Z [info] : 	Code: F100  getAllBurgers  Function Called
2022-11-19T19:59:07.155Z [info] : 	Code: HTTP200,  getAllBurgers  Successful response
2022-11-19T19:59:07.888Z [info] : 	Code: F100  getAllBurgers  Function Called
2022-11-19T19:59:07.896Z [info] : 	Code: HTTP200,  getAllBurgers  Successful response
2022-11-19T19:59:11.147Z [info] : 	Code: F100  getAllHistoryOrders  Function Called
2022-11-19T19:59:11.158Z [info] : 	Code: HTTP200,  getAllHistoryOrders  Successful response
2022-11-19T19:59:11.841Z [info] : 	Code: F100  getAllHistoryOrders  Function Called
2022-11-19T19:59:11.852Z [info] : 	Code: HTTP200,  getAllHistoryOrders  Successful response
2022-11-19T19:59:21.913Z [info] : 	Code: F100  getAllHistoryOrders  Function Called
2022-11-19T19:59:21.923Z [info] : 	Code: HTTP200,  getAllHistoryOrders  Successful response
2022-11-19T20:00:12.520Z [info] : 	Code: F100  getAllBurgers  Function Called
2022-11-19T20:00:12.535Z [info] : 	Code: HTTP200,  getAllBurgers  Successful response
2022-11-19T20:00:13.531Z [info] : 	Code: F100  getAllBurgers  Function Called
2022-11-19T20:00:13.541Z [info] : 	Code: HTTP200,  getAllBurgers  Successful response
2022-11-19T20:00:14.690Z [info] : 	Code: F100  getAllHistoryOrders  Function Called
2022-11-19T20:00:14.703Z [info] : 	Code: HTTP200,  getAllHistoryOrders  Successful response
2022-11-19T20:00:15.375Z [info] : 	Code: F100  getAllHistoryOrders  Function Called
2022-11-19T20:00:15.390Z [info] : 	Code: HTTP200,  getAllHistoryOrders  Successful response
