2022-10-26T21:02:06.713Z [info] : 	Code: F100  getAllBurgers  Function Called
2022-10-26T21:02:06.750Z [info] : 	Code: HTTP200,  getAllBurgers  Successful response
2022-10-26T21:03:48.369Z [info] : 	Code: F100  getAllBurgers  Function Called
2022-10-26T21:03:48.386Z [info] : 	Code: HTTP200,  getAllBurgers  Successful response
2022-10-26T21:21:09.347Z [info] : 	Code: F100  getAllBurgers  Function Called
2022-10-26T21:21:09.365Z [info] : 	Code: HTTP200,  getAllBurgers  Successful response
2022-10-26T22:19:08.269Z [info] : 	Code: F100  getAllBurgers  Function Called
2022-10-26T22:19:08.315Z [info] : 	Code: HTTP200,  getAllBurgers  Successful response
2022-10-26T22:19:50.169Z [info] : 	Code: F100  getAllBurgers  Function Called
2022-10-26T22:19:50.187Z [info] : 	Code: HTTP200,  getAllBurgers  Successful response
2022-10-26T22:20:59.199Z [info] : 	Code: F100  getAllBurgers  Function Called
2022-10-26T22:20:59.220Z [info] : 	Code: HTTP200,  getAllBurgers  Successful response
2022-10-26T22:21:49.715Z [info] : 	Code: F100  getAllBurgers  Function Called
2022-10-26T22:21:49.733Z [info] : 	Code: HTTP200,  getAllBurgers  Successful response
2022-10-26T22:22:45.807Z [info] : 	Code: F100  getAllBurgers  Function Called
2022-10-26T22:22:45.828Z [info] : 	Code: HTTP200,  getAllBurgers  Successful response
2022-10-26T22:23:44.016Z [info] : 	Code: F100  getAllBurgers  Function Called
2022-10-26T22:23:44.033Z [info] : 	Code: HTTP200,  getAllBurgers  Successful response
2022-10-26T22:26:43.669Z [info] : 	Code: F100  getAllBurgers  Function Called
2022-10-26T22:26:43.685Z [info] : 	Code: HTTP200,  getAllBurgers  Successful response
2022-10-26T22:27:07.228Z [info] : 	Code: F100  getAllBurgers  Function Called
2022-10-26T22:27:07.247Z [info] : 	Code: HTTP200,  getAllBurgers  Successful response
2022-10-26T22:29:57.355Z [info] : 	Code: F100  getAllBurgers  Function Called
2022-10-26T22:29:57.371Z [info] : 	Code: HTTP200,  getAllBurgers  Successful response
2022-10-26T22:30:41.936Z [info] : 	Code: F100  getAllBurgers  Function Called
2022-10-26T22:30:41.953Z [info] : 	Code: HTTP200,  getAllBurgers  Successful response
2022-10-26T22:30:58.391Z [info] : 	Code: F100  getAllBurgers  Function Called
2022-10-26T22:30:58.404Z [info] : 	Code: HTTP200,  getAllBurgers  Successful response
2022-10-26T22:32:50.657Z [info] : 	Code: F100  getAllBurgers  Function Called
2022-10-26T22:32:50.674Z [info] : 	Code: HTTP200,  getAllBurgers  Successful response
2022-10-26T22:33:31.647Z [info] : 	Code: F100  getAllBurgers  Function Called
2022-10-26T22:33:31.660Z [info] : 	Code: HTTP200,  getAllBurgers  Successful response
2022-10-26T22:34:18.021Z [info] : 	Code: F100  getAllBurgers  Function Called
2022-10-26T22:34:18.033Z [info] : 	Code: HTTP200,  getAllBurgers  Successful response
2022-10-26T22:34:44.965Z [info] : 	Code: F100  getAllBurgers  Function Called
2022-10-26T22:34:44.979Z [info] : 	Code: HTTP200,  getAllBurgers  Successful response
2022-10-26T22:34:59.420Z [info] : 	Code: F100  getAllBurgers  Function Called
2022-10-26T22:34:59.434Z [info] : 	Code: HTTP200,  getAllBurgers  Successful response
2022-10-26T22:38:34.007Z [info] : 	Code: F100  getAllBurgers  Function Called
2022-10-26T22:38:34.029Z [info] : 	Code: HTTP200,  getAllBurgers  Successful response
2022-10-26T22:43:00.375Z [info] : 	Code: F100  getAllBurgers  Function Called
2022-10-26T22:43:00.392Z [info] : 	Code: HTTP200,  getAllBurgers  Successful response
2022-10-26T23:07:45.378Z [info] : 	Code: F100  getAllBurgers  Function Called
2022-10-26T23:07:45.396Z [info] : 	Code: HTTP200,  getAllBurgers  Successful response
2022-10-26T23:13:57.265Z [info] : 	Code: F100  getAllBurgers  Function Called
2022-10-26T23:13:57.278Z [info] : 	Code: HTTP200,  getAllBurgers  Successful response
2022-10-26T23:14:16.506Z [info] : 	Code: F100  getAllBurgers  Function Called
2022-10-26T23:14:16.523Z [info] : 	Code: HTTP200,  getAllBurgers  Successful response
2022-10-26T23:18:23.294Z [info] : 	Code: F100  getAllBurgers  Function Called
2022-10-26T23:18:23.308Z [info] : 	Code: HTTP200,  getAllBurgers  Successful response
2022-10-26T23:20:21.356Z [info] : 	Code: F100  getAllBurgers  Function Called
2022-10-26T23:20:21.368Z [info] : 	Code: HTTP200,  getAllBurgers  Successful response
2022-10-26T23:20:32.094Z [info] : 	Code: F100  getAllBurgers  Function Called
2022-10-26T23:20:32.105Z [info] : 	Code: HTTP200,  getAllBurgers  Successful response
2022-10-26T23:31:45.506Z [info] : 	Code: F100  getAllBurgers  Function Called
2022-10-26T23:31:45.526Z [info] : 	Code: HTTP200,  getAllBurgers  Successful response
2022-10-26T23:32:02.171Z [info] : 	Code: F100  getAllBurgers  Function Called
2022-10-26T23:32:02.186Z [info] : 	Code: HTTP200,  getAllBurgers  Successful response
2022-10-26T23:32:06.271Z [info] : 	Code: F100  getAllBurgers  Function Called
2022-10-26T23:32:06.278Z [info] : 	Code: HTTP200,  getAllBurgers  Successful response
2022-10-26T23:32:52.023Z [info] : 	Code: F100  getAllBurgers  Function Called
2022-10-26T23:32:52.033Z [info] : 	Code: HTTP200,  getAllBurgers  Successful response
2022-10-26T23:34:47.279Z [info] : 	Code: F100  getAllBurgers  Function Called
2022-10-26T23:34:47.295Z [info] : 	Code: HTTP200,  getAllBurgers  Successful response
2022-10-26T23:40:37.880Z [info] : 	Code: F100  getAllBurgers  Function Called
2022-10-26T23:40:37.903Z [info] : 	Code: HTTP200,  getAllBurgers  Successful response
2022-10-27T00:03:53.538Z [info] : 	Code: F100  getAllBurgers  Function Called
2022-10-27T00:03:53.548Z [info] : 	Code: HTTP200,  getAllBurgers  Successful response
2022-10-27T00:26:15.072Z [info] : 	Code: F100  getAllBurgers  Function Called
2022-10-27T00:26:15.085Z [info] : 	Code: HTTP200,  getAllBurgers  Successful response
2022-10-27T00:26:59.252Z [info] : 	Code: F100  getAllBurgers  Function Called
2022-10-27T00:26:59.268Z [info] : 	Code: HTTP200,  getAllBurgers  Successful response
2022-10-27T00:27:40.298Z [info] : 	Code: F100  getAllBurgers  Function Called
2022-10-27T00:27:40.310Z [info] : 	Code: HTTP200,  getAllBurgers  Successful response
2022-10-27T00:28:14.297Z [info] : 	Code: F100  getAllBurgers  Function Called
2022-10-27T00:28:14.312Z [info] : 	Code: HTTP200,  getAllBurgers  Successful response
2022-10-27T00:29:55.697Z [info] : 	Code: F100  getAllBurgers  Function Called
2022-10-27T00:29:55.711Z [info] : 	Code: HTTP200,  getAllBurgers  Successful response
2022-10-27T00:30:20.118Z [info] : 	Code: F100  getAllBurgers  Function Called
2022-10-27T00:30:20.140Z [info] : 	Code: HTTP200,  getAllBurgers  Successful response
2022-10-27T00:42:24.728Z [info] : 	Code: F100  getAllBurgers  Function Called
2022-10-27T00:42:24.740Z [info] : 	Code: HTTP200,  getAllBurgers  Successful response
2022-10-27T00:42:48.774Z [info] : 	Code: F100  getAllBurgers  Function Called
2022-10-27T00:42:48.784Z [info] : 	Code: HTTP200,  getAllBurgers  Successful response
2022-10-27T00:58:29.492Z [info] : 	Code: F100  getAllBurgers  Function Called
2022-10-27T00:58:29.509Z [info] : 	Code: HTTP200,  getAllBurgers  Successful response
2022-10-27T01:06:23.617Z [info] : 	Code: F100  getAllBurgers  Function Called
2022-10-27T01:06:23.627Z [info] : 	Code: HTTP200,  getAllBurgers  Successful response
2022-10-27T01:06:32.446Z [info] : 	Code: F100  getAllBurgers  Function Called
2022-10-27T01:06:32.463Z [info] : 	Code: HTTP200,  getAllBurgers  Successful response
2022-10-27T01:06:58.836Z [info] : 	Code: F100  getAllBurgers  Function Called
2022-10-27T01:06:58.849Z [info] : 	Code: HTTP200,  getAllBurgers  Successful response
2022-10-27T01:09:04.799Z [info] : 	Code: F100  getAllBurgers  Function Called
2022-10-27T01:09:04.812Z [info] : 	Code: HTTP200,  getAllBurgers  Successful response
2022-10-27T11:26:54.684Z [info] : 	Code: F100 login Function Called
2022-10-27T11:26:58.327Z [info] : 	Code: F100  getAllBurgers  Function Called
2022-10-27T11:26:58.366Z [info] : 	Code: HTTP200,  getAllBurgers  Successful response
2022-10-27T11:35:10.750Z [info] : 	Code: F100  getAllBurgers  Function Called
2022-10-27T11:35:10.774Z [info] : 	Code: HTTP200,  getAllBurgers  Successful response
2022-10-27T11:35:42.626Z [info] : 	Code: F100  getAllBurgers  Function Called
2022-10-27T11:35:42.646Z [info] : 	Code: HTTP200,  getAllBurgers  Successful response
2022-10-27T11:37:31.515Z [info] : 	Code: F100  getAllBurgers  Function Called
2022-10-27T11:37:31.536Z [info] : 	Code: HTTP200,  getAllBurgers  Successful response
2022-10-27T11:43:09.114Z [info] : 	Code: F100  getAllBurgers  Function Called
2022-10-27T11:43:09.136Z [info] : 	Code: HTTP200,  getAllBurgers  Successful response
2022-10-27T11:43:28.560Z [info] : 	Code: F100  getAllBurgers  Function Called
2022-10-27T11:43:28.580Z [info] : 	Code: HTTP200,  getAllBurgers  Successful response
2022-10-27T11:45:08.132Z [info] : 	Code: F100  getAllBurgers  Function Called
2022-10-27T11:45:08.158Z [info] : 	Code: HTTP200,  getAllBurgers  Successful response
2022-10-27T11:45:34.474Z [info] : 	Code: F100  getAllBurgers  Function Called
2022-10-27T11:45:34.494Z [info] : 	Code: HTTP200,  getAllBurgers  Successful response
2022-10-27T11:48:03.794Z [info] : 	Code: F100  getAllBurgers  Function Called
2022-10-27T11:48:03.814Z [info] : 	Code: HTTP200,  getAllBurgers  Successful response
2022-10-27T11:48:47.823Z [info] : 	Code: F100  getAllBurgers  Function Called
2022-10-27T11:48:47.842Z [info] : 	Code: HTTP200,  getAllBurgers  Successful response
2022-10-27T11:50:35.890Z [info] : 	Code: F100  getAllBurgers  Function Called
2022-10-27T11:50:35.907Z [info] : 	Code: HTTP200,  getAllBurgers  Successful response
2022-10-27T11:50:59.051Z [info] : 	Code: F100  getAllBurgers  Function Called
2022-10-27T11:50:59.063Z [info] : 	Code: HTTP200,  getAllBurgers  Successful response
2022-10-27T11:51:40.165Z [info] : 	Code: F100  getAllBurgers  Function Called
2022-10-27T11:51:40.182Z [info] : 	Code: HTTP200,  getAllBurgers  Successful response
2022-10-27T11:53:14.822Z [info] : 	Code: F100  getAllBurgers  Function Called
2022-10-27T11:53:14.837Z [info] : 	Code: HTTP200,  getAllBurgers  Successful response
2022-10-27T11:59:49.309Z [info] : 	Code: F100  getAllBurgers  Function Called
2022-10-27T11:59:49.327Z [info] : 	Code: HTTP200,  getAllBurgers  Successful response
2022-10-27T12:03:30.418Z [info] : 	Code: F100  getAllBurgers  Function Called
2022-10-27T12:03:30.434Z [info] : 	Code: HTTP200,  getAllBurgers  Successful response
2022-10-27T12:04:31.831Z [info] : 	Code: F100  getAllBurgers  Function Called
2022-10-27T12:04:31.849Z [info] : 	Code: HTTP200,  getAllBurgers  Successful response
2022-10-27T12:05:03.636Z [info] : 	Code: F100  getAllBurgers  Function Called
2022-10-27T12:05:03.652Z [info] : 	Code: HTTP200,  getAllBurgers  Successful response
2022-10-27T12:05:23.748Z [info] : 	Code: F100  getAllBurgers  Function Called
2022-10-27T12:05:23.766Z [info] : 	Code: HTTP200,  getAllBurgers  Successful response
2022-10-27T12:06:38.903Z [info] : 	Code: F100  getAllBurgers  Function Called
2022-10-27T12:06:38.922Z [info] : 	Code: HTTP200,  getAllBurgers  Successful response
2022-10-27T12:16:47.905Z [info] : 	Code: F100  getAllBurgers  Function Called
2022-10-27T12:16:47.924Z [info] : 	Code: HTTP200,  getAllBurgers  Successful response
2022-10-27T12:23:29.813Z [info] : 	Code: F100  getAllBurgers  Function Called
2022-10-27T12:23:29.855Z [info] : 	Code: HTTP200,  getAllBurgers  Successful response
2022-10-27T12:23:49.742Z [info] : 	Code: F100  createOrder  Function Called
2022-10-27T12:23:49.870Z [info] : 	Code: HTTP200,  createOrder  Successful response
2022-10-27T12:23:49.970Z [info] : 	Code: F100  getAllBurgers  Function Called
2022-10-27T12:23:49.983Z [info] : 	Code: HTTP200,  getAllBurgers  Successful response
2022-10-27T12:43:29.726Z [info] : 	Code: F100  getAllBurgers  Function Called
2022-10-27T12:43:29.747Z [info] : 	Code: HTTP200,  getAllBurgers  Successful response
2022-10-27T12:44:37.667Z [info] : 	Code: F100  getAllBurgers  Function Called
2022-10-27T12:44:37.679Z [info] : 	Code: HTTP200,  getAllBurgers  Successful response
2022-10-27T12:45:03.651Z [info] : 	Code: F100  getAllBurgers  Function Called
2022-10-27T12:45:03.698Z [info] : 	Code: HTTP200,  getAllBurgers  Successful response
2022-10-27T12:45:18.424Z [info] : 	Code: F100  createOrder  Function Called
2022-10-27T12:45:18.521Z [info] : 	Code: HTTP200,  createOrder  Successful response
2022-10-27T12:45:18.848Z [info] : 	Code: F100  getAllBurgers  Function Called
2022-10-27T12:45:18.866Z [info] : 	Code: HTTP200,  getAllBurgers  Successful response
2022-10-27T12:48:21.184Z [info] : 	Code: F100  createOrder  Function Called
2022-10-27T12:48:21.272Z [info] : 	Code: HTTP200,  createOrder  Successful response
2022-10-27T12:48:21.451Z [info] : 	Code: F100  getAllBurgers  Function Called
2022-10-27T12:48:21.463Z [info] : 	Code: HTTP200,  getAllBurgers  Successful response
2022-10-27T12:49:34.550Z [info] : 	Code: F100  getAllBurgers  Function Called
2022-10-27T12:49:34.563Z [info] : 	Code: HTTP200,  getAllBurgers  Successful response
2022-10-27T12:49:49.030Z [info] : 	Code: F100  createOrder  Function Called
2022-10-27T12:49:49.127Z [info] : 	Code: HTTP200,  createOrder  Successful response
2022-10-27T12:49:49.273Z [info] : 	Code: F100  getAllBurgers  Function Called
2022-10-27T12:49:49.284Z [info] : 	Code: HTTP200,  getAllBurgers  Successful response
2022-10-27T12:53:25.492Z [info] : 	Code: F100  getAllBurgers  Function Called
2022-10-27T12:53:25.508Z [info] : 	Code: HTTP200,  getAllBurgers  Successful response
2022-10-27T12:53:44.734Z [info] : 	Code: F100  createOrder  Function Called
2022-10-27T12:53:44.772Z [info] : 	Code: HTTP200,  createOrder  Successful response
2022-10-27T12:53:44.992Z [info] : 	Code: F100  getAllBurgers  Function Called
2022-10-27T12:53:45.003Z [info] : 	Code: HTTP200,  getAllBurgers  Successful response
2022-10-27T12:54:23.901Z [info] : 	Code: F100  getAllBurgers  Function Called
2022-10-27T12:54:23.922Z [info] : 	Code: HTTP200,  getAllBurgers  Successful response
2022-10-27T12:54:40.018Z [info] : 	Code: F100  createOrder  Function Called
2022-10-27T12:54:40.045Z [info] : 	Code: HTTP200,  createOrder  Successful response
2022-10-27T12:54:40.270Z [info] : 	Code: F100  getAllBurgers  Function Called
2022-10-27T12:54:40.278Z [info] : 	Code: HTTP200,  getAllBurgers  Successful response
2022-10-27T12:55:09.555Z [info] : 	Code: F100  getAllBurgers  Function Called
2022-10-27T12:55:09.567Z [info] : 	Code: HTTP200,  getAllBurgers  Successful response
2022-10-27T12:55:21.397Z [info] : 	Code: F100  createOrder  Function Called
2022-10-27T12:55:21.425Z [info] : 	Code: HTTP200,  createOrder  Successful response
2022-10-27T12:55:21.439Z [info] : 	Code: F100  getAllBurgers  Function Called
2022-10-27T12:55:21.447Z [info] : 	Code: HTTP200,  getAllBurgers  Successful response
2022-10-27T12:58:19.776Z [info] : 	Code: F100  getAllBurgers  Function Called
2022-10-27T12:58:19.792Z [info] : 	Code: HTTP200,  getAllBurgers  Successful response
2022-10-27T12:58:33.458Z [info] : 	Code: F100  createOrder  Function Called
2022-10-27T12:58:33.548Z [error] : 	Code: HTTP400,  createOrder  Catch error
2022-10-27T13:11:14.904Z [info] : 	Code: F100  getAllBurgers  Function Called
2022-10-27T13:11:14.941Z [info] : 	Code: HTTP200,  getAllBurgers  Successful response
2022-10-27T13:11:30.616Z [info] : 	Code: F100  getAllBurgers  Function Called
2022-10-27T13:11:30.630Z [info] : 	Code: HTTP200,  getAllBurgers  Successful response
2022-10-27T14:06:10.213Z [info] : 	Code: F100  getAllBurgers  Function Called
2022-10-27T14:06:10.223Z [info] : 	Code: HTTP200,  getAllBurgers  Successful response
2022-10-27T14:08:51.473Z [info] : 	Code: F100  getAllBurgers  Function Called
2022-10-27T14:08:51.490Z [info] : 	Code: HTTP200,  getAllBurgers  Successful response
2022-10-27T14:09:00.823Z [info] : 	Code: F100  getAllBurgers  Function Called
2022-10-27T14:09:00.830Z [info] : 	Code: HTTP200,  getAllBurgers  Successful response
2022-10-27T14:11:19.830Z [info] : 	Code: F100  getAllBurgers  Function Called
2022-10-27T14:11:19.843Z [info] : 	Code: HTTP200,  getAllBurgers  Successful response
2022-10-27T14:11:43.290Z [info] : 	Code: F100  getAllBurgers  Function Called
2022-10-27T14:11:43.303Z [info] : 	Code: HTTP200,  getAllBurgers  Successful response
2022-10-27T14:12:43.691Z [info] : 	Code: F100  getAllBurgers  Function Called
2022-10-27T14:12:43.704Z [info] : 	Code: HTTP200,  getAllBurgers  Successful response
2022-10-27T14:13:11.836Z [info] : 	Code: F100  getAllBurgers  Function Called
2022-10-27T14:13:11.849Z [info] : 	Code: HTTP200,  getAllBurgers  Successful response
2022-10-27T14:13:35.594Z [info] : 	Code: F100  getAllBurgers  Function Called
2022-10-27T14:13:35.605Z [info] : 	Code: HTTP200,  getAllBurgers  Successful response
2022-10-27T14:13:46.378Z [info] : 	Code: F100  getAllBurgers  Function Called
2022-10-27T14:13:46.391Z [info] : 	Code: HTTP200,  getAllBurgers  Successful response
2022-10-27T14:31:06.979Z [info] : 	Code: F100  getAllBurgers  Function Called
2022-10-27T14:31:06.998Z [info] : 	Code: HTTP200,  getAllBurgers  Successful response
2022-10-27T14:32:43.773Z [info] : 	Code: F100  getAllBurgers  Function Called
2022-10-27T14:32:43.781Z [info] : 	Code: HTTP200,  getAllBurgers  Successful response
2022-10-27T14:33:31.571Z [info] : 	Code: F100  getAllBurgers  Function Called
2022-10-27T14:33:31.583Z [info] : 	Code: HTTP200,  getAllBurgers  Successful response
2022-10-27T14:34:07.281Z [info] : 	Code: F100  getAllBurgers  Function Called
2022-10-27T14:34:07.293Z [info] : 	Code: HTTP200,  getAllBurgers  Successful response
2022-10-27T14:34:29.374Z [info] : 	Code: F100  getAllBurgers  Function Called
2022-10-27T14:34:29.386Z [info] : 	Code: HTTP200,  getAllBurgers  Successful response
2022-10-27T14:34:52.819Z [info] : 	Code: F100  getAllBurgers  Function Called
2022-10-27T14:34:52.830Z [info] : 	Code: HTTP200,  getAllBurgers  Successful response
2022-10-27T14:35:36.136Z [info] : 	Code: F100  getAllBurgers  Function Called
2022-10-27T14:35:36.150Z [info] : 	Code: HTTP200,  getAllBurgers  Successful response
2022-10-27T14:38:59.725Z [info] : 	Code: F100  getAllBurgers  Function Called
2022-10-27T14:38:59.768Z [info] : 	Code: HTTP200,  getAllBurgers  Successful response
2022-10-27T14:39:24.000Z [info] : 	Code: F100  getAllBurgers  Function Called
2022-10-27T14:39:24.013Z [info] : 	Code: HTTP200,  getAllBurgers  Successful response
2022-10-27T14:40:12.628Z [info] : 	Code: F100  getAllBurgers  Function Called
2022-10-27T14:40:12.640Z [info] : 	Code: HTTP200,  getAllBurgers  Successful response
2022-10-27T14:47:39.125Z [info] : 	Code: F100  getAllBurgers  Function Called
2022-10-27T14:47:39.140Z [info] : 	Code: HTTP200,  getAllBurgers  Successful response
2022-10-27T14:48:07.534Z [info] : 	Code: F100  getAllBurgers  Function Called
2022-10-27T14:48:07.555Z [info] : 	Code: HTTP200,  getAllBurgers  Successful response
2022-10-27T14:50:37.075Z [info] : 	Code: F100  getAllBurgers  Function Called
2022-10-27T14:50:37.088Z [info] : 	Code: HTTP200,  getAllBurgers  Successful response
2022-10-27T14:52:08.048Z [info] : 	Code: F100  getAllBurgers  Function Called
2022-10-27T14:52:08.063Z [info] : 	Code: HTTP200,  getAllBurgers  Successful response
2022-10-27T14:52:45.722Z [info] : 	Code: F100  getAllBurgers  Function Called
2022-10-27T14:52:45.754Z [info] : 	Code: HTTP200,  getAllBurgers  Successful response
2022-10-27T14:53:25.889Z [info] : 	Code: F100  getAllBurgers  Function Called
2022-10-27T14:53:25.904Z [info] : 	Code: HTTP200,  getAllBurgers  Successful response
2022-10-27T15:04:56.235Z [info] : 	Code: F100  getAllBurgers  Function Called
2022-10-27T15:04:56.246Z [info] : 	Code: HTTP200,  getAllBurgers  Successful response
2022-10-27T15:06:02.907Z [info] : 	Code: F100  getAllBurgers  Function Called
2022-10-27T15:06:02.925Z [info] : 	Code: HTTP200,  getAllBurgers  Successful response
2022-10-27T15:06:52.163Z [info] : 	Code: F100  getAllBurgers  Function Called
2022-10-27T15:06:52.175Z [info] : 	Code: HTTP200,  getAllBurgers  Successful response
2022-10-27T15:07:43.490Z [info] : 	Code: F100  getAllBurgers  Function Called
2022-10-27T15:07:43.502Z [info] : 	Code: HTTP200,  getAllBurgers  Successful response
2022-10-27T15:08:44.574Z [info] : 	Code: F100  getAllBurgers  Function Called
2022-10-27T15:08:44.591Z [info] : 	Code: HTTP200,  getAllBurgers  Successful response
2022-10-27T15:10:02.908Z [info] : 	Code: F100  getAllBurgers  Function Called
2022-10-27T15:10:02.920Z [info] : 	Code: HTTP200,  getAllBurgers  Successful response
2022-10-27T15:10:54.261Z [info] : 	Code: F100  getAllBurgers  Function Called
2022-10-27T15:10:54.273Z [info] : 	Code: HTTP200,  getAllBurgers  Successful response
2022-10-27T15:11:37.774Z [info] : 	Code: F100  getAllBurgers  Function Called
2022-10-27T15:11:37.788Z [info] : 	Code: HTTP200,  getAllBurgers  Successful response
2022-10-27T15:20:30.119Z [info] : 	Code: F100  getAllBurgers  Function Called
2022-10-27T15:20:30.132Z [info] : 	Code: HTTP200,  getAllBurgers  Successful response
2022-10-27T15:20:57.434Z [info] : 	Code: F100  getAllBurgers  Function Called
2022-10-27T15:20:57.444Z [info] : 	Code: HTTP200,  getAllBurgers  Successful response
2022-10-27T15:27:38.937Z [info] : 	Code: F100  getAllBurgers  Function Called
2022-10-27T15:27:38.947Z [info] : 	Code: HTTP200,  getAllBurgers  Successful response
2022-10-27T15:28:56.814Z [info] : 	Code: F100  getAllBurgers  Function Called
2022-10-27T15:28:56.833Z [info] : 	Code: HTTP200,  getAllBurgers  Successful response
2022-10-27T15:29:27.377Z [info] : 	Code: F100  getAllBurgers  Function Called
2022-10-27T15:29:27.389Z [info] : 	Code: HTTP200,  getAllBurgers  Successful response
2022-10-27T15:29:54.164Z [info] : 	Code: F100  getAllBurgers  Function Called
2022-10-27T15:29:54.176Z [info] : 	Code: HTTP200,  getAllBurgers  Successful response
2022-10-27T15:40:52.690Z [info] : 	Code: F100  getAllBurgers  Function Called
2022-10-27T15:40:52.704Z [info] : 	Code: HTTP200,  getAllBurgers  Successful response
2022-10-27T15:40:59.960Z [info] : 	Code: F100  getAllBurgers  Function Called
2022-10-27T15:40:59.967Z [info] : 	Code: HTTP200,  getAllBurgers  Successful response
2022-10-27T15:47:08.424Z [info] : 	Code: F100  getAllBurgers  Function Called
2022-10-27T15:47:08.440Z [info] : 	Code: HTTP200,  getAllBurgers  Successful response
2022-10-27T15:47:54.451Z [info] : 	Code: F100  getAllBurgers  Function Called
2022-10-27T15:47:54.462Z [info] : 	Code: HTTP200,  getAllBurgers  Successful response
2022-10-27T15:50:10.139Z [info] : 	Code: F100  getAllBurgers  Function Called
2022-10-27T15:50:10.150Z [info] : 	Code: HTTP200,  getAllBurgers  Successful response
2022-10-27T15:51:24.609Z [info] : 	Code: F100  getAllBurgers  Function Called
2022-10-27T15:51:24.621Z [info] : 	Code: HTTP200,  getAllBurgers  Successful response
2022-10-27T15:51:50.152Z [info] : 	Code: F100  getAllBurgers  Function Called
2022-10-27T15:51:50.166Z [info] : 	Code: HTTP200,  getAllBurgers  Successful response
2022-10-27T15:52:33.482Z [info] : 	Code: F100  getAllBurgers  Function Called
2022-10-27T15:52:33.495Z [info] : 	Code: HTTP200,  getAllBurgers  Successful response
2022-10-27T15:52:57.902Z [info] : 	Code: F100  getAllBurgers  Function Called
2022-10-27T15:52:57.916Z [info] : 	Code: HTTP200,  getAllBurgers  Successful response
2022-10-27T15:53:17.371Z [info] : 	Code: F100  getAllBurgers  Function Called
2022-10-27T15:53:17.382Z [info] : 	Code: HTTP200,  getAllBurgers  Successful response
2022-10-27T15:54:17.051Z [info] : 	Code: F100  getAllBurgers  Function Called
2022-10-27T15:54:17.071Z [info] : 	Code: HTTP200,  getAllBurgers  Successful response
2022-10-27T15:55:28.322Z [info] : 	Code: F100  getAllBurgers  Function Called
2022-10-27T15:55:28.337Z [info] : 	Code: HTTP200,  getAllBurgers  Successful response
2022-10-27T15:55:51.844Z [info] : 	Code: F100  getAllBurgers  Function Called
2022-10-27T15:55:51.856Z [info] : 	Code: HTTP200,  getAllBurgers  Successful response
2022-10-27T15:55:59.015Z [info] : 	Code: F100  getAllBurgers  Function Called
2022-10-27T15:55:59.024Z [info] : 	Code: HTTP200,  getAllBurgers  Successful response
2022-10-27T15:56:16.396Z [info] : 	Code: F100  getAllBurgers  Function Called
2022-10-27T15:56:16.407Z [info] : 	Code: HTTP200,  getAllBurgers  Successful response
2022-10-27T15:58:19.566Z [info] : 	Code: F100  getAllBurgers  Function Called
2022-10-27T15:58:19.579Z [info] : 	Code: HTTP200,  getAllBurgers  Successful response
2022-10-27T15:59:25.064Z [info] : 	Code: F100  getAllBurgers  Function Called
2022-10-27T15:59:25.074Z [info] : 	Code: HTTP200,  getAllBurgers  Successful response
2022-10-27T16:01:35.073Z [info] : 	Code: F100  createOrder  Function Called
2022-10-27T16:01:35.143Z [info] : 	Code: HTTP200,  createOrder  Successful response
2022-10-27T16:01:35.298Z [info] : 	Code: F100  getAllBurgers  Function Called
2022-10-27T16:01:35.308Z [info] : 	Code: HTTP200,  getAllBurgers  Successful response
2022-10-27T16:02:24.295Z [info] : 	Code: F100  getAllBurgers  Function Called
2022-10-27T16:02:24.310Z [info] : 	Code: HTTP200,  getAllBurgers  Successful response
2022-10-27T16:02:48.120Z [info] : 	Code: F100  createOrder  Function Called
2022-10-27T16:02:48.206Z [info] : 	Code: HTTP200,  createOrder  Successful response
2022-10-27T16:02:48.223Z [info] : 	Code: F100  getAllBurgers  Function Called
2022-10-27T16:02:48.231Z [info] : 	Code: HTTP200,  getAllBurgers  Successful response
2022-10-27T16:17:01.246Z [info] : 	Code: F100  createOrder  Function Called
2022-10-27T16:17:01.338Z [info] : 	Code: HTTP200,  createOrder  Successful response
2022-10-27T16:17:01.497Z [info] : 	Code: F100  getAllBurgers  Function Called
2022-10-27T16:17:01.505Z [info] : 	Code: HTTP200,  getAllBurgers  Successful response
2022-10-27T16:23:16.059Z [info] : 	Code: F100  getAllBurgers  Function Called
2022-10-27T16:23:16.079Z [info] : 	Code: HTTP200,  getAllBurgers  Successful response
2022-10-27T16:23:48.902Z [info] : 	Code: F100  getAllBurgers  Function Called
2022-10-27T16:23:48.913Z [info] : 	Code: HTTP200,  getAllBurgers  Successful response
2022-10-27T16:23:54.106Z [info] : 	Code: F100  getAllBurgers  Function Called
2022-10-27T16:23:54.115Z [info] : 	Code: HTTP200,  getAllBurgers  Successful response
2022-10-27T16:24:28.829Z [info] : 	Code: F100  getAllBurgers  Function Called
2022-10-27T16:24:28.840Z [info] : 	Code: HTTP200,  getAllBurgers  Successful response
2022-10-27T16:24:45.232Z [info] : 	Code: F100  getAllBurgers  Function Called
2022-10-27T16:24:45.246Z [info] : 	Code: HTTP200,  getAllBurgers  Successful response
2022-10-27T16:27:27.029Z [info] : 	Code: F100  getAllBurgers  Function Called
2022-10-27T16:27:27.042Z [info] : 	Code: HTTP200,  getAllBurgers  Successful response
2022-10-27T16:27:58.994Z [info] : 	Code: F100  createOrder  Function Called
2022-10-27T16:27:59.090Z [info] : 	Code: HTTP200,  createOrder  Successful response
2022-10-27T16:27:59.412Z [info] : 	Code: F100  getAllBurgers  Function Called
2022-10-27T16:27:59.423Z [info] : 	Code: HTTP200,  getAllBurgers  Successful response
2022-10-27T16:28:56.953Z [info] : 	Code: F100  getAllBurgers  Function Called
2022-10-27T16:28:56.962Z [info] : 	Code: HTTP200,  getAllBurgers  Successful response
