2022-10-31T22:06:32.353Z [info] : 	Code: F100  getAllBurgers  Function Called
2022-10-31T22:06:32.374Z [info] : 	Code: HTTP200,  getAllBurgers  Successful response
2022-10-31T22:07:19.395Z [info] : 	Code: F100  createOrder  Function Called
2022-10-31T22:07:19.470Z [info] : 	Code: HTTP200,  createOrder  Successful response
2022-10-31T22:07:19.797Z [info] : 	Code: F100  getAllBurgers  Function Called
2022-10-31T22:07:19.806Z [info] : 	Code: HTTP200,  getAllBurgers  Successful response
2022-10-31T22:09:23.978Z [info] : 	Code: F100  getAllBurgers  Function Called
2022-10-31T22:09:23.995Z [info] : 	Code: HTTP200,  getAllBurgers  Successful response
2022-10-31T22:10:18.183Z [info] : 	Code: F100  getAllBurgers  Function Called
2022-10-31T22:10:18.194Z [info] : 	Code: HTTP200,  getAllBurgers  Successful response
2022-10-31T22:10:51.204Z [info] : 	Code: F100  getAllBurgers  Function Called
2022-10-31T22:10:51.215Z [info] : 	Code: HTTP200,  getAllBurgers  Successful response
2022-10-31T22:11:13.805Z [info] : 	Code: F100  getAllBurgers  Function Called
2022-10-31T22:11:13.815Z [info] : 	Code: HTTP200,  getAllBurgers  Successful response
2022-10-31T22:15:13.136Z [info] : 	Code: F100  getAllBurgers  Function Called
2022-10-31T22:15:13.148Z [info] : 	Code: HTTP200,  getAllBurgers  Successful response
2022-10-31T22:16:09.768Z [info] : 	Code: F100  getAllBurgers  Function Called
2022-10-31T22:16:09.776Z [info] : 	Code: HTTP200,  getAllBurgers  Successful response
2022-10-31T22:30:58.877Z [info] : 	Code: F100  getAllBurgers  Function Called
2022-10-31T22:30:58.892Z [info] : 	Code: HTTP200,  getAllBurgers  Successful response
2022-10-31T22:31:19.971Z [info] : 	Code: F100  getAllBurgers  Function Called
2022-10-31T22:31:19.984Z [info] : 	Code: HTTP200,  getAllBurgers  Successful response
2022-10-31T22:32:18.901Z [info] : 	Code: F100  getAllBurgers  Function Called
2022-10-31T22:32:18.909Z [info] : 	Code: HTTP200,  getAllBurgers  Successful response
2022-10-31T22:32:36.505Z [info] : 	Code: F100  getAllBurgers  Function Called
2022-10-31T22:32:36.516Z [info] : 	Code: HTTP200,  getAllBurgers  Successful response
2022-10-31T22:33:11.122Z [info] : 	Code: F100  getAllBurgers  Function Called
2022-10-31T22:33:11.135Z [info] : 	Code: HTTP200,  getAllBurgers  Successful response
2022-10-31T22:33:29.676Z [info] : 	Code: F100  getAllBurgers  Function Called
2022-10-31T22:33:29.686Z [info] : 	Code: HTTP200,  getAllBurgers  Successful response
2022-10-31T22:34:05.874Z [info] : 	Code: F100  getAllBurgers  Function Called
2022-10-31T22:34:05.885Z [info] : 	Code: HTTP200,  getAllBurgers  Successful response
2022-10-31T22:35:59.217Z [info] : 	Code: F100  getAllBurgers  Function Called
2022-10-31T22:35:59.227Z [info] : 	Code: HTTP200,  getAllBurgers  Successful response
2022-10-31T22:36:07.818Z [info] : 	Code: F100  getAllBurgers  Function Called
2022-10-31T22:36:07.825Z [info] : 	Code: HTTP200,  getAllBurgers  Successful response
2022-10-31T22:37:07.406Z [info] : 	Code: F100  getAllBurgers  Function Called
2022-10-31T22:37:07.417Z [info] : 	Code: HTTP200,  getAllBurgers  Successful response
2022-10-31T22:44:00.267Z [info] : 	Code: F100  getAllBurgers  Function Called
2022-10-31T22:44:00.281Z [info] : 	Code: HTTP200,  getAllBurgers  Successful response
2022-10-31T22:46:52.777Z [info] : 	Code: F100  getAllBurgers  Function Called
2022-10-31T22:46:52.830Z [info] : 	Code: HTTP200,  getAllBurgers  Successful response
2022-10-31T22:51:23.348Z [info] : 	Code: F100  getAllBurgers  Function Called
2022-10-31T22:51:23.362Z [info] : 	Code: HTTP200,  getAllBurgers  Successful response
2022-10-31T22:53:05.017Z [info] : 	Code: F100  getAllBurgers  Function Called
2022-10-31T22:53:05.029Z [info] : 	Code: HTTP200,  getAllBurgers  Successful response
2022-10-31T22:56:01.419Z [info] : 	Code: F100  getAllBurgers  Function Called
2022-10-31T22:56:01.429Z [info] : 	Code: HTTP200,  getAllBurgers  Successful response
2022-10-31T22:58:29.985Z [info] : 	Code: F100  getAllBurgers  Function Called
2022-10-31T22:58:29.997Z [info] : 	Code: HTTP200,  getAllBurgers  Successful response
2022-10-31T23:00:25.325Z [info] : 	Code: F100  getAllBurgers  Function Called
2022-10-31T23:00:25.335Z [info] : 	Code: HTTP200,  getAllBurgers  Successful response
2022-10-31T23:01:17.071Z [info] : 	Code: F100  getAllBurgers  Function Called
2022-10-31T23:01:17.078Z [info] : 	Code: HTTP200,  getAllBurgers  Successful response
2022-10-31T23:03:28.474Z [info] : 	Code: F100  getAllBurgers  Function Called
2022-10-31T23:03:28.484Z [info] : 	Code: HTTP200,  getAllBurgers  Successful response
2022-10-31T23:09:46.750Z [info] : 	Code: F100  getAllBurgers  Function Called
2022-10-31T23:09:46.761Z [info] : 	Code: HTTP200,  getAllBurgers  Successful response
2022-10-31T23:15:19.986Z [info] : 	Code: F100  getAllBurgers  Function Called
2022-10-31T23:15:19.995Z [info] : 	Code: HTTP200,  getAllBurgers  Successful response
2022-10-31T23:17:00.505Z [info] : 	Code: F100  getAllBurgers  Function Called
2022-10-31T23:17:00.513Z [info] : 	Code: HTTP200,  getAllBurgers  Successful response
2022-10-31T23:17:09.204Z [info] : 	Code: F100  getAllBurgers  Function Called
2022-10-31T23:17:09.209Z [info] : 	Code: HTTP200,  getAllBurgers  Successful response
2022-10-31T23:23:33.358Z [info] : 	Code: F100  getAllBurgers  Function Called
2022-10-31T23:23:33.368Z [info] : 	Code: HTTP200,  getAllBurgers  Successful response
2022-10-31T23:30:22.839Z [info] : 	Code: F100  getAllBurgers  Function Called
2022-10-31T23:30:22.849Z [info] : 	Code: HTTP200,  getAllBurgers  Successful response
2022-10-31T23:30:41.042Z [info] : 	Code: F100  getAllBurgers  Function Called
2022-10-31T23:30:41.052Z [info] : 	Code: HTTP200,  getAllBurgers  Successful response
2022-10-31T23:33:09.876Z [info] : 	Code: F100  editOrder  Function Called
2022-10-31T23:33:09.900Z [info] : 	Code: HTTP200,  editOrder  Successful response
2022-10-31T23:51:09.851Z [info] : 	Code: F100  getAllBurgers  Function Called
2022-10-31T23:51:09.881Z [info] : 	Code: HTTP200,  getAllBurgers  Successful response
2022-10-31T23:51:47.538Z [info] : 	Code: F100  getAllBurgers  Function Called
2022-10-31T23:51:47.552Z [info] : 	Code: HTTP200,  getAllBurgers  Successful response
2022-10-31T23:52:07.082Z [info] : 	Code: F100  getAllBurgers  Function Called
2022-10-31T23:52:07.099Z [info] : 	Code: HTTP200,  getAllBurgers  Successful response
2022-10-31T23:52:50.230Z [info] : 	Code: F100  getAllBurgers  Function Called
2022-10-31T23:52:50.243Z [info] : 	Code: HTTP200,  getAllBurgers  Successful response
2022-10-31T23:53:08.536Z [info] : 	Code: F100  getAllBurgers  Function Called
2022-10-31T23:53:08.548Z [info] : 	Code: HTTP200,  getAllBurgers  Successful response
2022-10-31T23:57:23.134Z [info] : 	Code: F100  getAllBurgers  Function Called
2022-10-31T23:57:23.147Z [info] : 	Code: HTTP200,  getAllBurgers  Successful response
2022-10-31T23:57:56.750Z [info] : 	Code: F100  getAllBurgers  Function Called
2022-10-31T23:57:56.761Z [info] : 	Code: HTTP200,  getAllBurgers  Successful response
2022-10-31T23:59:27.911Z [info] : 	Code: F100  editOrder  Function Called
2022-10-31T23:59:27.950Z [info] : 	Code: HTTP200,  editOrder  Successful response
2022-11-01T20:05:45.945Z [info] : 	Code: F100 login Function Called
2022-11-01T20:06:06.686Z [info] : 	Code: F100  createOrder  Function Called
2022-11-01T20:06:06.809Z [error] : 	Code: HTTP400,  createOrder  Catch error
2022-11-01T20:10:40.243Z [info] : 	Code: F100  getAllBurgers  Function Called
2022-11-01T20:10:40.285Z [info] : 	Code: HTTP200,  getAllBurgers  Successful response
2022-11-01T20:44:21.624Z [info] : 	Code: F100  getAllBurgers  Function Called
2022-11-01T20:44:21.643Z [info] : 	Code: HTTP200,  getAllBurgers  Successful response
2022-11-01T20:45:50.133Z [info] : 	Code: F100  getAllBurgers  Function Called
2022-11-01T20:45:50.147Z [info] : 	Code: HTTP200,  getAllBurgers  Successful response
2022-11-01T20:46:08.798Z [info] : 	Code: F100  getAllBurgers  Function Called
2022-11-01T20:46:08.813Z [info] : 	Code: HTTP200,  getAllBurgers  Successful response
2022-11-01T20:48:00.288Z [info] : 	Code: F100  getAllBurgers  Function Called
2022-11-01T20:48:00.306Z [info] : 	Code: HTTP200,  getAllBurgers  Successful response
2022-11-01T20:48:03.506Z [info] : 	Code: F100  getAllBurgers  Function Called
2022-11-01T20:48:03.518Z [info] : 	Code: HTTP200,  getAllBurgers  Successful response
2022-11-01T20:49:07.955Z [info] : 	Code: F100  getAllBurgers  Function Called
2022-11-01T20:49:07.968Z [info] : 	Code: HTTP200,  getAllBurgers  Successful response
2022-11-01T20:53:04.673Z [info] : 	Code: F100  getAllBurgers  Function Called
2022-11-01T20:53:04.689Z [info] : 	Code: HTTP200,  getAllBurgers  Successful response
2022-11-01T21:01:31.475Z [info] : 	Code: F100  getAllBurgers  Function Called
2022-11-01T21:01:31.492Z [info] : 	Code: HTTP200,  getAllBurgers  Successful response
2022-11-01T21:02:37.242Z [info] : 	Code: F100  getAllBurgers  Function Called
2022-11-01T21:02:37.254Z [info] : 	Code: HTTP200,  getAllBurgers  Successful response
2022-11-01T21:03:17.824Z [info] : 	Code: F100  getAllBurgers  Function Called
2022-11-01T21:03:17.839Z [info] : 	Code: HTTP200,  getAllBurgers  Successful response
2022-11-01T21:03:31.314Z [info] : 	Code: F100  getAllBurgers  Function Called
2022-11-01T21:03:31.329Z [info] : 	Code: HTTP200,  getAllBurgers  Successful response
2022-11-01T21:04:52.688Z [info] : 	Code: F100  getAllBurgers  Function Called
2022-11-01T21:04:52.727Z [info] : 	Code: HTTP200,  getAllBurgers  Successful response
2022-11-01T21:05:47.160Z [info] : 	Code: F100  getAllBurgers  Function Called
2022-11-01T21:05:47.172Z [info] : 	Code: HTTP200,  getAllBurgers  Successful response
2022-11-01T21:06:32.167Z [info] : 	Code: F100  getAllBurgers  Function Called
2022-11-01T21:06:32.181Z [info] : 	Code: HTTP200,  getAllBurgers  Successful response
2022-11-01T21:08:26.721Z [info] : 	Code: F100  getAllBurgers  Function Called
2022-11-01T21:08:26.733Z [info] : 	Code: HTTP200,  getAllBurgers  Successful response
2022-11-01T21:09:08.037Z [info] : 	Code: F100  getAllBurgers  Function Called
2022-11-01T21:09:08.051Z [info] : 	Code: HTTP200,  getAllBurgers  Successful response
2022-11-01T21:13:42.138Z [info] : 	Code: F100  getAllBurgers  Function Called
2022-11-01T21:13:42.151Z [info] : 	Code: HTTP200,  getAllBurgers  Successful response
2022-11-01T21:14:29.145Z [info] : 	Code: F100  getAllBurgers  Function Called
2022-11-01T21:14:29.160Z [info] : 	Code: HTTP200,  getAllBurgers  Successful response
2022-11-01T21:18:58.075Z [info] : 	Code: F100  getAllBurgers  Function Called
2022-11-01T21:18:58.089Z [info] : 	Code: HTTP200,  getAllBurgers  Successful response
2022-11-01T21:21:23.438Z [info] : 	Code: F100  getAllBurgers  Function Called
2022-11-01T21:21:23.455Z [info] : 	Code: HTTP200,  getAllBurgers  Successful response
2022-11-01T21:25:51.912Z [info] : 	Code: F100  getAllBurgers  Function Called
2022-11-01T21:25:51.939Z [info] : 	Code: HTTP200,  getAllBurgers  Successful response
2022-11-01T21:27:44.483Z [info] : 	Code: F100  getAllBurgers  Function Called
2022-11-01T21:27:44.497Z [info] : 	Code: HTTP200,  getAllBurgers  Successful response
2022-11-01T21:31:22.571Z [info] : 	Code: F100  getAllBurgers  Function Called
2022-11-01T21:31:22.581Z [info] : 	Code: HTTP200,  getAllBurgers  Successful response
2022-11-01T21:31:53.888Z [info] : 	Code: F100  createOrder  Function Called
2022-11-01T21:31:53.997Z [info] : 	Code: HTTP200,  createOrder  Successful response
2022-11-01T21:31:54.014Z [info] : 	Code: F100  getAllBurgers  Function Called
2022-11-01T21:31:54.022Z [info] : 	Code: HTTP200,  getAllBurgers  Successful response
2022-11-01T21:33:17.049Z [info] : 	Code: F100  editOrder  Function Called
2022-11-01T21:33:17.076Z [info] : 	Code: HTTP200,  editOrder  Successful response
2022-11-01T21:35:36.042Z [info] : 	Code: F100  editOrder  Function Called
2022-11-01T21:35:36.104Z [info] : 	Code: HTTP200,  editOrder  Successful response
2022-11-01T21:37:36.115Z [info] : 	Code: F100  getAllBurgers  Function Called
2022-11-01T21:37:36.154Z [info] : 	Code: HTTP200,  getAllBurgers  Successful response
2022-11-01T21:38:00.552Z [info] : 	Code: F100  editOrder  Function Called
2022-11-01T21:38:00.608Z [info] : 	Code: HTTP200,  editOrder  Successful response
2022-11-01T21:41:36.990Z [info] : 	Code: F100  getAllBurgers  Function Called
2022-11-01T21:41:37.029Z [info] : 	Code: HTTP200,  getAllBurgers  Successful response
2022-11-01T21:41:54.968Z [info] : 	Code: F100  editOrder  Function Called
2022-11-01T21:41:55.032Z [info] : 	Code: HTTP200,  editOrder  Successful response
2022-11-01T21:43:19.124Z [info] : 	Code: F100  getAllBurgers  Function Called
2022-11-01T21:43:19.175Z [info] : 	Code: HTTP200,  getAllBurgers  Successful response
2022-11-01T21:43:32.567Z [info] : 	Code: F100  editOrder  Function Called
2022-11-01T21:43:32.624Z [info] : 	Code: HTTP200,  editOrder  Successful response
2022-11-01T21:43:32.674Z [info] : 	Code: F100  getAllBurgers  Function Called
