2022-11-14T22:02:44.471Z [info] : 	Code: F100  getAllHistoryOrders  Function Called
2022-11-14T22:02:44.511Z [info] : 	Code: HTTP200,  getAllHistoryOrders  Successful response
2022-11-14T22:02:51.839Z [info] : 	Code: F100  getAllHistoryOrders  Function Called
2022-11-14T22:02:51.854Z [info] : 	Code: HTTP200,  getAllHistoryOrders  Successful response
2022-11-14T22:03:06.047Z [info] : 	Code: F100  getAllBurgers  Function Called
2022-11-14T22:03:06.063Z [info] : 	Code: HTTP200,  getAllBurgers  Successful response
2022-11-14T22:03:07.246Z [info] : 	Code: F100  getAllHistoryOrders  Function Called
2022-11-14T22:03:07.260Z [info] : 	Code: HTTP200,  getAllHistoryOrders  Successful response
2022-11-14T22:04:23.276Z [info] : 	Code: F100  getAllHistoryOrders  Function Called
2022-11-14T22:04:23.298Z [info] : 	Code: HTTP200,  getAllHistoryOrders  Successful response
2022-11-14T22:05:19.049Z [info] : 	Code: F100  getAllHistoryOrders  Function Called
2022-11-14T22:05:19.071Z [info] : 	Code: HTTP200,  getAllHistoryOrders  Successful response
2022-11-14T22:05:28.967Z [info] : 	Code: F100  getAllHistoryOrders  Function Called
2022-11-14T22:05:28.978Z [info] : 	Code: HTTP200,  getAllHistoryOrders  Successful response
2022-11-14T22:23:52.354Z [info] : 	Code: F100  getAllHistoryOrders  Function Called
2022-11-14T22:23:52.383Z [info] : 	Code: HTTP200,  getAllHistoryOrders  Successful response
2022-11-14T22:24:09.473Z [info] : 	Code: F100  getAllHistoryOrders  Function Called
2022-11-14T22:24:09.494Z [info] : 	Code: HTTP200,  getAllHistoryOrders  Successful response
2022-11-14T22:24:22.783Z [info] : 	Code: F100  getAllHistoryOrders  Function Called
2022-11-14T22:24:22.803Z [info] : 	Code: HTTP200,  getAllHistoryOrders  Successful response
2022-11-14T22:25:04.774Z [info] : 	Code: F100  getAllHistoryOrders  Function Called
2022-11-14T22:25:04.814Z [info] : 	Code: HTTP200,  getAllHistoryOrders  Successful response
2022-11-14T22:32:42.464Z [info] : 	Code: F100  getAllHistoryOrders  Function Called
2022-11-14T22:32:42.483Z [info] : 	Code: HTTP200,  getAllHistoryOrders  Successful response
2022-11-14T22:32:58.062Z [info] : 	Code: F100  getAllHistoryOrders  Function Called
2022-11-14T22:32:58.084Z [info] : 	Code: HTTP200,  getAllHistoryOrders  Successful response
2022-11-14T22:33:18.544Z [info] : 	Code: F100  getAllHistoryOrders  Function Called
2022-11-14T22:33:18.572Z [info] : 	Code: HTTP200,  getAllHistoryOrders  Successful response
2022-11-14T22:33:27.233Z [info] : 	Code: F100  getAllHistoryOrders  Function Called
2022-11-14T22:33:27.240Z [info] : 	Code: HTTP200,  getAllHistoryOrders  Successful response
2022-11-14T22:34:08.326Z [info] : 	Code: F100  getAllHistoryOrders  Function Called
2022-11-14T22:34:08.343Z [info] : 	Code: HTTP200,  getAllHistoryOrders  Successful response
2022-11-14T22:36:32.803Z [info] : 	Code: F100  getAllHistoryOrders  Function Called
2022-11-14T22:36:32.824Z [info] : 	Code: HTTP200,  getAllHistoryOrders  Successful response
2022-11-14T22:36:38.433Z [info] : 	Code: F100  getAllHistoryOrders  Function Called
2022-11-14T22:36:38.443Z [info] : 	Code: HTTP200,  getAllHistoryOrders  Successful response
2022-11-14T22:36:55.944Z [info] : 	Code: F100  getAllHistoryOrders  Function Called
2022-11-14T22:36:55.960Z [info] : 	Code: HTTP200,  getAllHistoryOrders  Successful response
2022-11-14T22:37:32.541Z [info] : 	Code: F100  getAllHistoryOrders  Function Called
2022-11-14T22:37:32.559Z [info] : 	Code: HTTP200,  getAllHistoryOrders  Successful response
2022-11-14T22:37:39.844Z [info] : 	Code: F100  getAllHistoryOrders  Function Called
2022-11-14T22:37:39.854Z [info] : 	Code: HTTP200,  getAllHistoryOrders  Successful response
2022-11-14T22:44:53.740Z [info] : 	Code: F100  getAllHistoryOrders  Function Called
2022-11-14T22:44:53.759Z [info] : 	Code: HTTP200,  getAllHistoryOrders  Successful response
2022-11-14T22:45:17.412Z [info] : 	Code: F100  getAllHistoryOrders  Function Called
2022-11-14T22:45:17.424Z [info] : 	Code: HTTP200,  getAllHistoryOrders  Successful response
2022-11-14T22:45:20.362Z [info] : 	Code: F100  getAllHistoryOrders  Function Called
2022-11-14T22:45:20.373Z [info] : 	Code: HTTP200,  getAllHistoryOrders  Successful response
2022-11-14T22:53:33.535Z [info] : 	Code: F100  getAllHistoryOrders  Function Called
2022-11-14T22:53:33.550Z [info] : 	Code: HTTP200,  getAllHistoryOrders  Successful response
2022-11-14T22:54:50.533Z [info] : 	Code: F100  getAllHistoryOrders  Function Called
2022-11-14T22:54:50.551Z [info] : 	Code: HTTP200,  getAllHistoryOrders  Successful response
2022-11-14T22:55:32.930Z [info] : 	Code: F100  getAllHistoryOrders  Function Called
2022-11-14T22:55:32.942Z [info] : 	Code: HTTP200,  getAllHistoryOrders  Successful response
2022-11-14T22:56:32.257Z [info] : 	Code: F100  getAllHistoryOrders  Function Called
2022-11-14T22:56:32.274Z [info] : 	Code: HTTP200,  getAllHistoryOrders  Successful response
2022-11-14T22:56:33.488Z [info] : 	Code: F100  getAllHistoryOrders  Function Called
2022-11-14T22:56:33.497Z [info] : 	Code: HTTP200,  getAllHistoryOrders  Successful response
2022-11-14T22:57:04.834Z [info] : 	Code: F100  getAllHistoryOrders  Function Called
2022-11-14T22:57:04.848Z [info] : 	Code: HTTP200,  getAllHistoryOrders  Successful response
2022-11-14T22:57:12.547Z [info] : 	Code: F100  getAllHistoryOrders  Function Called
2022-11-14T22:57:12.555Z [info] : 	Code: HTTP200,  getAllHistoryOrders  Successful response
2022-11-14T22:58:27.039Z [info] : 	Code: F100  getAllHistoryOrders  Function Called
2022-11-14T22:58:27.056Z [info] : 	Code: HTTP200,  getAllHistoryOrders  Successful response
2022-11-14T22:58:41.917Z [info] : 	Code: F100  getAllHistoryOrders  Function Called
2022-11-14T22:58:41.930Z [info] : 	Code: HTTP200,  getAllHistoryOrders  Successful response
2022-11-14T23:00:25.699Z [info] : 	Code: F100  getAllHistoryOrders  Function Called
2022-11-14T23:00:25.716Z [info] : 	Code: HTTP200,  getAllHistoryOrders  Successful response
2022-11-14T23:00:48.139Z [info] : 	Code: F100  getAllHistoryOrders  Function Called
2022-11-14T23:00:48.153Z [info] : 	Code: HTTP200,  getAllHistoryOrders  Successful response
2022-11-14T23:01:10.225Z [info] : 	Code: F100  getAllHistoryOrders  Function Called
2022-11-14T23:01:10.237Z [info] : 	Code: HTTP200,  getAllHistoryOrders  Successful response
2022-11-14T23:01:22.805Z [info] : 	Code: F100  getAllHistoryOrders  Function Called
2022-11-14T23:01:22.819Z [info] : 	Code: HTTP200,  getAllHistoryOrders  Successful response
2022-11-14T23:01:53.210Z [info] : 	Code: F100  getAllHistoryOrders  Function Called
2022-11-14T23:01:53.222Z [info] : 	Code: HTTP200,  getAllHistoryOrders  Successful response
2022-11-14T23:02:07.565Z [info] : 	Code: F100  getAllHistoryOrders  Function Called
2022-11-14T23:02:07.580Z [info] : 	Code: HTTP200,  getAllHistoryOrders  Successful response
2022-11-14T23:06:55.030Z [info] : 	Code: F100  getAllHistoryOrders  Function Called
2022-11-14T23:06:55.036Z [error] : 	Code: HTTP400,  getAllHistoryOrders  Catch error
2022-11-14T23:07:47.313Z [info] : 	Code: F100  getAllHistoryOrders  Function Called
2022-11-14T23:07:47.315Z [error] : 	Code: HTTP400,  getAllHistoryOrders  Catch error
2022-11-14T23:08:11.489Z [info] : 	Code: F100  getAllHistoryOrders  Function Called
2022-11-14T23:08:11.491Z [error] : 	Code: HTTP400,  getAllHistoryOrders  Catch error
2022-11-14T23:08:14.721Z [info] : 	Code: F100  getAllHistoryOrders  Function Called
2022-11-14T23:08:14.722Z [error] : 	Code: HTTP400,  getAllHistoryOrders  Catch error
2022-11-14T23:08:23.429Z [info] : 	Code: F100  getAllHistoryOrders  Function Called
2022-11-14T23:08:23.431Z [error] : 	Code: HTTP400,  getAllHistoryOrders  Catch error
2022-11-14T23:08:54.841Z [info] : 	Code: F100  getAllHistoryOrders  Function Called
2022-11-14T23:08:54.843Z [error] : 	Code: HTTP400,  getAllHistoryOrders  Catch error
2022-11-14T23:09:41.923Z [info] : 	Code: F100  getAllHistoryOrders  Function Called
2022-11-14T23:09:41.978Z [info] : 	Code: HTTP200,  getAllHistoryOrders  Successful response
2022-11-14T23:10:09.290Z [info] : 	Code: F100  getAllHistoryOrders  Function Called
2022-11-14T23:10:09.309Z [info] : 	Code: HTTP200,  getAllHistoryOrders  Successful response
2022-11-14T23:10:14.601Z [info] : 	Code: F100  getAllHistoryOrders  Function Called
2022-11-14T23:10:14.616Z [info] : 	Code: HTTP200,  getAllHistoryOrders  Successful response
2022-11-14T23:10:26.602Z [info] : 	Code: F100  getAllHistoryOrders  Function Called
2022-11-14T23:10:26.619Z [info] : 	Code: HTTP200,  getAllHistoryOrders  Successful response
2022-11-14T23:10:44.085Z [info] : 	Code: F100  getAllHistoryOrders  Function Called
2022-11-14T23:10:44.103Z [info] : 	Code: HTTP200,  getAllHistoryOrders  Successful response
2022-11-14T23:10:49.765Z [info] : 	Code: F100  getAllHistoryOrders  Function Called
2022-11-14T23:10:49.778Z [info] : 	Code: HTTP200,  getAllHistoryOrders  Successful response
2022-11-14T23:11:38.511Z [info] : 	Code: F100  getAllHistoryOrders  Function Called
2022-11-14T23:11:38.528Z [info] : 	Code: HTTP200,  getAllHistoryOrders  Successful response
2022-11-14T23:12:29.146Z [info] : 	Code: F100  getAllBurgers  Function Called
2022-11-14T23:12:29.186Z [info] : 	Code: HTTP200,  getAllBurgers  Successful response
2022-11-14T23:14:04.304Z [info] : 	Code: F100  getAllHistoryOrders  Function Called
2022-11-14T23:14:04.326Z [info] : 	Code: HTTP200,  getAllHistoryOrders  Successful response
2022-11-14T23:15:21.274Z [info] : 	Code: F100  getAllBurgers  Function Called
2022-11-14T23:15:21.297Z [info] : 	Code: HTTP200,  getAllBurgers  Successful response
2022-11-14T23:15:44.355Z [info] : 	Code: F100  getAllHistoryOrders  Function Called
2022-11-14T23:15:44.375Z [info] : 	Code: HTTP200,  getAllHistoryOrders  Successful response
2022-11-14T23:18:17.757Z [info] : 	Code: F100  getAllHistoryOrders  Function Called
2022-11-14T23:18:17.783Z [info] : 	Code: HTTP200,  getAllHistoryOrders  Successful response
2022-11-14T23:20:07.820Z [info] : 	Code: F100  getAllHistoryOrders  Function Called
2022-11-14T23:20:07.843Z [info] : 	Code: HTTP200,  getAllHistoryOrders  Successful response
2022-11-14T23:20:16.256Z [info] : 	Code: F100  getAllHistoryOrders  Function Called
2022-11-14T23:20:16.265Z [info] : 	Code: HTTP200,  getAllHistoryOrders  Successful response
2022-11-14T23:20:44.460Z [info] : 	Code: F100  getAllHistoryOrders  Function Called
2022-11-14T23:20:44.474Z [info] : 	Code: HTTP200,  getAllHistoryOrders  Successful response
2022-11-14T23:21:53.271Z [info] : 	Code: F100  getAllHistoryOrders  Function Called
2022-11-14T23:21:53.283Z [info] : 	Code: HTTP200,  getAllHistoryOrders  Successful response
2022-11-14T23:22:36.094Z [info] : 	Code: F100  getAllHistoryOrders  Function Called
2022-11-14T23:22:36.115Z [info] : 	Code: HTTP200,  getAllHistoryOrders  Successful response
2022-11-14T23:23:16.255Z [info] : 	Code: F100  getAllHistoryOrders  Function Called
2022-11-14T23:23:16.271Z [info] : 	Code: HTTP200,  getAllHistoryOrders  Successful response
2022-11-14T23:27:11.658Z [info] : 	Code: F100  getAllHistoryOrders  Function Called
2022-11-14T23:27:11.713Z [info] : 	Code: HTTP200,  getAllHistoryOrders  Successful response
2022-11-14T23:28:39.330Z [info] : 	Code: F100  getAllHistoryOrders  Function Called
2022-11-14T23:28:39.360Z [info] : 	Code: HTTP200,  getAllHistoryOrders  Successful response
2022-11-14T23:33:18.816Z [info] : 	Code: F100  getAllHistoryOrders  Function Called
2022-11-14T23:33:18.838Z [info] : 	Code: HTTP200,  getAllHistoryOrders  Successful response
2022-11-14T23:34:09.159Z [info] : 	Code: F100  getAllHistoryOrders  Function Called
2022-11-14T23:34:09.176Z [info] : 	Code: HTTP200,  getAllHistoryOrders  Successful response
2022-11-14T23:34:40.436Z [info] : 	Code: F100  getAllHistoryOrders  Function Called
2022-11-14T23:34:40.457Z [info] : 	Code: HTTP200,  getAllHistoryOrders  Successful response
2022-11-14T23:35:30.235Z [info] : 	Code: F100  getAllHistoryOrders  Function Called
2022-11-14T23:35:30.252Z [info] : 	Code: HTTP200,  getAllHistoryOrders  Successful response
2022-11-14T23:37:10.890Z [info] : 	Code: F100  getAllHistoryOrders  Function Called
2022-11-14T23:37:10.912Z [info] : 	Code: HTTP200,  getAllHistoryOrders  Successful response
2022-11-14T23:37:17.649Z [info] : 	Code: F100  getAllHistoryOrders  Function Called
2022-11-14T23:37:17.660Z [info] : 	Code: HTTP200,  getAllHistoryOrders  Successful response
2022-11-14T23:37:31.556Z [info] : 	Code: F100  getAllHistoryOrders  Function Called
2022-11-14T23:37:31.572Z [info] : 	Code: HTTP200,  getAllHistoryOrders  Successful response
2022-11-14T23:38:11.295Z [info] : 	Code: F100  getAllHistoryOrders  Function Called
2022-11-14T23:38:11.318Z [info] : 	Code: HTTP200,  getAllHistoryOrders  Successful response
2022-11-14T23:41:06.355Z [info] : 	Code: F100  getAllHistoryOrders  Function Called
2022-11-14T23:41:06.373Z [info] : 	Code: HTTP200,  getAllHistoryOrders  Successful response
2022-11-14T23:41:22.446Z [info] : 	Code: F100  getAllHistoryOrders  Function Called
2022-11-14T23:41:22.464Z [info] : 	Code: HTTP200,  getAllHistoryOrders  Successful response
2022-11-14T23:41:25.421Z [info] : 	Code: F100  getAllHistoryOrders  Function Called
2022-11-14T23:41:25.431Z [info] : 	Code: HTTP200,  getAllHistoryOrders  Successful response
2022-11-14T23:43:16.519Z [info] : 	Code: F100  getAllHistoryOrders  Function Called
2022-11-14T23:43:16.553Z [info] : 	Code: HTTP200,  getAllHistoryOrders  Successful response
2022-11-14T23:44:11.582Z [info] : 	Code: F100  getAllHistoryOrders  Function Called
2022-11-14T23:44:11.600Z [info] : 	Code: HTTP200,  getAllHistoryOrders  Successful response
2022-11-14T23:47:35.964Z [info] : 	Code: F100  getAllHistoryOrders  Function Called
2022-11-14T23:47:35.983Z [info] : 	Code: HTTP200,  getAllHistoryOrders  Successful response
2022-11-14T23:48:03.496Z [info] : 	Code: F100  getAllHistoryOrders  Function Called
2022-11-14T23:48:03.516Z [info] : 	Code: HTTP200,  getAllHistoryOrders  Successful response
2022-11-14T23:48:08.296Z [info] : 	Code: F100  getAllHistoryOrders  Function Called
2022-11-14T23:48:08.309Z [info] : 	Code: HTTP200,  getAllHistoryOrders  Successful response
2022-11-14T23:48:47.216Z [info] : 	Code: F100  getAllHistoryOrders  Function Called
2022-11-14T23:48:47.231Z [info] : 	Code: HTTP200,  getAllHistoryOrders  Successful response
2022-11-14T23:49:26.168Z [info] : 	Code: F100  getAllHistoryOrders  Function Called
2022-11-14T23:49:26.184Z [info] : 	Code: HTTP200,  getAllHistoryOrders  Successful response
2022-11-14T23:53:09.904Z [info] : 	Code: F100  getAllHistoryOrders  Function Called
2022-11-14T23:53:09.947Z [error] : 	Code: HTTP400,  getAllHistoryOrders  Catch error
2022-11-14T23:54:13.778Z [info] : 	Code: F100  getAllHistoryOrders  Function Called
2022-11-14T23:54:13.821Z [info] : 	Code: HTTP200,  getAllHistoryOrders  Successful response
2022-11-14T23:54:49.921Z [info] : 	Code: F100  getAllHistoryOrders  Function Called
2022-11-14T23:54:49.943Z [info] : 	Code: HTTP200,  getAllHistoryOrders  Successful response
2022-11-14T23:55:10.623Z [info] : 	Code: F100  getAllHistoryOrders  Function Called
2022-11-14T23:55:10.643Z [info] : 	Code: HTTP200,  getAllHistoryOrders  Successful response
2022-11-14T23:55:55.882Z [info] : 	Code: F100  getAllHistoryOrders  Function Called
2022-11-14T23:55:55.901Z [info] : 	Code: HTTP200,  getAllHistoryOrders  Successful response
2022-11-14T23:56:07.300Z [info] : 	Code: F100  getAllHistoryOrders  Function Called
2022-11-14T23:56:07.317Z [info] : 	Code: HTTP200,  getAllHistoryOrders  Successful response
2022-11-14T23:56:19.375Z [info] : 	Code: F100  getAllHistoryOrders  Function Called
2022-11-14T23:56:19.391Z [info] : 	Code: HTTP200,  getAllHistoryOrders  Successful response
2022-11-14T23:56:30.207Z [info] : 	Code: F100  getAllHistoryOrders  Function Called
2022-11-14T23:56:30.227Z [info] : 	Code: HTTP200,  getAllHistoryOrders  Successful response
2022-11-14T23:56:54.933Z [info] : 	Code: F100  getAllHistoryOrders  Function Called
2022-11-14T23:56:54.953Z [info] : 	Code: HTTP200,  getAllHistoryOrders  Successful response
2022-11-14T23:57:27.683Z [info] : 	Code: F100  getAllHistoryOrders  Function Called
2022-11-14T23:57:27.711Z [info] : 	Code: HTTP200,  getAllHistoryOrders  Successful response
2022-11-14T23:58:29.107Z [info] : 	Code: F100  getAllBurgers  Function Called
2022-11-14T23:58:29.139Z [info] : 	Code: HTTP200,  getAllBurgers  Successful response
2022-11-14T23:58:33.214Z [info] : 	Code: F100  getAllBurgers  Function Called
2022-11-14T23:58:33.232Z [info] : 	Code: HTTP200,  getAllBurgers  Successful response
2022-11-14T23:58:37.989Z [info] : 	Code: F100  getAllBurgers  Function Called
2022-11-14T23:58:38.009Z [info] : 	Code: HTTP200,  getAllBurgers  Successful response
2022-11-14T23:58:40.973Z [info] : 	Code: F100  getAllBurgers  Function Called
2022-11-14T23:58:40.996Z [info] : 	Code: HTTP200,  getAllBurgers  Successful response
2022-11-14T23:58:42.729Z [info] : 	Code: F100  getAllBurgers  Function Called
2022-11-14T23:58:42.743Z [info] : 	Code: HTTP200,  getAllBurgers  Successful response
2022-11-14T23:58:46.039Z [info] : 	Code: F100  getAllBurgers  Function Called
2022-11-14T23:58:46.052Z [info] : 	Code: HTTP200,  getAllBurgers  Successful response
2022-11-14T23:59:14.655Z [info] : 	Code: F100  getAllBurgers  Function Called
2022-11-14T23:59:14.670Z [info] : 	Code: HTTP200,  getAllBurgers  Successful response
2022-11-14T23:59:17.569Z [info] : 	Code: F100  getAllHistoryOrders  Function Called
2022-11-14T23:59:17.580Z [info] : 	Code: HTTP200,  getAllHistoryOrders  Successful response
